{"C:\\Users\\dharm\\Desktop\\Testing\\IT314-G34---Healthcare-Provider-Comparison-Platform\\HealNexus\\Backend\\Nodemailer\\emailTemplates.js": {"path":"C:\\Users\\dharm\\Desktop\\Testing\\IT314-G34---Healthcare-Provider-Comparison-Platform\\HealNexus\\Backend\\Nodemailer\\emailTemplates.js","statementMap":{"0":{"start":{"line":1,"column":33},"end":{"line":53,"column":1}},"1":{"start":{"line":55,"column":29},"end":{"line":108,"column":1}},"2":{"start":{"line":110,"column":35},"end":{"line":157,"column":1}},"3":{"start":{"line":159,"column":37},"end":{"line":205,"column":1}}},"fnMap":{},"branchMap":{},"s":{"0":39,"1":39,"2":39,"3":39},"f":{},"b":{},"_coverageSchema":"1a1c01bbd47fc00a2c39e90264f33305004495a9","hash":"326708e8750195977091836e038f8072de8fb578"}
,"C:\\Users\\dharm\\Desktop\\Testing\\IT314-G34---Healthcare-Provider-Comparison-Platform\\HealNexus\\Backend\\Nodemailer\\sendPasswordResetEmail.js": {"path":"C:\\Users\\dharm\\Desktop\\Testing\\IT314-G34---Healthcare-Provider-Comparison-Platform\\HealNexus\\Backend\\Nodemailer\\sendPasswordResetEmail.js","statementMap":{"0":{"start":{"line":8,"column":31},"end":{"line":45,"column":1}},"1":{"start":{"line":9,"column":2},"end":{"line":44,"column":3}},"2":{"start":{"line":10,"column":24},"end":{"line":18,"column":6}},"3":{"start":{"line":20,"column":23},"end":{"line":20,"column":53}},"4":{"start":{"line":21,"column":22},"end":{"line":21,"column":41}},"5":{"start":{"line":22,"column":21},"end":{"line":22,"column":70}},"6":{"start":{"line":23,"column":43},"end":{"line":23,"column":109}},"7":{"start":{"line":25,"column":24},"end":{"line":38,"column":5}},"8":{"start":{"line":40,"column":4},"end":{"line":40,"column":44}},"9":{"start":{"line":42,"column":17},"end":{"line":42,"column":99}},"10":{"start":{"line":43,"column":4},"end":{"line":43,"column":24}}},"fnMap":{"0":{"name":"(anonymous_0)","decl":{"start":{"line":8,"column":31},"end":{"line":8,"column":32}},"loc":{"start":{"line":8,"column":69},"end":{"line":45,"column":1}},"line":8}},"branchMap":{"0":{"loc":{"start":{"line":28,"column":61},"end":{"line":28,"column":98}},"type":"binary-expr","locations":[{"start":{"line":28,"column":61},"end":{"line":28,"column":69}},{"start":{"line":28,"column":73},"end":{"line":28,"column":98}}],"line":28}},"s":{"0":39,"1":1,"2":1,"3":1,"4":1,"5":1,"6":1,"7":1,"8":1,"9":1,"10":1},"f":{"0":1},"b":{"0":[1,0]},"_coverageSchema":"1a1c01bbd47fc00a2c39e90264f33305004495a9","hash":"49f4b22e1d7b8af4ca580e8e60fee64f0c99ed0d"}
,"C:\\Users\\dharm\\Desktop\\Testing\\IT314-G34---Healthcare-Provider-Comparison-Platform\\HealNexus\\Backend\\Nodemailer\\sendResetSuccessfulMail.js": {"path":"C:\\Users\\dharm\\Desktop\\Testing\\IT314-G34---Healthcare-Provider-Comparison-Platform\\HealNexus\\Backend\\Nodemailer\\sendResetSuccessfulMail.js","statementMap":{"0":{"start":{"line":8,"column":32},"end":{"line":45,"column":1}},"1":{"start":{"line":9,"column":2},"end":{"line":44,"column":3}},"2":{"start":{"line":10,"column":24},"end":{"line":18,"column":6}},"3":{"start":{"line":20,"column":23},"end":{"line":20,"column":53}},"4":{"start":{"line":21,"column":22},"end":{"line":21,"column":41}},"5":{"start":{"line":22,"column":21},"end":{"line":22,"column":70}},"6":{"start":{"line":23,"column":47},"end":{"line":23,"column":120}},"7":{"start":{"line":25,"column":24},"end":{"line":38,"column":5}},"8":{"start":{"line":40,"column":4},"end":{"line":40,"column":44}},"9":{"start":{"line":42,"column":17},"end":{"line":42,"column":90}},"10":{"start":{"line":43,"column":4},"end":{"line":43,"column":24}}},"fnMap":{"0":{"name":"(anonymous_0)","decl":{"start":{"line":8,"column":32},"end":{"line":8,"column":33}},"loc":{"start":{"line":8,"column":59},"end":{"line":45,"column":1}},"line":8}},"branchMap":{"0":{"loc":{"start":{"line":28,"column":63},"end":{"line":28,"column":100}},"type":"binary-expr","locations":[{"start":{"line":28,"column":63},"end":{"line":28,"column":71}},{"start":{"line":28,"column":75},"end":{"line":28,"column":100}}],"line":28}},"s":{"0":39,"1":1,"2":1,"3":1,"4":1,"5":1,"6":1,"7":1,"8":1,"9":1,"10":1},"f":{"0":1},"b":{"0":[1,0]},"_coverageSchema":"1a1c01bbd47fc00a2c39e90264f33305004495a9","hash":"f050301d08b944d8cb5aa04b6a4effd66a47e491"}
,"C:\\Users\\dharm\\Desktop\\Testing\\IT314-G34---Healthcare-Provider-Comparison-Platform\\HealNexus\\Backend\\Nodemailer\\sendVerificationCode.js": {"path":"C:\\Users\\dharm\\Desktop\\Testing\\IT314-G34---Healthcare-Provider-Comparison-Platform\\HealNexus\\Backend\\Nodemailer\\sendVerificationCode.js","statementMap":{"0":{"start":{"line":8,"column":29},"end":{"line":45,"column":1}},"1":{"start":{"line":9,"column":2},"end":{"line":44,"column":3}},"2":{"start":{"line":10,"column":24},"end":{"line":18,"column":6}},"3":{"start":{"line":20,"column":23},"end":{"line":20,"column":53}},"4":{"start":{"line":21,"column":22},"end":{"line":21,"column":41}},"5":{"start":{"line":22,"column":21},"end":{"line":22,"column":70}},"6":{"start":{"line":23,"column":41},"end":{"line":23,"column":110}},"7":{"start":{"line":25,"column":24},"end":{"line":38,"column":5}},"8":{"start":{"line":40,"column":4},"end":{"line":40,"column":44}},"9":{"start":{"line":42,"column":17},"end":{"line":42,"column":95}},"10":{"start":{"line":43,"column":4},"end":{"line":43,"column":24}}},"fnMap":{"0":{"name":"(anonymous_0)","decl":{"start":{"line":8,"column":29},"end":{"line":8,"column":30}},"loc":{"start":{"line":8,"column":74},"end":{"line":45,"column":1}},"line":8}},"branchMap":{"0":{"loc":{"start":{"line":28,"column":68},"end":{"line":28,"column":105}},"type":"binary-expr","locations":[{"start":{"line":28,"column":68},"end":{"line":28,"column":84}},{"start":{"line":28,"column":88},"end":{"line":28,"column":105}}],"line":28},"1":{"loc":{"start":{"line":28,"column":129},"end":{"line":28,"column":166}},"type":"binary-expr","locations":[{"start":{"line":28,"column":129},"end":{"line":28,"column":137}},{"start":{"line":28,"column":141},"end":{"line":28,"column":166}}],"line":28}},"s":{"0":39,"1":2,"2":2,"3":2,"4":2,"5":2,"6":2,"7":2,"8":2,"9":2,"10":2},"f":{"0":2},"b":{"0":[2,0],"1":[2,0]},"_coverageSchema":"1a1c01bbd47fc00a2c39e90264f33305004495a9","hash":"c54b6c21ad2faa7f9537dab9e8700706cd6aa550"}
,"C:\\Users\\dharm\\Desktop\\Testing\\IT314-G34---Healthcare-Provider-Comparison-Platform\\HealNexus\\Backend\\Nodemailer\\sendWelcomeMail.js": {"path":"C:\\Users\\dharm\\Desktop\\Testing\\IT314-G34---Healthcare-Provider-Comparison-Platform\\HealNexus\\Backend\\Nodemailer\\sendWelcomeMail.js","statementMap":{"0":{"start":{"line":8,"column":24},"end":{"line":45,"column":1}},"1":{"start":{"line":9,"column":2},"end":{"line":44,"column":3}},"2":{"start":{"line":10,"column":24},"end":{"line":18,"column":6}},"3":{"start":{"line":20,"column":23},"end":{"line":20,"column":53}},"4":{"start":{"line":21,"column":22},"end":{"line":21,"column":41}},"5":{"start":{"line":22,"column":21},"end":{"line":22,"column":70}},"6":{"start":{"line":23,"column":37},"end":{"line":23,"column":97}},"7":{"start":{"line":25,"column":24},"end":{"line":38,"column":5}},"8":{"start":{"line":40,"column":4},"end":{"line":40,"column":44}},"9":{"start":{"line":42,"column":17},"end":{"line":42,"column":85}},"10":{"start":{"line":43,"column":4},"end":{"line":43,"column":24}}},"fnMap":{"0":{"name":"(anonymous_0)","decl":{"start":{"line":8,"column":24},"end":{"line":8,"column":25}},"loc":{"start":{"line":8,"column":51},"end":{"line":45,"column":1}},"line":8}},"branchMap":{"0":{"loc":{"start":{"line":28,"column":55},"end":{"line":28,"column":92}},"type":"binary-expr","locations":[{"start":{"line":28,"column":55},"end":{"line":28,"column":63}},{"start":{"line":28,"column":67},"end":{"line":28,"column":92}}],"line":28}},"s":{"0":39,"1":1,"2":1,"3":1,"4":1,"5":1,"6":1,"7":1,"8":1,"9":1,"10":1},"f":{"0":1},"b":{"0":[1,0]},"_coverageSchema":"1a1c01bbd47fc00a2c39e90264f33305004495a9","hash":"424b39ad2e8f607b32dd6eeb01fcf89e18c004ce"}
,"C:\\Users\\dharm\\Desktop\\Testing\\IT314-G34---Healthcare-Provider-Comparison-Platform\\HealNexus\\Backend\\Utilites\\errorCodes.js": {"path":"C:\\Users\\dharm\\Desktop\\Testing\\IT314-G34---Healthcare-Provider-Comparison-Platform\\HealNexus\\Backend\\Utilites\\errorCodes.js","statementMap":{"0":{"start":{"line":1,"column":19},"end":{"line":9,"column":1}},"1":{"start":{"line":12,"column":16},"end":{"line":12,"column":37}},"2":{"start":{"line":13,"column":2},"end":{"line":15,"column":3}},"3":{"start":{"line":14,"column":4},"end":{"line":14,"column":59}},"4":{"start":{"line":17,"column":2},"end":{"line":20,"column":4}}},"fnMap":{"0":{"name":"getErrorDetails","decl":{"start":{"line":11,"column":9},"end":{"line":11,"column":24}},"loc":{"start":{"line":11,"column":56},"end":{"line":21,"column":1}},"line":11}},"branchMap":{"0":{"loc":{"start":{"line":11,"column":36},"end":{"line":11,"column":54}},"type":"default-arg","locations":[{"start":{"line":11,"column":52},"end":{"line":11,"column":54}}],"line":11},"1":{"loc":{"start":{"line":13,"column":2},"end":{"line":15,"column":3}},"type":"if","locations":[{"start":{"line":13,"column":2},"end":{"line":15,"column":3}},{"start":{},"end":{}}],"line":13},"2":{"loc":{"start":{"line":19,"column":32},"end":{"line":19,"column":73}},"type":"cond-expr","locations":[{"start":{"line":19,"column":48},"end":{"line":19,"column":68}},{"start":{"line":19,"column":71},"end":{"line":19,"column":73}}],"line":19}},"s":{"0":39,"1":50,"2":50,"3":0,"4":50},"f":{"0":50},"b":{"0":[19],"1":[0,50],"2":[31,19]},"_coverageSchema":"1a1c01bbd47fc00a2c39e90264f33305004495a9","hash":"9e3b5052e266733ef7010eda7c3210458606a856"}
,"C:\\Users\\dharm\\Desktop\\Testing\\IT314-G34---Healthcare-Provider-Comparison-Platform\\HealNexus\\Backend\\Utilites\\generateJWTTokenAndCookie.js": {"path":"C:\\Users\\dharm\\Desktop\\Testing\\IT314-G34---Healthcare-Provider-Comparison-Platform\\HealNexus\\Backend\\Utilites\\generateJWTTokenAndCookie.js","statementMap":{"0":{"start":{"line":3,"column":34},"end":{"line":17,"column":1}},"1":{"start":{"line":4,"column":16},"end":{"line":4,"column":42}},"2":{"start":{"line":5,"column":4},"end":{"line":7,"column":5}},"3":{"start":{"line":6,"column":8},"end":{"line":6,"column":46}},"4":{"start":{"line":9,"column":18},"end":{"line":9,"column":61}},"5":{"start":{"line":10,"column":4},"end":{"line":16,"column":6}}},"fnMap":{"0":{"name":"(anonymous_0)","decl":{"start":{"line":3,"column":34},"end":{"line":3,"column":35}},"loc":{"start":{"line":3,"column":51},"end":{"line":17,"column":1}},"line":3}},"branchMap":{"0":{"loc":{"start":{"line":5,"column":4},"end":{"line":7,"column":5}},"type":"if","locations":[{"start":{"line":5,"column":4},"end":{"line":7,"column":5}},{"start":{},"end":{}}],"line":5}},"s":{"0":39,"1":3,"2":3,"3":0,"4":3,"5":3},"f":{"0":3},"b":{"0":[0,3]},"_coverageSchema":"1a1c01bbd47fc00a2c39e90264f33305004495a9","hash":"336cf87e2634dffaa547921900f376d85cff1698"}
,"C:\\Users\\dharm\\Desktop\\Testing\\IT314-G34---Healthcare-Provider-Comparison-Platform\\HealNexus\\Backend\\Utilites\\generateVerificationCode.js": {"path":"C:\\Users\\dharm\\Desktop\\Testing\\IT314-G34---Healthcare-Provider-Comparison-Platform\\HealNexus\\Backend\\Utilites\\generateVerificationCode.js","statementMap":{"0":{"start":{"line":1,"column":33},"end":{"line":3,"column":1}},"1":{"start":{"line":2,"column":4},"end":{"line":2,"column":66}}},"fnMap":{"0":{"name":"(anonymous_0)","decl":{"start":{"line":1,"column":33},"end":{"line":1,"column":34}},"loc":{"start":{"line":1,"column":39},"end":{"line":3,"column":1}},"line":1}},"branchMap":{},"s":{"0":39,"1":3},"f":{"0":3},"b":{},"_coverageSchema":"1a1c01bbd47fc00a2c39e90264f33305004495a9","hash":"80db1d3efc29cb01d43153d0407052e2805d16aa"}
,"C:\\Users\\dharm\\Desktop\\Testing\\IT314-G34---Healthcare-Provider-Comparison-Platform\\HealNexus\\Backend\\Utilites\\options.js": {"path":"C:\\Users\\dharm\\Desktop\\Testing\\IT314-G34---Healthcare-Provider-Comparison-Platform\\HealNexus\\Backend\\Utilites\\options.js","statementMap":{"0":{"start":{"line":1,"column":17},"end":{"line":7,"column":1}},"1":{"start":{"line":9,"column":19},"end":{"line":13,"column":1}}},"fnMap":{},"branchMap":{},"s":{"0":39,"1":39},"f":{},"b":{},"_coverageSchema":"1a1c01bbd47fc00a2c39e90264f33305004495a9","hash":"d126c76a48d2d2ed507f0fb10c7969b911c21ae5"}
,"C:\\Users\\dharm\\Desktop\\Testing\\IT314-G34---Healthcare-Provider-Comparison-Platform\\HealNexus\\Backend\\api\\controllers\\admin.controller.js": {"path":"C:\\Users\\dharm\\Desktop\\Testing\\IT314-G34---Healthcare-Provider-Comparison-Platform\\HealNexus\\Backend\\api\\controllers\\admin.controller.js","statementMap":{"0":{"start":{"line":12,"column":24},"end":{"line":32,"column":1}},"1":{"start":{"line":13,"column":2},"end":{"line":31,"column":3}},"2":{"start":{"line":14,"column":25},"end":{"line":14,"column":67}},"3":{"start":{"line":15,"column":4},"end":{"line":17,"column":5}},"4":{"start":{"line":16,"column":6},"end":{"line":16,"column":86}},"5":{"start":{"line":18,"column":21},"end":{"line":21,"column":5}},"6":{"start":{"line":23,"column":18},"end":{"line":23,"column":44}},"7":{"start":{"line":24,"column":4},"end":{"line":26,"column":7}},"8":{"start":{"line":29,"column":27},"end":{"line":29,"column":109}},"9":{"start":{"line":30,"column":4},"end":{"line":30,"column":84}},"10":{"start":{"line":34,"column":27},"end":{"line":61,"column":1}},"11":{"start":{"line":35,"column":2},"end":{"line":60,"column":3}},"12":{"start":{"line":36,"column":37},"end":{"line":36,"column":45}},"13":{"start":{"line":37,"column":28},"end":{"line":40,"column":5}},"14":{"start":{"line":42,"column":23},"end":{"line":46,"column":5}},"15":{"start":{"line":48,"column":4},"end":{"line":50,"column":5}},"16":{"start":{"line":49,"column":6},"end":{"line":49,"column":66}},"17":{"start":{"line":52,"column":18},"end":{"line":52,"column":44}},"18":{"start":{"line":53,"column":4},"end":{"line":55,"column":7}},"19":{"start":{"line":58,"column":27},"end":{"line":58,"column":110}},"20":{"start":{"line":59,"column":4},"end":{"line":59,"column":84}},"21":{"start":{"line":63,"column":19},"end":{"line":77,"column":1}},"22":{"start":{"line":64,"column":2},"end":{"line":76,"column":3}},"23":{"start":{"line":65,"column":32},"end":{"line":65,"column":40}},"24":{"start":{"line":67,"column":4},"end":{"line":72,"column":5}},"25":{"start":{"line":68,"column":20},"end":{"line":68,"column":70}},"26":{"start":{"line":69,"column":6},"end":{"line":69,"column":41}},"27":{"start":{"line":71,"column":6},"end":{"line":71,"column":73}},"28":{"start":{"line":74,"column":4},"end":{"line":74,"column":25}},"29":{"start":{"line":75,"column":4},"end":{"line":75,"column":70}},"30":{"start":{"line":79,"column":27},"end":{"line":97,"column":1}},"31":{"start":{"line":80,"column":2},"end":{"line":96,"column":3}},"32":{"start":{"line":81,"column":20},"end":{"line":81,"column":64}},"33":{"start":{"line":82,"column":23},"end":{"line":90,"column":5}},"34":{"start":{"line":84,"column":21},"end":{"line":84,"column":55}},"35":{"start":{"line":85,"column":8},"end":{"line":88,"column":10}},"36":{"start":{"line":92,"column":4},"end":{"line":92,"column":56}},"37":{"start":{"line":94,"column":4},"end":{"line":94,"column":25}},"38":{"start":{"line":95,"column":4},"end":{"line":95,"column":70}},"39":{"start":{"line":99,"column":29},"end":{"line":117,"column":1}},"40":{"start":{"line":100,"column":2},"end":{"line":116,"column":3}},"41":{"start":{"line":101,"column":20},"end":{"line":101,"column":65}},"42":{"start":{"line":102,"column":25},"end":{"line":110,"column":7}},"43":{"start":{"line":104,"column":23},"end":{"line":104,"column":57}},"44":{"start":{"line":105,"column":10},"end":{"line":108,"column":12}},"45":{"start":{"line":112,"column":4},"end":{"line":112,"column":44}},"46":{"start":{"line":114,"column":4},"end":{"line":114,"column":25}},"47":{"start":{"line":115,"column":4},"end":{"line":115,"column":70}},"48":{"start":{"line":119,"column":22},"end":{"line":129,"column":1}},"49":{"start":{"line":120,"column":2},"end":{"line":128,"column":3}},"50":{"start":{"line":121,"column":25},"end":{"line":121,"column":35}},"51":{"start":{"line":122,"column":4},"end":{"line":122,"column":74}},"52":{"start":{"line":124,"column":4},"end":{"line":124,"column":44}},"53":{"start":{"line":126,"column":4},"end":{"line":126,"column":25}},"54":{"start":{"line":127,"column":4},"end":{"line":127,"column":70}},"55":{"start":{"line":131,"column":26},"end":{"line":141,"column":1}},"56":{"start":{"line":132,"column":2},"end":{"line":140,"column":3}},"57":{"start":{"line":133,"column":25},"end":{"line":133,"column":51}},"58":{"start":{"line":134,"column":4},"end":{"line":134,"column":45}},"59":{"start":{"line":137,"column":4},"end":{"line":137,"column":25}},"60":{"start":{"line":138,"column":4},"end":{"line":138,"column":70}},"61":{"start":{"line":143,"column":23},"end":{"line":198,"column":1}},"62":{"start":{"line":144,"column":2},"end":{"line":197,"column":3}},"63":{"start":{"line":145,"column":18},"end":{"line":145,"column":47}},"64":{"start":{"line":146,"column":20},"end":{"line":146,"column":48}},"65":{"start":{"line":147,"column":25},"end":{"line":147,"column":71}},"66":{"start":{"line":148,"column":27},"end":{"line":148,"column":62}},"67":{"start":{"line":149,"column":24},"end":{"line":149,"column":56}},"68":{"start":{"line":151,"column":33},"end":{"line":178,"column":5}},"69":{"start":{"line":154,"column":24},"end":{"line":154,"column":76}},"70":{"start":{"line":155,"column":23},"end":{"line":155,"column":73}},"71":{"start":{"line":158,"column":28},"end":{"line":158,"column":80}},"72":{"start":{"line":159,"column":27},"end":{"line":159,"column":77}},"73":{"start":{"line":162,"column":8},"end":{"line":165,"column":9}},"74":{"start":{"line":163,"column":10},"end":{"line":163,"column":67}},"75":{"start":{"line":164,"column":10},"end":{"line":164,"column":22}},"76":{"start":{"line":167,"column":8},"end":{"line":176,"column":10}},"77":{"start":{"line":181,"column":38},"end":{"line":181,"column":88}},"78":{"start":{"line":181,"column":74},"end":{"line":181,"column":87}},"79":{"start":{"line":183,"column":26},"end":{"line":190,"column":5}},"80":{"start":{"line":192,"column":4},"end":{"line":192,"column":108}},"81":{"start":{"line":195,"column":4},"end":{"line":195,"column":25}},"82":{"start":{"line":196,"column":4},"end":{"line":196,"column":70}}},"fnMap":{"0":{"name":"(anonymous_0)","decl":{"start":{"line":12,"column":24},"end":{"line":12,"column":25}},"loc":{"start":{"line":12,"column":44},"end":{"line":32,"column":1}},"line":12},"1":{"name":"(anonymous_1)","decl":{"start":{"line":34,"column":27},"end":{"line":34,"column":28}},"loc":{"start":{"line":34,"column":47},"end":{"line":61,"column":1}},"line":34},"2":{"name":"(anonymous_2)","decl":{"start":{"line":63,"column":19},"end":{"line":63,"column":20}},"loc":{"start":{"line":63,"column":39},"end":{"line":77,"column":1}},"line":63},"3":{"name":"(anonymous_3)","decl":{"start":{"line":79,"column":27},"end":{"line":79,"column":28}},"loc":{"start":{"line":79,"column":47},"end":{"line":97,"column":1}},"line":79},"4":{"name":"(anonymous_4)","decl":{"start":{"line":83,"column":18},"end":{"line":83,"column":19}},"loc":{"start":{"line":83,"column":36},"end":{"line":89,"column":7}},"line":83},"5":{"name":"(anonymous_5)","decl":{"start":{"line":99,"column":29},"end":{"line":99,"column":30}},"loc":{"start":{"line":99,"column":49},"end":{"line":117,"column":1}},"line":99},"6":{"name":"(anonymous_6)","decl":{"start":{"line":103,"column":20},"end":{"line":103,"column":21}},"loc":{"start":{"line":103,"column":38},"end":{"line":109,"column":9}},"line":103},"7":{"name":"(anonymous_7)","decl":{"start":{"line":119,"column":22},"end":{"line":119,"column":23}},"loc":{"start":{"line":119,"column":42},"end":{"line":129,"column":1}},"line":119},"8":{"name":"(anonymous_8)","decl":{"start":{"line":131,"column":26},"end":{"line":131,"column":27}},"loc":{"start":{"line":131,"column":46},"end":{"line":141,"column":1}},"line":131},"9":{"name":"(anonymous_9)","decl":{"start":{"line":143,"column":23},"end":{"line":143,"column":24}},"loc":{"start":{"line":143,"column":43},"end":{"line":198,"column":1}},"line":143},"10":{"name":"(anonymous_10)","decl":{"start":{"line":152,"column":23},"end":{"line":152,"column":24}},"loc":{"start":{"line":152,"column":46},"end":{"line":177,"column":7}},"line":152},"11":{"name":"(anonymous_11)","decl":{"start":{"line":181,"column":66},"end":{"line":181,"column":67}},"loc":{"start":{"line":181,"column":74},"end":{"line":181,"column":87}},"line":181}},"branchMap":{"0":{"loc":{"start":{"line":15,"column":4},"end":{"line":17,"column":5}},"type":"if","locations":[{"start":{"line":15,"column":4},"end":{"line":17,"column":5}},{"start":{},"end":{}}],"line":15},"1":{"loc":{"start":{"line":48,"column":4},"end":{"line":50,"column":5}},"type":"if","locations":[{"start":{"line":48,"column":4},"end":{"line":50,"column":5}},{"start":{},"end":{}}],"line":48},"2":{"loc":{"start":{"line":67,"column":4},"end":{"line":72,"column":5}},"type":"if","locations":[{"start":{"line":67,"column":4},"end":{"line":72,"column":5}},{"start":{"line":70,"column":11},"end":{"line":72,"column":5}}],"line":67},"3":{"loc":{"start":{"line":67,"column":8},"end":{"line":67,"column":84}},"type":"binary-expr","locations":[{"start":{"line":67,"column":8},"end":{"line":67,"column":41}},{"start":{"line":67,"column":45},"end":{"line":67,"column":84}}],"line":67},"4":{"loc":{"start":{"line":87,"column":20},"end":{"line":87,"column":38}},"type":"cond-expr","locations":[{"start":{"line":87,"column":27},"end":{"line":87,"column":31}},{"start":{"line":87,"column":34},"end":{"line":87,"column":38}}],"line":87},"5":{"loc":{"start":{"line":107,"column":22},"end":{"line":107,"column":40}},"type":"cond-expr","locations":[{"start":{"line":107,"column":29},"end":{"line":107,"column":33}},{"start":{"line":107,"column":36},"end":{"line":107,"column":40}}],"line":107},"6":{"loc":{"start":{"line":158,"column":28},"end":{"line":158,"column":80}},"type":"cond-expr","locations":[{"start":{"line":158,"column":38},"end":{"line":158,"column":73}},{"start":{"line":158,"column":76},"end":{"line":158,"column":80}}],"line":158},"7":{"loc":{"start":{"line":159,"column":27},"end":{"line":159,"column":77}},"type":"cond-expr","locations":[{"start":{"line":159,"column":36},"end":{"line":159,"column":70}},{"start":{"line":159,"column":73},"end":{"line":159,"column":77}}],"line":159},"8":{"loc":{"start":{"line":162,"column":8},"end":{"line":165,"column":9}},"type":"if","locations":[{"start":{"line":162,"column":8},"end":{"line":165,"column":9}},{"start":{},"end":{}}],"line":162},"9":{"loc":{"start":{"line":162,"column":12},"end":{"line":162,"column":39}},"type":"binary-expr","locations":[{"start":{"line":162,"column":12},"end":{"line":162,"column":24}},{"start":{"line":162,"column":28},"end":{"line":162,"column":39}}],"line":162}},"s":{"0":39,"1":2,"2":2,"3":2,"4":1,"5":1,"6":1,"7":1,"8":0,"9":0,"10":39,"11":2,"12":2,"13":2,"14":2,"15":2,"16":1,"17":1,"18":1,"19":0,"20":0,"21":39,"22":3,"23":3,"24":3,"25":2,"26":1,"27":1,"28":1,"29":1,"30":39,"31":2,"32":2,"33":2,"34":2,"35":2,"36":2,"37":0,"38":0,"39":39,"40":2,"41":2,"42":2,"43":1,"44":1,"45":2,"46":0,"47":0,"48":39,"49":1,"50":1,"51":1,"52":1,"53":0,"54":0,"55":39,"56":2,"57":2,"58":2,"59":0,"60":0,"61":39,"62":1,"63":1,"64":1,"65":1,"66":1,"67":1,"68":1,"69":1,"70":1,"71":1,"72":1,"73":1,"74":0,"75":0,"76":1,"77":1,"78":1,"79":1,"80":1,"81":0,"82":0},"f":{"0":2,"1":2,"2":3,"3":2,"4":2,"5":2,"6":1,"7":1,"8":2,"9":1,"10":1,"11":1},"b":{"0":[1,1],"1":[1,1],"2":[2,1],"3":[3,2],"4":[2,0],"5":[1,0],"6":[1,0],"7":[1,0],"8":[0,1],"9":[1,1]},"_coverageSchema":"1a1c01bbd47fc00a2c39e90264f33305004495a9","hash":"e5dbd6216f22761ad0da7b0776a7f3b83923dd09"}
,"C:\\Users\\dharm\\Desktop\\Testing\\IT314-G34---Healthcare-Provider-Comparison-Platform\\HealNexus\\Backend\\api\\controllers\\appointment.controller.js": {"path":"C:\\Users\\dharm\\Desktop\\Testing\\IT314-G34---Healthcare-Provider-Comparison-Platform\\HealNexus\\Backend\\api\\controllers\\appointment.controller.js","statementMap":{"0":{"start":{"line":7,"column":24},"end":{"line":48,"column":1}},"1":{"start":{"line":8,"column":2},"end":{"line":47,"column":3}},"2":{"start":{"line":9,"column":23},"end":{"line":9,"column":26}},"3":{"start":{"line":10,"column":45},"end":{"line":10,"column":53}},"4":{"start":{"line":12,"column":24},"end":{"line":12,"column":72}},"5":{"start":{"line":13,"column":23},"end":{"line":13,"column":61}},"6":{"start":{"line":15,"column":4},"end":{"line":17,"column":5}},"7":{"start":{"line":16,"column":6},"end":{"line":16,"column":78}},"8":{"start":{"line":19,"column":22},"end":{"line":19,"column":44}},"9":{"start":{"line":20,"column":4},"end":{"line":28,"column":5}},"10":{"start":{"line":21,"column":6},"end":{"line":25,"column":7}},"11":{"start":{"line":22,"column":8},"end":{"line":22,"column":102}},"12":{"start":{"line":24,"column":8},"end":{"line":24,"column":45}},"13":{"start":{"line":27,"column":6},"end":{"line":27,"column":41}},"14":{"start":{"line":30,"column":27},"end":{"line":37,"column":6}},"15":{"start":{"line":40,"column":4},"end":{"line":40,"column":32}},"16":{"start":{"line":41,"column":4},"end":{"line":41,"column":69}},"17":{"start":{"line":43,"column":4},"end":{"line":43,"column":73}},"18":{"start":{"line":45,"column":4},"end":{"line":45,"column":55}},"19":{"start":{"line":46,"column":4},"end":{"line":46,"column":68}},"20":{"start":{"line":51,"column":31},"end":{"line":91,"column":1}},"21":{"start":{"line":52,"column":2},"end":{"line":90,"column":3}},"22":{"start":{"line":53,"column":23},"end":{"line":53,"column":26}},"23":{"start":{"line":55,"column":24},"end":{"line":55,"column":69}},"24":{"start":{"line":56,"column":25},"end":{"line":56,"column":82}},"25":{"start":{"line":58,"column":31},"end":{"line":82,"column":6}},"26":{"start":{"line":59,"column":25},"end":{"line":59,"column":75}},"27":{"start":{"line":60,"column":31},"end":{"line":60,"column":69}},"28":{"start":{"line":62,"column":6},"end":{"line":81,"column":8}},"29":{"start":{"line":84,"column":32},"end":{"line":84,"column":69}},"30":{"start":{"line":85,"column":4},"end":{"line":85,"column":65}},"31":{"start":{"line":88,"column":4},"end":{"line":88,"column":31}},"32":{"start":{"line":89,"column":4},"end":{"line":89,"column":64}},"33":{"start":{"line":93,"column":26},"end":{"line":120,"column":1}},"34":{"start":{"line":94,"column":2},"end":{"line":119,"column":3}},"35":{"start":{"line":95,"column":23},"end":{"line":95,"column":26}},"36":{"start":{"line":96,"column":4},"end":{"line":96,"column":28}},"37":{"start":{"line":97,"column":30},"end":{"line":97,"column":40}},"38":{"start":{"line":98,"column":28},"end":{"line":98,"column":69}},"39":{"start":{"line":99,"column":24},"end":{"line":99,"column":67}},"40":{"start":{"line":101,"column":4},"end":{"line":103,"column":5}},"41":{"start":{"line":102,"column":6},"end":{"line":102,"column":85}},"42":{"start":{"line":105,"column":4},"end":{"line":105,"column":73}},"43":{"start":{"line":107,"column":45},"end":{"line":107,"column":60}},"44":{"start":{"line":108,"column":23},"end":{"line":108,"column":61}},"45":{"start":{"line":110,"column":22},"end":{"line":110,"column":44}},"46":{"start":{"line":111,"column":4},"end":{"line":111,"column":86}},"47":{"start":{"line":111,"column":62},"end":{"line":111,"column":85}},"48":{"start":{"line":113,"column":4},"end":{"line":113,"column":69}},"49":{"start":{"line":114,"column":4},"end":{"line":114,"column":77}},"50":{"start":{"line":117,"column":4},"end":{"line":117,"column":31}},"51":{"start":{"line":118,"column":4},"end":{"line":118,"column":76}},"52":{"start":{"line":122,"column":27},"end":{"line":148,"column":1}},"53":{"start":{"line":123,"column":2},"end":{"line":147,"column":3}},"54":{"start":{"line":124,"column":23},"end":{"line":124,"column":26}},"55":{"start":{"line":125,"column":30},"end":{"line":125,"column":40}},"56":{"start":{"line":126,"column":28},"end":{"line":126,"column":69}},"57":{"start":{"line":127,"column":24},"end":{"line":127,"column":67}},"58":{"start":{"line":129,"column":4},"end":{"line":131,"column":5}},"59":{"start":{"line":130,"column":6},"end":{"line":130,"column":85}},"60":{"start":{"line":133,"column":4},"end":{"line":133,"column":74}},"61":{"start":{"line":135,"column":45},"end":{"line":135,"column":60}},"62":{"start":{"line":136,"column":23},"end":{"line":136,"column":61}},"63":{"start":{"line":138,"column":22},"end":{"line":138,"column":44}},"64":{"start":{"line":139,"column":4},"end":{"line":139,"column":76}},"65":{"start":{"line":139,"column":62},"end":{"line":139,"column":75}},"66":{"start":{"line":141,"column":4},"end":{"line":141,"column":69}},"67":{"start":{"line":142,"column":4},"end":{"line":142,"column":87}},"68":{"start":{"line":145,"column":4},"end":{"line":145,"column":31}},"69":{"start":{"line":146,"column":4},"end":{"line":146,"column":76}}},"fnMap":{"0":{"name":"(anonymous_0)","decl":{"start":{"line":7,"column":24},"end":{"line":7,"column":25}},"loc":{"start":{"line":7,"column":44},"end":{"line":48,"column":1}},"line":7},"1":{"name":"(anonymous_1)","decl":{"start":{"line":51,"column":31},"end":{"line":51,"column":32}},"loc":{"start":{"line":51,"column":51},"end":{"line":91,"column":1}},"line":51},"2":{"name":"(anonymous_2)","decl":{"start":{"line":58,"column":48},"end":{"line":58,"column":49}},"loc":{"start":{"line":58,"column":71},"end":{"line":82,"column":5}},"line":58},"3":{"name":"(anonymous_3)","decl":{"start":{"line":93,"column":26},"end":{"line":93,"column":27}},"loc":{"start":{"line":93,"column":46},"end":{"line":120,"column":1}},"line":93},"4":{"name":"(anonymous_4)","decl":{"start":{"line":111,"column":57},"end":{"line":111,"column":58}},"loc":{"start":{"line":111,"column":62},"end":{"line":111,"column":85}},"line":111},"5":{"name":"(anonymous_5)","decl":{"start":{"line":122,"column":27},"end":{"line":122,"column":28}},"loc":{"start":{"line":122,"column":47},"end":{"line":148,"column":1}},"line":122},"6":{"name":"(anonymous_6)","decl":{"start":{"line":139,"column":57},"end":{"line":139,"column":58}},"loc":{"start":{"line":139,"column":62},"end":{"line":139,"column":75}},"line":139}},"branchMap":{"0":{"loc":{"start":{"line":15,"column":4},"end":{"line":17,"column":5}},"type":"if","locations":[{"start":{"line":15,"column":4},"end":{"line":17,"column":5}},{"start":{},"end":{}}],"line":15},"1":{"loc":{"start":{"line":15,"column":8},"end":{"line":15,"column":35}},"type":"binary-expr","locations":[{"start":{"line":15,"column":8},"end":{"line":15,"column":20}},{"start":{"line":15,"column":24},"end":{"line":15,"column":35}}],"line":15},"2":{"loc":{"start":{"line":20,"column":4},"end":{"line":28,"column":5}},"type":"if","locations":[{"start":{"line":20,"column":4},"end":{"line":28,"column":5}},{"start":{"line":26,"column":11},"end":{"line":28,"column":5}}],"line":20},"3":{"loc":{"start":{"line":21,"column":6},"end":{"line":25,"column":7}},"type":"if","locations":[{"start":{"line":21,"column":6},"end":{"line":25,"column":7}},{"start":{"line":23,"column":13},"end":{"line":25,"column":7}}],"line":21},"4":{"loc":{"start":{"line":101,"column":4},"end":{"line":103,"column":5}},"type":"if","locations":[{"start":{"line":101,"column":4},"end":{"line":103,"column":5}},{"start":{},"end":{}}],"line":101},"5":{"loc":{"start":{"line":129,"column":4},"end":{"line":131,"column":5}},"type":"if","locations":[{"start":{"line":129,"column":4},"end":{"line":131,"column":5}},{"start":{},"end":{}}],"line":129}},"s":{"0":39,"1":3,"2":3,"3":3,"4":3,"5":3,"6":3,"7":1,"8":2,"9":2,"10":1,"11":1,"12":0,"13":1,"14":1,"15":1,"16":1,"17":1,"18":0,"19":0,"20":39,"21":1,"22":1,"23":1,"24":1,"25":1,"26":1,"27":1,"28":1,"29":1,"30":1,"31":0,"32":0,"33":39,"34":1,"35":1,"36":1,"37":1,"38":1,"39":1,"40":1,"41":0,"42":1,"43":1,"44":1,"45":1,"46":1,"47":0,"48":0,"49":0,"50":1,"51":1,"52":39,"53":1,"54":1,"55":1,"56":1,"57":1,"58":1,"59":0,"60":1,"61":1,"62":1,"63":1,"64":1,"65":1,"66":1,"67":1,"68":0,"69":0},"f":{"0":3,"1":1,"2":1,"3":1,"4":0,"5":1,"6":1},"b":{"0":[1,2],"1":[3,3],"2":[1,1],"3":[1,0],"4":[0,1],"5":[0,1]},"_coverageSchema":"1a1c01bbd47fc00a2c39e90264f33305004495a9","hash":"74c2941a0850a038d95dc4c55b3244341a2e958f"}
,"C:\\Users\\dharm\\Desktop\\Testing\\IT314-G34---Healthcare-Provider-Comparison-Platform\\HealNexus\\Backend\\api\\controllers\\auth.controller.js": {"path":"C:\\Users\\dharm\\Desktop\\Testing\\IT314-G34---Healthcare-Provider-Comparison-Platform\\HealNexus\\Backend\\api\\controllers\\auth.controller.js","statementMap":{"0":{"start":{"line":16,"column":22},"end":{"line":19,"column":1}},"1":{"start":{"line":21,"column":15},"end":{"line":75,"column":1}},"2":{"start":{"line":22,"column":2},"end":{"line":74,"column":3}},"3":{"start":{"line":23,"column":65},"end":{"line":23,"column":73}},"4":{"start":{"line":24,"column":4},"end":{"line":27,"column":5}},"5":{"start":{"line":25,"column":20},"end":{"line":25,"column":99}},"6":{"start":{"line":26,"column":6},"end":{"line":26,"column":69}},"7":{"start":{"line":29,"column":31},"end":{"line":29,"column":58}},"8":{"start":{"line":30,"column":4},"end":{"line":37,"column":5}},"9":{"start":{"line":31,"column":6},"end":{"line":36,"column":7}},"10":{"start":{"line":32,"column":22},"end":{"line":32,"column":110}},"11":{"start":{"line":33,"column":8},"end":{"line":33,"column":71}},"12":{"start":{"line":35,"column":8},"end":{"line":35,"column":64}},"13":{"start":{"line":39,"column":4},"end":{"line":42,"column":5}},"14":{"start":{"line":40,"column":20},"end":{"line":40,"column":77}},"15":{"start":{"line":41,"column":6},"end":{"line":41,"column":69}},"16":{"start":{"line":44,"column":4},"end":{"line":47,"column":5}},"17":{"start":{"line":45,"column":20},"end":{"line":45,"column":72}},"18":{"start":{"line":46,"column":6},"end":{"line":46,"column":69}},"19":{"start":{"line":49,"column":17},"end":{"line":49,"column":41}},"20":{"start":{"line":50,"column":27},"end":{"line":50,"column":60}},"21":{"start":{"line":51,"column":29},"end":{"line":51,"column":55}},"22":{"start":{"line":53,"column":20},"end":{"line":60,"column":6}},"23":{"start":{"line":61,"column":4},"end":{"line":61,"column":25}},"24":{"start":{"line":62,"column":4},"end":{"line":62,"column":48}},"25":{"start":{"line":64,"column":18},"end":{"line":64,"column":44}},"26":{"start":{"line":65,"column":4},"end":{"line":67,"column":7}},"27":{"start":{"line":68,"column":4},"end":{"line":68,"column":82}},"28":{"start":{"line":71,"column":27},"end":{"line":71,"column":86}},"29":{"start":{"line":72,"column":4},"end":{"line":72,"column":22}},"30":{"start":{"line":73,"column":4},"end":{"line":73,"column":84}},"31":{"start":{"line":77,"column":20},"end":{"line":112,"column":1}},"32":{"start":{"line":78,"column":2},"end":{"line":111,"column":3}},"33":{"start":{"line":79,"column":29},"end":{"line":79,"column":37}},"34":{"start":{"line":80,"column":17},"end":{"line":83,"column":6}},"35":{"start":{"line":85,"column":4},"end":{"line":88,"column":5}},"36":{"start":{"line":86,"column":20},"end":{"line":86,"column":90}},"37":{"start":{"line":87,"column":6},"end":{"line":87,"column":69}},"38":{"start":{"line":90,"column":4},"end":{"line":93,"column":5}},"39":{"start":{"line":91,"column":20},"end":{"line":91,"column":75}},"40":{"start":{"line":92,"column":6},"end":{"line":92,"column":69}},"41":{"start":{"line":95,"column":4},"end":{"line":95,"column":27}},"42":{"start":{"line":96,"column":4},"end":{"line":96,"column":38}},"43":{"start":{"line":97,"column":4},"end":{"line":97,"column":47}},"44":{"start":{"line":98,"column":4},"end":{"line":98,"column":22}},"45":{"start":{"line":100,"column":4},"end":{"line":100,"column":52}},"46":{"start":{"line":101,"column":18},"end":{"line":101,"column":44}},"47":{"start":{"line":102,"column":4},"end":{"line":106,"column":7}},"48":{"start":{"line":109,"column":27},"end":{"line":109,"column":103}},"49":{"start":{"line":110,"column":4},"end":{"line":110,"column":84}},"50":{"start":{"line":114,"column":23},"end":{"line":139,"column":1}},"51":{"start":{"line":115,"column":2},"end":{"line":138,"column":3}},"52":{"start":{"line":116,"column":22},"end":{"line":116,"column":30}},"53":{"start":{"line":118,"column":17},"end":{"line":118,"column":46}},"54":{"start":{"line":119,"column":4},"end":{"line":122,"column":5}},"55":{"start":{"line":120,"column":20},"end":{"line":120,"column":76}},"56":{"start":{"line":121,"column":6},"end":{"line":121,"column":69}},"57":{"start":{"line":124,"column":23},"end":{"line":124,"column":61}},"58":{"start":{"line":125,"column":32},"end":{"line":125,"column":73}},"59":{"start":{"line":126,"column":4},"end":{"line":126,"column":41}},"60":{"start":{"line":127,"column":4},"end":{"line":127,"column":54}},"61":{"start":{"line":129,"column":4},"end":{"line":129,"column":22}},"62":{"start":{"line":130,"column":18},"end":{"line":130,"column":86}},"63":{"start":{"line":131,"column":4},"end":{"line":131,"column":60}},"64":{"start":{"line":133,"column":4},"end":{"line":133,"column":118}},"65":{"start":{"line":136,"column":27},"end":{"line":136,"column":95}},"66":{"start":{"line":137,"column":4},"end":{"line":137,"column":84}},"67":{"start":{"line":141,"column":22},"end":{"line":172,"column":1}},"68":{"start":{"line":142,"column":2},"end":{"line":171,"column":3}},"69":{"start":{"line":143,"column":22},"end":{"line":143,"column":32}},"70":{"start":{"line":144,"column":25},"end":{"line":144,"column":33}},"71":{"start":{"line":146,"column":17},"end":{"line":149,"column":6}},"72":{"start":{"line":151,"column":4},"end":{"line":154,"column":5}},"73":{"start":{"line":152,"column":20},"end":{"line":152,"column":84}},"74":{"start":{"line":153,"column":6},"end":{"line":153,"column":69}},"75":{"start":{"line":156,"column":17},"end":{"line":156,"column":41}},"76":{"start":{"line":157,"column":27},"end":{"line":157,"column":60}},"77":{"start":{"line":159,"column":4},"end":{"line":159,"column":35}},"78":{"start":{"line":160,"column":4},"end":{"line":160,"column":40}},"79":{"start":{"line":161,"column":4},"end":{"line":161,"column":44}},"80":{"start":{"line":162,"column":4},"end":{"line":162,"column":22}},"81":{"start":{"line":164,"column":4},"end":{"line":164,"column":61}},"82":{"start":{"line":165,"column":18},"end":{"line":165,"column":75}},"83":{"start":{"line":166,"column":4},"end":{"line":166,"column":67}},"84":{"start":{"line":169,"column":27},"end":{"line":169,"column":94}},"85":{"start":{"line":170,"column":4},"end":{"line":170,"column":84}},"86":{"start":{"line":174,"column":14},"end":{"line":226,"column":1}},"87":{"start":{"line":175,"column":2},"end":{"line":225,"column":3}},"88":{"start":{"line":176,"column":32},"end":{"line":176,"column":40}},"89":{"start":{"line":178,"column":4},"end":{"line":184,"column":5}},"90":{"start":{"line":179,"column":6},"end":{"line":179,"column":55}},"91":{"start":{"line":180,"column":22},"end":{"line":180,"column":48}},"92":{"start":{"line":181,"column":6},"end":{"line":183,"column":9}},"93":{"start":{"line":186,"column":17},"end":{"line":186,"column":46}},"94":{"start":{"line":187,"column":26},"end":{"line":187,"column":78}},"95":{"start":{"line":189,"column":4},"end":{"line":192,"column":5}},"96":{"start":{"line":190,"column":20},"end":{"line":190,"column":74}},"97":{"start":{"line":191,"column":6},"end":{"line":191,"column":69}},"98":{"start":{"line":194,"column":25},"end":{"line":194,"column":49}},"99":{"start":{"line":195,"column":4},"end":{"line":198,"column":5}},"100":{"start":{"line":196,"column":20},"end":{"line":196,"column":74}},"101":{"start":{"line":197,"column":6},"end":{"line":197,"column":69}},"102":{"start":{"line":200,"column":20},"end":{"line":200,"column":68}},"103":{"start":{"line":202,"column":4},"end":{"line":205,"column":5}},"104":{"start":{"line":203,"column":20},"end":{"line":203,"column":86}},"105":{"start":{"line":204,"column":6},"end":{"line":204,"column":69}},"106":{"start":{"line":207,"column":4},"end":{"line":213,"column":5}},"107":{"start":{"line":208,"column":6},"end":{"line":212,"column":7}},"108":{"start":{"line":209,"column":8},"end":{"line":211,"column":11}},"109":{"start":{"line":215,"column":4},"end":{"line":215,"column":45}},"110":{"start":{"line":216,"column":20},"end":{"line":216,"column":46}},"111":{"start":{"line":217,"column":4},"end":{"line":219,"column":7}},"112":{"start":{"line":222,"column":4},"end":{"line":222,"column":25}},"113":{"start":{"line":223,"column":27},"end":{"line":223,"column":85}},"114":{"start":{"line":224,"column":4},"end":{"line":224,"column":85}},"115":{"start":{"line":228,"column":15},"end":{"line":239,"column":1}},"116":{"start":{"line":229,"column":2},"end":{"line":238,"column":3}},"117":{"start":{"line":230,"column":4},"end":{"line":230,"column":39}},"118":{"start":{"line":231,"column":4},"end":{"line":231,"column":27}},"119":{"start":{"line":232,"column":18},"end":{"line":232,"column":72}},"120":{"start":{"line":233,"column":4},"end":{"line":233,"column":65}},"121":{"start":{"line":236,"column":27},"end":{"line":236,"column":85}},"122":{"start":{"line":237,"column":4},"end":{"line":237,"column":83}},"123":{"start":{"line":241,"column":23},"end":{"line":273,"column":1}},"124":{"start":{"line":242,"column":2},"end":{"line":272,"column":3}},"125":{"start":{"line":243,"column":23},"end":{"line":243,"column":26}},"126":{"start":{"line":245,"column":4},"end":{"line":248,"column":5}},"127":{"start":{"line":246,"column":29},"end":{"line":246,"column":96}},"128":{"start":{"line":247,"column":6},"end":{"line":247,"column":87}},"129":{"start":{"line":250,"column":24},"end":{"line":250,"column":51}},"130":{"start":{"line":252,"column":4},"end":{"line":255,"column":5}},"131":{"start":{"line":253,"column":29},"end":{"line":253,"column":75}},"132":{"start":{"line":254,"column":6},"end":{"line":254,"column":87}},"133":{"start":{"line":257,"column":21},"end":{"line":261,"column":5}},"134":{"start":{"line":263,"column":20},"end":{"line":263,"column":46}},"135":{"start":{"line":264,"column":4},"end":{"line":264,"column":51}},"136":{"start":{"line":267,"column":27},"end":{"line":270,"column":5}},"137":{"start":{"line":271,"column":4},"end":{"line":271,"column":85}}},"fnMap":{"0":{"name":"(anonymous_0)","decl":{"start":{"line":21,"column":15},"end":{"line":21,"column":16}},"loc":{"start":{"line":21,"column":35},"end":{"line":75,"column":1}},"line":21},"1":{"name":"(anonymous_1)","decl":{"start":{"line":77,"column":20},"end":{"line":77,"column":21}},"loc":{"start":{"line":77,"column":40},"end":{"line":112,"column":1}},"line":77},"2":{"name":"(anonymous_2)","decl":{"start":{"line":114,"column":23},"end":{"line":114,"column":24}},"loc":{"start":{"line":114,"column":43},"end":{"line":139,"column":1}},"line":114},"3":{"name":"(anonymous_3)","decl":{"start":{"line":141,"column":22},"end":{"line":141,"column":23}},"loc":{"start":{"line":141,"column":42},"end":{"line":172,"column":1}},"line":141},"4":{"name":"(anonymous_4)","decl":{"start":{"line":174,"column":14},"end":{"line":174,"column":15}},"loc":{"start":{"line":174,"column":34},"end":{"line":226,"column":1}},"line":174},"5":{"name":"(anonymous_5)","decl":{"start":{"line":228,"column":15},"end":{"line":228,"column":16}},"loc":{"start":{"line":228,"column":29},"end":{"line":239,"column":1}},"line":228},"6":{"name":"(anonymous_6)","decl":{"start":{"line":241,"column":23},"end":{"line":241,"column":24}},"loc":{"start":{"line":241,"column":43},"end":{"line":273,"column":1}},"line":241}},"branchMap":{"0":{"loc":{"start":{"line":24,"column":4},"end":{"line":27,"column":5}},"type":"if","locations":[{"start":{"line":24,"column":4},"end":{"line":27,"column":5}},{"start":{},"end":{}}],"line":24},"1":{"loc":{"start":{"line":24,"column":7},"end":{"line":24,"column":68}},"type":"binary-expr","locations":[{"start":{"line":24,"column":7},"end":{"line":24,"column":16}},{"start":{"line":24,"column":20},"end":{"line":24,"column":26}},{"start":{"line":24,"column":30},"end":{"line":24,"column":39}},{"start":{"line":24,"column":43},"end":{"line":24,"column":59}},{"start":{"line":24,"column":63},"end":{"line":24,"column":68}}],"line":24},"2":{"loc":{"start":{"line":30,"column":4},"end":{"line":37,"column":5}},"type":"if","locations":[{"start":{"line":30,"column":4},"end":{"line":37,"column":5}},{"start":{},"end":{}}],"line":30},"3":{"loc":{"start":{"line":31,"column":6},"end":{"line":36,"column":7}},"type":"if","locations":[{"start":{"line":31,"column":6},"end":{"line":36,"column":7}},{"start":{"line":34,"column":13},"end":{"line":36,"column":7}}],"line":31},"4":{"loc":{"start":{"line":39,"column":4},"end":{"line":42,"column":5}},"type":"if","locations":[{"start":{"line":39,"column":4},"end":{"line":42,"column":5}},{"start":{},"end":{}}],"line":39},"5":{"loc":{"start":{"line":44,"column":4},"end":{"line":47,"column":5}},"type":"if","locations":[{"start":{"line":44,"column":4},"end":{"line":47,"column":5}},{"start":{},"end":{}}],"line":44},"6":{"loc":{"start":{"line":85,"column":4},"end":{"line":88,"column":5}},"type":"if","locations":[{"start":{"line":85,"column":4},"end":{"line":88,"column":5}},{"start":{},"end":{}}],"line":85},"7":{"loc":{"start":{"line":90,"column":4},"end":{"line":93,"column":5}},"type":"if","locations":[{"start":{"line":90,"column":4},"end":{"line":93,"column":5}},{"start":{},"end":{}}],"line":90},"8":{"loc":{"start":{"line":119,"column":4},"end":{"line":122,"column":5}},"type":"if","locations":[{"start":{"line":119,"column":4},"end":{"line":122,"column":5}},{"start":{},"end":{}}],"line":119},"9":{"loc":{"start":{"line":151,"column":4},"end":{"line":154,"column":5}},"type":"if","locations":[{"start":{"line":151,"column":4},"end":{"line":154,"column":5}},{"start":{},"end":{}}],"line":151},"10":{"loc":{"start":{"line":178,"column":4},"end":{"line":184,"column":5}},"type":"if","locations":[{"start":{"line":178,"column":4},"end":{"line":184,"column":5}},{"start":{},"end":{}}],"line":178},"11":{"loc":{"start":{"line":178,"column":7},"end":{"line":178,"column":83}},"type":"binary-expr","locations":[{"start":{"line":178,"column":7},"end":{"line":178,"column":40}},{"start":{"line":178,"column":44},"end":{"line":178,"column":83}}],"line":178},"12":{"loc":{"start":{"line":187,"column":57},"end":{"line":187,"column":77}},"type":"binary-expr","locations":[{"start":{"line":187,"column":57},"end":{"line":187,"column":71}},{"start":{"line":187,"column":75},"end":{"line":187,"column":77}}],"line":187},"13":{"loc":{"start":{"line":189,"column":4},"end":{"line":192,"column":5}},"type":"if","locations":[{"start":{"line":189,"column":4},"end":{"line":192,"column":5}},{"start":{},"end":{}}],"line":189},"14":{"loc":{"start":{"line":189,"column":8},"end":{"line":189,"column":31}},"type":"binary-expr","locations":[{"start":{"line":189,"column":8},"end":{"line":189,"column":13}},{"start":{"line":189,"column":17},"end":{"line":189,"column":31}}],"line":189},"15":{"loc":{"start":{"line":195,"column":4},"end":{"line":198,"column":5}},"type":"if","locations":[{"start":{"line":195,"column":4},"end":{"line":198,"column":5}},{"start":{},"end":{}}],"line":195},"16":{"loc":{"start":{"line":202,"column":4},"end":{"line":205,"column":5}},"type":"if","locations":[{"start":{"line":202,"column":4},"end":{"line":205,"column":5}},{"start":{},"end":{}}],"line":202},"17":{"loc":{"start":{"line":207,"column":4},"end":{"line":213,"column":5}},"type":"if","locations":[{"start":{"line":207,"column":4},"end":{"line":213,"column":5}},{"start":{},"end":{}}],"line":207},"18":{"loc":{"start":{"line":207,"column":8},"end":{"line":207,"column":56}},"type":"binary-expr","locations":[{"start":{"line":207,"column":8},"end":{"line":207,"column":31}},{"start":{"line":207,"column":35},"end":{"line":207,"column":56}}],"line":207},"19":{"loc":{"start":{"line":208,"column":6},"end":{"line":212,"column":7}},"type":"if","locations":[{"start":{"line":208,"column":6},"end":{"line":212,"column":7}},{"start":{},"end":{}}],"line":208},"20":{"loc":{"start":{"line":245,"column":4},"end":{"line":248,"column":5}},"type":"if","locations":[{"start":{"line":245,"column":4},"end":{"line":248,"column":5}},{"start":{},"end":{}}],"line":245},"21":{"loc":{"start":{"line":252,"column":4},"end":{"line":255,"column":5}},"type":"if","locations":[{"start":{"line":252,"column":4},"end":{"line":255,"column":5}},{"start":{},"end":{}}],"line":252}},"s":{"0":39,"1":39,"2":6,"3":6,"4":6,"5":1,"6":1,"7":5,"8":5,"9":0,"10":0,"11":0,"12":0,"13":5,"14":1,"15":1,"16":4,"17":1,"18":1,"19":3,"20":3,"21":3,"22":3,"23":3,"24":2,"25":2,"26":2,"27":2,"28":1,"29":1,"30":1,"31":39,"32":5,"33":5,"34":5,"35":5,"36":4,"37":4,"38":1,"39":0,"40":0,"41":1,"42":1,"43":1,"44":1,"45":1,"46":1,"47":1,"48":0,"49":0,"50":39,"51":3,"52":3,"53":3,"54":3,"55":2,"56":2,"57":1,"58":1,"59":1,"60":1,"61":1,"62":1,"63":1,"64":1,"65":0,"66":0,"67":39,"68":5,"69":5,"70":5,"71":5,"72":5,"73":4,"74":4,"75":1,"76":1,"77":1,"78":1,"79":1,"80":1,"81":1,"82":1,"83":1,"84":0,"85":0,"86":39,"87":3,"88":3,"89":3,"90":1,"91":1,"92":1,"93":2,"94":2,"95":2,"96":2,"97":2,"98":0,"99":0,"100":0,"101":0,"102":0,"103":0,"104":0,"105":0,"106":0,"107":0,"108":0,"109":0,"110":0,"111":0,"112":0,"113":0,"114":0,"115":39,"116":1,"117":1,"118":1,"119":1,"120":1,"121":0,"122":0,"123":39,"124":2,"125":2,"126":2,"127":0,"128":0,"129":2,"130":2,"131":1,"132":1,"133":1,"134":1,"135":1,"136":0,"137":0},"f":{"0":6,"1":5,"2":3,"3":5,"4":3,"5":1,"6":2},"b":{"0":[1,5],"1":[6,5,5,5,5],"2":[0,5],"3":[0,0],"4":[1,4],"5":[1,3],"6":[4,1],"7":[0,1],"8":[2,1],"9":[4,1],"10":[1,2],"11":[3,1],"12":[2,1],"13":[2,0],"14":[2,1],"15":[0,0],"16":[0,0],"17":[0,0],"18":[0,0],"19":[0,0],"20":[0,2],"21":[1,1]},"_coverageSchema":"1a1c01bbd47fc00a2c39e90264f33305004495a9","hash":"c695c4300de321eb0c2ba9e3676220dbb2187d2d"}
,"C:\\Users\\dharm\\Desktop\\Testing\\IT314-G34---Healthcare-Provider-Comparison-Platform\\HealNexus\\Backend\\api\\controllers\\dashboard.controller.js": {"path":"C:\\Users\\dharm\\Desktop\\Testing\\IT314-G34---Healthcare-Provider-Comparison-Platform\\HealNexus\\Backend\\api\\controllers\\dashboard.controller.js","statementMap":{"0":{"start":{"line":3,"column":36},"end":{"line":19,"column":1}},"1":{"start":{"line":4,"column":2},"end":{"line":18,"column":3}},"2":{"start":{"line":5,"column":22},"end":{"line":5,"column":30}},"3":{"start":{"line":6,"column":20},"end":{"line":6,"column":78}},"4":{"start":{"line":8,"column":4},"end":{"line":10,"column":5}},"5":{"start":{"line":9,"column":6},"end":{"line":9,"column":96}},"6":{"start":{"line":12,"column":4},"end":{"line":12,"column":25}},"7":{"start":{"line":13,"column":4},"end":{"line":13,"column":34}},"8":{"start":{"line":16,"column":27},"end":{"line":16,"column":110}},"9":{"start":{"line":17,"column":4},"end":{"line":17,"column":85}},"10":{"start":{"line":21,"column":35},"end":{"line":40,"column":3}},"11":{"start":{"line":22,"column":4},"end":{"line":39,"column":5}},"12":{"start":{"line":23,"column":23},"end":{"line":23,"column":31}},"13":{"start":{"line":24,"column":6},"end":{"line":26,"column":7}},"14":{"start":{"line":25,"column":8},"end":{"line":25,"column":79}},"15":{"start":{"line":28,"column":22},"end":{"line":28,"column":78}},"16":{"start":{"line":29,"column":6},"end":{"line":31,"column":7}},"17":{"start":{"line":30,"column":8},"end":{"line":30,"column":91}},"18":{"start":{"line":33,"column":6},"end":{"line":33,"column":27}},"19":{"start":{"line":34,"column":6},"end":{"line":34,"column":36}},"20":{"start":{"line":37,"column":29},"end":{"line":37,"column":107}},"21":{"start":{"line":38,"column":6},"end":{"line":38,"column":87}}},"fnMap":{"0":{"name":"(anonymous_0)","decl":{"start":{"line":3,"column":36},"end":{"line":3,"column":37}},"loc":{"start":{"line":3,"column":56},"end":{"line":19,"column":1}},"line":3},"1":{"name":"(anonymous_1)","decl":{"start":{"line":21,"column":35},"end":{"line":21,"column":36}},"loc":{"start":{"line":21,"column":55},"end":{"line":40,"column":3}},"line":21}},"branchMap":{"0":{"loc":{"start":{"line":8,"column":4},"end":{"line":10,"column":5}},"type":"if","locations":[{"start":{"line":8,"column":4},"end":{"line":10,"column":5}},{"start":{},"end":{}}],"line":8},"1":{"loc":{"start":{"line":24,"column":6},"end":{"line":26,"column":7}},"type":"if","locations":[{"start":{"line":24,"column":6},"end":{"line":26,"column":7}},{"start":{},"end":{}}],"line":24},"2":{"loc":{"start":{"line":29,"column":6},"end":{"line":31,"column":7}},"type":"if","locations":[{"start":{"line":29,"column":6},"end":{"line":31,"column":7}},{"start":{},"end":{}}],"line":29}},"s":{"0":39,"1":2,"2":2,"3":2,"4":2,"5":1,"6":1,"7":1,"8":0,"9":0,"10":39,"11":3,"12":3,"13":3,"14":1,"15":2,"16":2,"17":1,"18":1,"19":1,"20":0,"21":0},"f":{"0":2,"1":3},"b":{"0":[1,1],"1":[1,2],"2":[1,1]},"_coverageSchema":"1a1c01bbd47fc00a2c39e90264f33305004495a9","hash":"ea73227ac21a24d90b071cf70833bdd4a617500c"}
,"C:\\Users\\dharm\\Desktop\\Testing\\IT314-G34---Healthcare-Provider-Comparison-Platform\\HealNexus\\Backend\\api\\controllers\\doctor.controller.js": {"path":"C:\\Users\\dharm\\Desktop\\Testing\\IT314-G34---Healthcare-Provider-Comparison-Platform\\HealNexus\\Backend\\api\\controllers\\doctor.controller.js","statementMap":{"0":{"start":{"line":6,"column":22},"end":{"line":20,"column":1}},"1":{"start":{"line":7,"column":2},"end":{"line":19,"column":3}},"2":{"start":{"line":8,"column":23},"end":{"line":8,"column":26}},"3":{"start":{"line":9,"column":20},"end":{"line":9,"column":47}},"4":{"start":{"line":10,"column":4},"end":{"line":12,"column":5}},"5":{"start":{"line":11,"column":6},"end":{"line":11,"column":83}},"6":{"start":{"line":14,"column":4},"end":{"line":14,"column":72}},"7":{"start":{"line":17,"column":4},"end":{"line":17,"column":25}},"8":{"start":{"line":18,"column":4},"end":{"line":18,"column":84}},"9":{"start":{"line":22,"column":26},"end":{"line":38,"column":1}},"10":{"start":{"line":23,"column":2},"end":{"line":37,"column":3}},"11":{"start":{"line":24,"column":23},"end":{"line":24,"column":31}},"12":{"start":{"line":26,"column":20},"end":{"line":26,"column":56}},"13":{"start":{"line":27,"column":4},"end":{"line":29,"column":5}},"14":{"start":{"line":28,"column":6},"end":{"line":28,"column":83}},"15":{"start":{"line":31,"column":4},"end":{"line":31,"column":85}},"16":{"start":{"line":32,"column":4},"end":{"line":32,"column":78}},"17":{"start":{"line":35,"column":4},"end":{"line":35,"column":25}},"18":{"start":{"line":36,"column":4},"end":{"line":36,"column":70}},"19":{"start":{"line":40,"column":19},"end":{"line":62,"column":1}},"20":{"start":{"line":41,"column":2},"end":{"line":61,"column":3}},"21":{"start":{"line":42,"column":30},"end":{"line":42,"column":76}},"22":{"start":{"line":43,"column":27},"end":{"line":43,"column":46}},"23":{"start":{"line":45,"column":23},"end":{"line":54,"column":6}},"24":{"start":{"line":46,"column":32},"end":{"line":48,"column":7}},"25":{"start":{"line":47,"column":18},"end":{"line":47,"column":67}},"26":{"start":{"line":50,"column":6},"end":{"line":53,"column":8}},"27":{"start":{"line":56,"column":4},"end":{"line":56,"column":56}},"28":{"start":{"line":59,"column":4},"end":{"line":59,"column":25}},"29":{"start":{"line":60,"column":4},"end":{"line":60,"column":70}},"30":{"start":{"line":64,"column":27},"end":{"line":103,"column":1}},"31":{"start":{"line":65,"column":2},"end":{"line":102,"column":3}},"32":{"start":{"line":66,"column":23},"end":{"line":66,"column":26}},"33":{"start":{"line":67,"column":30},"end":{"line":67,"column":72}},"34":{"start":{"line":68,"column":25},"end":{"line":68,"column":107}},"35":{"start":{"line":69,"column":34},"end":{"line":69,"column":126}},"36":{"start":{"line":71,"column":32},"end":{"line":90,"column":6}},"37":{"start":{"line":72,"column":26},"end":{"line":72,"column":78}},"38":{"start":{"line":73,"column":32},"end":{"line":73,"column":71}},"39":{"start":{"line":74,"column":6},"end":{"line":89,"column":8}},"40":{"start":{"line":92,"column":24},"end":{"line":94,"column":9}},"41":{"start":{"line":93,"column":6},"end":{"line":93,"column":45}},"42":{"start":{"line":96,"column":32},"end":{"line":96,"column":70}},"43":{"start":{"line":97,"column":4},"end":{"line":97,"column":78}},"44":{"start":{"line":100,"column":4},"end":{"line":100,"column":25}},"45":{"start":{"line":101,"column":4},"end":{"line":101,"column":94}},"46":{"start":{"line":105,"column":28},"end":{"line":121,"column":1}},"47":{"start":{"line":106,"column":2},"end":{"line":120,"column":3}},"48":{"start":{"line":107,"column":38},"end":{"line":107,"column":46}},"49":{"start":{"line":108,"column":28},"end":{"line":108,"column":69}},"50":{"start":{"line":110,"column":4},"end":{"line":115,"column":5}},"51":{"start":{"line":111,"column":6},"end":{"line":111,"column":79}},"52":{"start":{"line":112,"column":6},"end":{"line":112,"column":74}},"53":{"start":{"line":114,"column":6},"end":{"line":114,"column":65}},"54":{"start":{"line":118,"column":4},"end":{"line":118,"column":25}},"55":{"start":{"line":119,"column":4},"end":{"line":119,"column":70}},"56":{"start":{"line":123,"column":24},"end":{"line":154,"column":1}},"57":{"start":{"line":124,"column":2},"end":{"line":153,"column":3}},"58":{"start":{"line":125,"column":23},"end":{"line":125,"column":31}},"59":{"start":{"line":126,"column":23},"end":{"line":126,"column":67}},"60":{"start":{"line":127,"column":4},"end":{"line":127,"column":30}},"61":{"start":{"line":128,"column":18},"end":{"line":128,"column":19}},"62":{"start":{"line":129,"column":4},"end":{"line":133,"column":6}},"63":{"start":{"line":130,"column":6},"end":{"line":132,"column":7}},"64":{"start":{"line":131,"column":8},"end":{"line":131,"column":30}},"65":{"start":{"line":135,"column":18},"end":{"line":135,"column":20}},"66":{"start":{"line":136,"column":4},"end":{"line":139,"column":6}},"67":{"start":{"line":137,"column":6},"end":{"line":138,"column":36}},"68":{"start":{"line":138,"column":8},"end":{"line":138,"column":36}},"69":{"start":{"line":141,"column":32},"end":{"line":146,"column":5}},"70":{"start":{"line":148,"column":4},"end":{"line":148,"column":52}},"71":{"start":{"line":151,"column":4},"end":{"line":151,"column":25}},"72":{"start":{"line":152,"column":4},"end":{"line":152,"column":70}}},"fnMap":{"0":{"name":"(anonymous_0)","decl":{"start":{"line":6,"column":22},"end":{"line":6,"column":23}},"loc":{"start":{"line":6,"column":42},"end":{"line":20,"column":1}},"line":6},"1":{"name":"(anonymous_1)","decl":{"start":{"line":22,"column":26},"end":{"line":22,"column":27}},"loc":{"start":{"line":22,"column":46},"end":{"line":38,"column":1}},"line":22},"2":{"name":"(anonymous_2)","decl":{"start":{"line":40,"column":19},"end":{"line":40,"column":20}},"loc":{"start":{"line":40,"column":39},"end":{"line":62,"column":1}},"line":40},"3":{"name":"(anonymous_3)","decl":{"start":{"line":45,"column":45},"end":{"line":45,"column":46}},"loc":{"start":{"line":45,"column":58},"end":{"line":54,"column":5}},"line":45},"4":{"name":"(anonymous_4)","decl":{"start":{"line":47,"column":8},"end":{"line":47,"column":9}},"loc":{"start":{"line":47,"column":18},"end":{"line":47,"column":67}},"line":47},"5":{"name":"(anonymous_5)","decl":{"start":{"line":64,"column":27},"end":{"line":64,"column":28}},"loc":{"start":{"line":64,"column":47},"end":{"line":103,"column":1}},"line":64},"6":{"name":"(anonymous_6)","decl":{"start":{"line":71,"column":49},"end":{"line":71,"column":50}},"loc":{"start":{"line":71,"column":72},"end":{"line":90,"column":5}},"line":71},"7":{"name":"(anonymous_7)","decl":{"start":{"line":92,"column":53},"end":{"line":92,"column":54}},"loc":{"start":{"line":92,"column":75},"end":{"line":94,"column":5}},"line":92},"8":{"name":"(anonymous_8)","decl":{"start":{"line":105,"column":28},"end":{"line":105,"column":29}},"loc":{"start":{"line":105,"column":48},"end":{"line":121,"column":1}},"line":105},"9":{"name":"(anonymous_9)","decl":{"start":{"line":123,"column":24},"end":{"line":123,"column":25}},"loc":{"start":{"line":123,"column":44},"end":{"line":154,"column":1}},"line":123},"10":{"name":"(anonymous_10)","decl":{"start":{"line":129,"column":21},"end":{"line":129,"column":22}},"loc":{"start":{"line":129,"column":31},"end":{"line":133,"column":5}},"line":129},"11":{"name":"(anonymous_11)","decl":{"start":{"line":136,"column":21},"end":{"line":136,"column":22}},"loc":{"start":{"line":136,"column":31},"end":{"line":139,"column":5}},"line":136}},"branchMap":{"0":{"loc":{"start":{"line":10,"column":4},"end":{"line":12,"column":5}},"type":"if","locations":[{"start":{"line":10,"column":4},"end":{"line":12,"column":5}},{"start":{},"end":{}}],"line":10},"1":{"loc":{"start":{"line":27,"column":4},"end":{"line":29,"column":5}},"type":"if","locations":[{"start":{"line":27,"column":4},"end":{"line":29,"column":5}},{"start":{},"end":{}}],"line":27},"2":{"loc":{"start":{"line":52,"column":14},"end":{"line":52,"column":39}},"type":"binary-expr","locations":[{"start":{"line":52,"column":14},"end":{"line":52,"column":31}},{"start":{"line":52,"column":35},"end":{"line":52,"column":39}}],"line":52},"3":{"loc":{"start":{"line":93,"column":20},"end":{"line":93,"column":43}},"type":"binary-expr","locations":[{"start":{"line":93,"column":20},"end":{"line":93,"column":38}},{"start":{"line":93,"column":42},"end":{"line":93,"column":43}}],"line":93},"4":{"loc":{"start":{"line":110,"column":4},"end":{"line":115,"column":5}},"type":"if","locations":[{"start":{"line":110,"column":4},"end":{"line":115,"column":5}},{"start":{"line":113,"column":11},"end":{"line":115,"column":5}}],"line":110},"5":{"loc":{"start":{"line":110,"column":8},"end":{"line":110,"column":84}},"type":"binary-expr","locations":[{"start":{"line":110,"column":8},"end":{"line":110,"column":23}},{"start":{"line":110,"column":27},"end":{"line":110,"column":84}}],"line":110},"6":{"loc":{"start":{"line":130,"column":6},"end":{"line":132,"column":7}},"type":"if","locations":[{"start":{"line":130,"column":6},"end":{"line":132,"column":7}},{"start":{},"end":{}}],"line":130},"7":{"loc":{"start":{"line":130,"column":10},"end":{"line":130,"column":42}},"type":"binary-expr","locations":[{"start":{"line":130,"column":10},"end":{"line":130,"column":26}},{"start":{"line":130,"column":30},"end":{"line":130,"column":42}}],"line":130},"8":{"loc":{"start":{"line":137,"column":6},"end":{"line":138,"column":36}},"type":"if","locations":[{"start":{"line":137,"column":6},"end":{"line":138,"column":36}},{"start":{},"end":{}}],"line":137}},"s":{"0":39,"1":2,"2":2,"3":2,"4":2,"5":1,"6":1,"7":0,"8":0,"9":39,"10":2,"11":2,"12":2,"13":2,"14":1,"15":1,"16":1,"17":0,"18":0,"19":39,"20":1,"21":1,"22":1,"23":1,"24":1,"25":1,"26":1,"27":1,"28":0,"29":0,"30":39,"31":2,"32":2,"33":2,"34":2,"35":2,"36":2,"37":2,"38":2,"39":2,"40":2,"41":2,"42":2,"43":2,"44":0,"45":0,"46":39,"47":3,"48":3,"49":3,"50":3,"51":1,"52":1,"53":2,"54":0,"55":0,"56":39,"57":2,"58":2,"59":2,"60":2,"61":2,"62":2,"63":3,"64":2,"65":2,"66":2,"67":3,"68":3,"69":2,"70":2,"71":0,"72":0},"f":{"0":2,"1":2,"2":1,"3":1,"4":1,"5":2,"6":2,"7":2,"8":3,"9":2,"10":3,"11":3},"b":{"0":[1,1],"1":[1,1],"2":[1,0],"3":[2,0],"4":[1,2],"5":[3,1],"6":[2,1],"7":[3,2],"8":[3,0]},"_coverageSchema":"1a1c01bbd47fc00a2c39e90264f33305004495a9","hash":"fd61e8761b993ef78420f00a312291b7b5000a18"}
,"C:\\Users\\dharm\\Desktop\\Testing\\IT314-G34---Healthcare-Provider-Comparison-Platform\\HealNexus\\Backend\\api\\controllers\\profile.controller.js": {"path":"C:\\Users\\dharm\\Desktop\\Testing\\IT314-G34---Healthcare-Provider-Comparison-Platform\\HealNexus\\Backend\\api\\controllers\\profile.controller.js","statementMap":{"0":{"start":{"line":9,"column":36},"end":{"line":42,"column":1}},"1":{"start":{"line":10,"column":2},"end":{"line":41,"column":3}},"2":{"start":{"line":11,"column":86},"end":{"line":11,"column":94}},"3":{"start":{"line":12,"column":23},"end":{"line":12,"column":26}},"4":{"start":{"line":13,"column":22},"end":{"line":13,"column":30}},"5":{"start":{"line":15,"column":32},"end":{"line":17,"column":6}},"6":{"start":{"line":18,"column":21},"end":{"line":18,"column":51}},"7":{"start":{"line":20,"column":27},"end":{"line":29,"column":6}},"8":{"start":{"line":31,"column":4},"end":{"line":31,"column":32}},"9":{"start":{"line":32,"column":18},"end":{"line":32,"column":44}},"10":{"start":{"line":33,"column":4},"end":{"line":35,"column":7}},"11":{"start":{"line":38,"column":27},"end":{"line":38,"column":112}},"12":{"start":{"line":39,"column":4},"end":{"line":39,"column":23}},"13":{"start":{"line":40,"column":4},"end":{"line":40,"column":84}},"14":{"start":{"line":44,"column":33},"end":{"line":69,"column":1}},"15":{"start":{"line":45,"column":2},"end":{"line":68,"column":3}},"16":{"start":{"line":46,"column":21},"end":{"line":46,"column":24}},"17":{"start":{"line":47,"column":30},"end":{"line":47,"column":57}},"18":{"start":{"line":48,"column":27},"end":{"line":48,"column":70}},"19":{"start":{"line":49,"column":21},"end":{"line":58,"column":5}},"20":{"start":{"line":60,"column":18},"end":{"line":60,"column":44}},"21":{"start":{"line":61,"column":4},"end":{"line":63,"column":6}},"22":{"start":{"line":66,"column":27},"end":{"line":66,"column":111}},"23":{"start":{"line":67,"column":4},"end":{"line":67,"column":84}},"24":{"start":{"line":71,"column":36},"end":{"line":107,"column":1}},"25":{"start":{"line":72,"column":2},"end":{"line":106,"column":3}},"26":{"start":{"line":73,"column":21},"end":{"line":73,"column":24}},"27":{"start":{"line":74,"column":86},"end":{"line":74,"column":94}},"28":{"start":{"line":75,"column":30},"end":{"line":82,"column":5}},"29":{"start":{"line":84,"column":4},"end":{"line":95,"column":5}},"30":{"start":{"line":85,"column":6},"end":{"line":94,"column":7}},"31":{"start":{"line":86,"column":36},"end":{"line":88,"column":10}},"32":{"start":{"line":89,"column":25},"end":{"line":89,"column":55}},"33":{"start":{"line":90,"column":8},"end":{"line":90,"column":43}},"34":{"start":{"line":92,"column":8},"end":{"line":92,"column":67}},"35":{"start":{"line":93,"column":8},"end":{"line":93,"column":66}},"36":{"start":{"line":97,"column":4},"end":{"line":97,"column":79}},"37":{"start":{"line":98,"column":18},"end":{"line":98,"column":44}},"38":{"start":{"line":99,"column":4},"end":{"line":101,"column":7}},"39":{"start":{"line":104,"column":27},"end":{"line":104,"column":112}},"40":{"start":{"line":105,"column":4},"end":{"line":105,"column":84}},"41":{"start":{"line":109,"column":35},"end":{"line":144,"column":1}},"42":{"start":{"line":110,"column":2},"end":{"line":143,"column":3}},"43":{"start":{"line":111,"column":121},"end":{"line":111,"column":129}},"44":{"start":{"line":112,"column":23},"end":{"line":112,"column":26}},"45":{"start":{"line":113,"column":22},"end":{"line":113,"column":30}},"46":{"start":{"line":115,"column":32},"end":{"line":117,"column":6}},"47":{"start":{"line":118,"column":21},"end":{"line":118,"column":51}},"48":{"start":{"line":120,"column":26},"end":{"line":131,"column":6}},"49":{"start":{"line":133,"column":4},"end":{"line":133,"column":31}},"50":{"start":{"line":134,"column":18},"end":{"line":134,"column":44}},"51":{"start":{"line":135,"column":4},"end":{"line":137,"column":7}},"52":{"start":{"line":140,"column":27},"end":{"line":140,"column":111}},"53":{"start":{"line":141,"column":4},"end":{"line":141,"column":23}},"54":{"start":{"line":142,"column":4},"end":{"line":142,"column":84}},"55":{"start":{"line":146,"column":32},"end":{"line":174,"column":1}},"56":{"start":{"line":147,"column":2},"end":{"line":173,"column":3}},"57":{"start":{"line":148,"column":26},"end":{"line":148,"column":69}},"58":{"start":{"line":149,"column":27},"end":{"line":149,"column":68}},"59":{"start":{"line":151,"column":21},"end":{"line":163,"column":5}},"60":{"start":{"line":165,"column":18},"end":{"line":165,"column":44}},"61":{"start":{"line":166,"column":4},"end":{"line":168,"column":7}},"62":{"start":{"line":171,"column":27},"end":{"line":171,"column":110}},"63":{"start":{"line":172,"column":4},"end":{"line":172,"column":84}},"64":{"start":{"line":176,"column":35},"end":{"line":205,"column":1}},"65":{"start":{"line":177,"column":2},"end":{"line":204,"column":3}},"66":{"start":{"line":178,"column":121},"end":{"line":178,"column":129}},"67":{"start":{"line":179,"column":29},"end":{"line":188,"column":5}},"68":{"start":{"line":190,"column":4},"end":{"line":194,"column":6}},"69":{"start":{"line":196,"column":18},"end":{"line":196,"column":44}},"70":{"start":{"line":197,"column":4},"end":{"line":199,"column":7}},"71":{"start":{"line":202,"column":27},"end":{"line":202,"column":111}},"72":{"start":{"line":203,"column":4},"end":{"line":203,"column":84}},"73":{"start":{"line":207,"column":39},"end":{"line":239,"column":1}},"74":{"start":{"line":208,"column":2},"end":{"line":238,"column":3}},"75":{"start":{"line":209,"column":96},"end":{"line":209,"column":104}},"76":{"start":{"line":210,"column":23},"end":{"line":210,"column":26}},"77":{"start":{"line":211,"column":22},"end":{"line":211,"column":30}},"78":{"start":{"line":213,"column":32},"end":{"line":215,"column":6}},"79":{"start":{"line":216,"column":21},"end":{"line":216,"column":51}},"80":{"start":{"line":218,"column":30},"end":{"line":226,"column":6}},"81":{"start":{"line":228,"column":4},"end":{"line":228,"column":35}},"82":{"start":{"line":229,"column":18},"end":{"line":229,"column":44}},"83":{"start":{"line":230,"column":4},"end":{"line":232,"column":7}},"84":{"start":{"line":235,"column":4},"end":{"line":235,"column":22}},"85":{"start":{"line":236,"column":27},"end":{"line":236,"column":115}},"86":{"start":{"line":237,"column":4},"end":{"line":237,"column":84}},"87":{"start":{"line":241,"column":36},"end":{"line":261,"column":1}},"88":{"start":{"line":242,"column":2},"end":{"line":260,"column":3}},"89":{"start":{"line":243,"column":30},"end":{"line":243,"column":77}},"90":{"start":{"line":244,"column":21},"end":{"line":250,"column":5}},"91":{"start":{"line":252,"column":18},"end":{"line":252,"column":44}},"92":{"start":{"line":253,"column":4},"end":{"line":255,"column":7}},"93":{"start":{"line":258,"column":27},"end":{"line":258,"column":114}},"94":{"start":{"line":259,"column":4},"end":{"line":259,"column":84}},"95":{"start":{"line":263,"column":39},"end":{"line":290,"column":1}},"96":{"start":{"line":264,"column":2},"end":{"line":289,"column":3}},"97":{"start":{"line":265,"column":96},"end":{"line":265,"column":104}},"98":{"start":{"line":266,"column":33},"end":{"line":272,"column":5}},"99":{"start":{"line":274,"column":4},"end":{"line":278,"column":6}},"100":{"start":{"line":280,"column":18},"end":{"line":280,"column":44}},"101":{"start":{"line":281,"column":4},"end":{"line":283,"column":7}},"102":{"start":{"line":286,"column":27},"end":{"line":286,"column":115}},"103":{"start":{"line":287,"column":4},"end":{"line":287,"column":22}},"104":{"start":{"line":288,"column":4},"end":{"line":288,"column":84}},"105":{"start":{"line":292,"column":42},"end":{"line":325,"column":1}},"106":{"start":{"line":293,"column":2},"end":{"line":324,"column":3}},"107":{"start":{"line":294,"column":121},"end":{"line":294,"column":129}},"108":{"start":{"line":295,"column":23},"end":{"line":295,"column":26}},"109":{"start":{"line":296,"column":22},"end":{"line":296,"column":30}},"110":{"start":{"line":298,"column":32},"end":{"line":300,"column":6}},"111":{"start":{"line":301,"column":21},"end":{"line":301,"column":51}},"112":{"start":{"line":303,"column":33},"end":{"line":313,"column":6}},"113":{"start":{"line":315,"column":4},"end":{"line":315,"column":38}},"114":{"start":{"line":316,"column":18},"end":{"line":316,"column":44}},"115":{"start":{"line":317,"column":4},"end":{"line":319,"column":7}},"116":{"start":{"line":322,"column":27},"end":{"line":322,"column":119}},"117":{"start":{"line":323,"column":4},"end":{"line":323,"column":84}},"118":{"start":{"line":327,"column":39},"end":{"line":349,"column":1}},"119":{"start":{"line":328,"column":2},"end":{"line":348,"column":3}},"120":{"start":{"line":329,"column":33},"end":{"line":329,"column":83}},"121":{"start":{"line":330,"column":21},"end":{"line":338,"column":5}},"122":{"start":{"line":340,"column":18},"end":{"line":340,"column":44}},"123":{"start":{"line":341,"column":4},"end":{"line":343,"column":7}},"124":{"start":{"line":346,"column":27},"end":{"line":346,"column":118}},"125":{"start":{"line":347,"column":4},"end":{"line":347,"column":84}},"126":{"start":{"line":351,"column":42},"end":{"line":382,"column":1}},"127":{"start":{"line":352,"column":2},"end":{"line":381,"column":3}},"128":{"start":{"line":353,"column":121},"end":{"line":353,"column":129}},"129":{"start":{"line":354,"column":23},"end":{"line":354,"column":26}},"130":{"start":{"line":356,"column":36},"end":{"line":365,"column":5}},"131":{"start":{"line":367,"column":40},"end":{"line":371,"column":5}},"132":{"start":{"line":373,"column":18},"end":{"line":373,"column":44}},"133":{"start":{"line":374,"column":4},"end":{"line":376,"column":7}},"134":{"start":{"line":379,"column":27},"end":{"line":379,"column":119}},"135":{"start":{"line":380,"column":4},"end":{"line":380,"column":84}}},"fnMap":{"0":{"name":"(anonymous_0)","decl":{"start":{"line":9,"column":36},"end":{"line":9,"column":37}},"loc":{"start":{"line":9,"column":56},"end":{"line":42,"column":1}},"line":9},"1":{"name":"(anonymous_1)","decl":{"start":{"line":44,"column":33},"end":{"line":44,"column":34}},"loc":{"start":{"line":44,"column":53},"end":{"line":69,"column":1}},"line":44},"2":{"name":"(anonymous_2)","decl":{"start":{"line":71,"column":36},"end":{"line":71,"column":37}},"loc":{"start":{"line":71,"column":56},"end":{"line":107,"column":1}},"line":71},"3":{"name":"(anonymous_3)","decl":{"start":{"line":109,"column":35},"end":{"line":109,"column":36}},"loc":{"start":{"line":109,"column":55},"end":{"line":144,"column":1}},"line":109},"4":{"name":"(anonymous_4)","decl":{"start":{"line":146,"column":32},"end":{"line":146,"column":33}},"loc":{"start":{"line":146,"column":52},"end":{"line":174,"column":1}},"line":146},"5":{"name":"(anonymous_5)","decl":{"start":{"line":176,"column":35},"end":{"line":176,"column":36}},"loc":{"start":{"line":176,"column":55},"end":{"line":205,"column":1}},"line":176},"6":{"name":"(anonymous_6)","decl":{"start":{"line":207,"column":39},"end":{"line":207,"column":40}},"loc":{"start":{"line":207,"column":59},"end":{"line":239,"column":1}},"line":207},"7":{"name":"(anonymous_7)","decl":{"start":{"line":241,"column":36},"end":{"line":241,"column":37}},"loc":{"start":{"line":241,"column":56},"end":{"line":261,"column":1}},"line":241},"8":{"name":"(anonymous_8)","decl":{"start":{"line":263,"column":39},"end":{"line":263,"column":40}},"loc":{"start":{"line":263,"column":59},"end":{"line":290,"column":1}},"line":263},"9":{"name":"(anonymous_9)","decl":{"start":{"line":292,"column":42},"end":{"line":292,"column":43}},"loc":{"start":{"line":292,"column":62},"end":{"line":325,"column":1}},"line":292},"10":{"name":"(anonymous_10)","decl":{"start":{"line":327,"column":39},"end":{"line":327,"column":40}},"loc":{"start":{"line":327,"column":59},"end":{"line":349,"column":1}},"line":327},"11":{"name":"(anonymous_11)","decl":{"start":{"line":351,"column":42},"end":{"line":351,"column":43}},"loc":{"start":{"line":351,"column":62},"end":{"line":382,"column":1}},"line":351}},"branchMap":{"0":{"loc":{"start":{"line":84,"column":4},"end":{"line":95,"column":5}},"type":"if","locations":[{"start":{"line":84,"column":4},"end":{"line":95,"column":5}},{"start":{},"end":{}}],"line":84}},"s":{"0":39,"1":2,"2":2,"3":2,"4":2,"5":2,"6":1,"7":1,"8":1,"9":1,"10":1,"11":1,"12":1,"13":1,"14":39,"15":2,"16":2,"17":2,"18":2,"19":2,"20":1,"21":1,"22":1,"23":1,"24":39,"25":1,"26":1,"27":1,"28":1,"29":1,"30":1,"31":1,"32":1,"33":1,"34":0,"35":0,"36":1,"37":1,"38":1,"39":0,"40":0,"41":39,"42":2,"43":2,"44":2,"45":2,"46":2,"47":1,"48":1,"49":1,"50":1,"51":1,"52":1,"53":1,"54":1,"55":39,"56":2,"57":2,"58":2,"59":1,"60":1,"61":1,"62":1,"63":1,"64":39,"65":1,"66":1,"67":1,"68":1,"69":1,"70":1,"71":0,"72":0,"73":39,"74":1,"75":1,"76":1,"77":1,"78":1,"79":1,"80":1,"81":1,"82":1,"83":1,"84":0,"85":0,"86":0,"87":39,"88":2,"89":2,"90":2,"91":1,"92":1,"93":1,"94":1,"95":39,"96":1,"97":1,"98":1,"99":1,"100":1,"101":1,"102":0,"103":0,"104":0,"105":39,"106":1,"107":1,"108":1,"109":1,"110":1,"111":1,"112":1,"113":1,"114":1,"115":1,"116":0,"117":0,"118":39,"119":2,"120":2,"121":2,"122":1,"123":1,"124":1,"125":1,"126":39,"127":1,"128":1,"129":1,"130":1,"131":1,"132":1,"133":1,"134":0,"135":0},"f":{"0":2,"1":2,"2":1,"3":2,"4":2,"5":1,"6":1,"7":2,"8":1,"9":1,"10":2,"11":1},"b":{"0":[1,0]},"_coverageSchema":"1a1c01bbd47fc00a2c39e90264f33305004495a9","hash":"54d9fbbe32b98d2f5721138b784d01aac3edb863"}
,"C:\\Users\\dharm\\Desktop\\Testing\\IT314-G34---Healthcare-Provider-Comparison-Platform\\HealNexus\\Backend\\api\\routes\\Filter.routes.js": {"path":"C:\\Users\\dharm\\Desktop\\Testing\\IT314-G34---Healthcare-Provider-Comparison-Platform\\HealNexus\\Backend\\api\\routes\\Filter.routes.js","statementMap":{"0":{"start":{"line":4,"column":15},"end":{"line":4,"column":31}},"1":{"start":{"line":5,"column":0},"end":{"line":5,"column":51}},"2":{"start":{"line":6,"column":0},"end":{"line":6,"column":53}}},"fnMap":{},"branchMap":{},"s":{"0":39,"1":39,"2":39},"f":{},"b":{},"_coverageSchema":"1a1c01bbd47fc00a2c39e90264f33305004495a9","hash":"217e24444a4fde0a4226e14b85d9ce5a335702a2"}
,"C:\\Users\\dharm\\Desktop\\Testing\\IT314-G34---Healthcare-Provider-Comparison-Platform\\HealNexus\\Backend\\api\\routes\\admin.routes.js": {"path":"C:\\Users\\dharm\\Desktop\\Testing\\IT314-G34---Healthcare-Provider-Comparison-Platform\\HealNexus\\Backend\\api\\routes\\admin.routes.js","statementMap":{"0":{"start":{"line":5,"column":15},"end":{"line":5,"column":31}},"1":{"start":{"line":6,"column":0},"end":{"line":6,"column":35}},"2":{"start":{"line":7,"column":0},"end":{"line":7,"column":48}},"3":{"start":{"line":8,"column":0},"end":{"line":8,"column":54}},"4":{"start":{"line":9,"column":0},"end":{"line":9,"column":68}},"5":{"start":{"line":10,"column":0},"end":{"line":10,"column":73}},"6":{"start":{"line":11,"column":0},"end":{"line":11,"column":68}},"7":{"start":{"line":12,"column":0},"end":{"line":12,"column":60}},"8":{"start":{"line":13,"column":0},"end":{"line":13,"column":54}}},"fnMap":{},"branchMap":{},"s":{"0":39,"1":39,"2":39,"3":39,"4":39,"5":39,"6":39,"7":39,"8":39},"f":{},"b":{},"_coverageSchema":"1a1c01bbd47fc00a2c39e90264f33305004495a9","hash":"5b9b19f4fdc992305dc6dada83ba338a5c928b81"}
,"C:\\Users\\dharm\\Desktop\\Testing\\IT314-G34---Healthcare-Provider-Comparison-Platform\\HealNexus\\Backend\\api\\routes\\appointments.routes.js": {"path":"C:\\Users\\dharm\\Desktop\\Testing\\IT314-G34---Healthcare-Provider-Comparison-Platform\\HealNexus\\Backend\\api\\routes\\appointments.routes.js","statementMap":{"0":{"start":{"line":5,"column":15},"end":{"line":5,"column":31}},"1":{"start":{"line":6,"column":0},"end":{"line":6,"column":63}},"2":{"start":{"line":7,"column":0},"end":{"line":7,"column":77}},"3":{"start":{"line":8,"column":0},"end":{"line":8,"column":81}},"4":{"start":{"line":9,"column":0},"end":{"line":9,"column":84}}},"fnMap":{},"branchMap":{},"s":{"0":39,"1":39,"2":39,"3":39,"4":39},"f":{},"b":{},"_coverageSchema":"1a1c01bbd47fc00a2c39e90264f33305004495a9","hash":"6229c57c0e5f5ad89579654eb63924e1c258fd00"}
,"C:\\Users\\dharm\\Desktop\\Testing\\IT314-G34---Healthcare-Provider-Comparison-Platform\\HealNexus\\Backend\\api\\routes\\auth.routes.js": {"path":"C:\\Users\\dharm\\Desktop\\Testing\\IT314-G34---Healthcare-Provider-Comparison-Platform\\HealNexus\\Backend\\api\\routes\\auth.routes.js","statementMap":{"0":{"start":{"line":5,"column":15},"end":{"line":5,"column":31}},"1":{"start":{"line":6,"column":0},"end":{"line":6,"column":31}},"2":{"start":{"line":7,"column":0},"end":{"line":7,"column":42}},"3":{"start":{"line":8,"column":0},"end":{"line":8,"column":48}},"4":{"start":{"line":9,"column":0},"end":{"line":9,"column":53}},"5":{"start":{"line":10,"column":0},"end":{"line":10,"column":29}},"6":{"start":{"line":11,"column":0},"end":{"line":11,"column":31}},"7":{"start":{"line":12,"column":0},"end":{"line":12,"column":61}}},"fnMap":{},"branchMap":{},"s":{"0":39,"1":39,"2":39,"3":39,"4":39,"5":39,"6":39,"7":39},"f":{},"b":{},"_coverageSchema":"1a1c01bbd47fc00a2c39e90264f33305004495a9","hash":"c5cde8d2e14cc8e7754720b72597f53a10454711"}
,"C:\\Users\\dharm\\Desktop\\Testing\\IT314-G34---Healthcare-Provider-Comparison-Platform\\HealNexus\\Backend\\api\\routes\\patient.routes.js": {"path":"C:\\Users\\dharm\\Desktop\\Testing\\IT314-G34---Healthcare-Provider-Comparison-Platform\\HealNexus\\Backend\\api\\routes\\patient.routes.js","statementMap":{"0":{"start":{"line":5,"column":15},"end":{"line":5,"column":31}},"1":{"start":{"line":6,"column":0},"end":{"line":6,"column":58}},"2":{"start":{"line":7,"column":0},"end":{"line":7,"column":68}},"3":{"start":{"line":8,"column":0},"end":{"line":8,"column":52}},"4":{"start":{"line":9,"column":0},"end":{"line":9,"column":61}},"5":{"start":{"line":10,"column":0},"end":{"line":10,"column":71}},"6":{"start":{"line":11,"column":0},"end":{"line":11,"column":55}}},"fnMap":{},"branchMap":{},"s":{"0":39,"1":39,"2":39,"3":39,"4":39,"5":39,"6":39},"f":{},"b":{},"_coverageSchema":"1a1c01bbd47fc00a2c39e90264f33305004495a9","hash":"7a8d0081cf8575d3b340c6c98a6309da400f32eb"}
,"C:\\Users\\dharm\\Desktop\\Testing\\IT314-G34---Healthcare-Provider-Comparison-Platform\\HealNexus\\Backend\\api\\routes\\profile.route.js": {"path":"C:\\Users\\dharm\\Desktop\\Testing\\IT314-G34---Healthcare-Provider-Comparison-Platform\\HealNexus\\Backend\\api\\routes\\profile.route.js","statementMap":{"0":{"start":{"line":19,"column":15},"end":{"line":19,"column":31}},"1":{"start":{"line":21,"column":0},"end":{"line":21,"column":90}},"2":{"start":{"line":22,"column":0},"end":{"line":22,"column":89}},"3":{"start":{"line":23,"column":0},"end":{"line":23,"column":59}},"4":{"start":{"line":25,"column":0},"end":{"line":25,"column":88}},"5":{"start":{"line":26,"column":0},"end":{"line":26,"column":67}},"6":{"start":{"line":27,"column":0},"end":{"line":27,"column":61}},"7":{"start":{"line":29,"column":0},"end":{"line":29,"column":103}},"8":{"start":{"line":30,"column":0},"end":{"line":30,"column":82}},"9":{"start":{"line":31,"column":0},"end":{"line":31,"column":76}},"10":{"start":{"line":33,"column":0},"end":{"line":33,"column":96}},"11":{"start":{"line":34,"column":0},"end":{"line":34,"column":75}},"12":{"start":{"line":35,"column":0},"end":{"line":35,"column":69}}},"fnMap":{},"branchMap":{},"s":{"0":39,"1":39,"2":39,"3":39,"4":39,"5":39,"6":39,"7":39,"8":39,"9":39,"10":39,"11":39,"12":39},"f":{},"b":{},"_coverageSchema":"1a1c01bbd47fc00a2c39e90264f33305004495a9","hash":"eca2fce8fc4429647d78db1d18a1bd48a0b108d4"}
,"C:\\Users\\dharm\\Desktop\\Testing\\IT314-G34---Healthcare-Provider-Comparison-Platform\\HealNexus\\Backend\\data\\models\\appointment.models.js": {"path":"C:\\Users\\dharm\\Desktop\\Testing\\IT314-G34---Healthcare-Provider-Comparison-Platform\\HealNexus\\Backend\\data\\models\\appointment.models.js","statementMap":{"0":{"start":{"line":3,"column":26},"end":{"line":14,"column":24}},"1":{"start":{"line":16,"column":20},"end":{"line":16,"column":59}}},"fnMap":{},"branchMap":{},"s":{"0":39,"1":39},"f":{},"b":{},"_coverageSchema":"1a1c01bbd47fc00a2c39e90264f33305004495a9","hash":"c70157660df5772949f3e63690f98079669f6866"}
,"C:\\Users\\dharm\\Desktop\\Testing\\IT314-G34---Healthcare-Provider-Comparison-Platform\\HealNexus\\Backend\\data\\models\\user.model.js": {"path":"C:\\Users\\dharm\\Desktop\\Testing\\IT314-G34---Healthcare-Provider-Comparison-Platform\\HealNexus\\Backend\\data\\models\\user.model.js","statementMap":{"0":{"start":{"line":4,"column":19},"end":{"line":17,"column":24}},"1":{"start":{"line":19,"column":13},"end":{"line":19,"column":38}}},"fnMap":{},"branchMap":{},"s":{"0":39,"1":39},"f":{},"b":{},"_coverageSchema":"1a1c01bbd47fc00a2c39e90264f33305004495a9","hash":"24fd5be9440edd4975bfb83bd47a535791f7d1d6"}
,"C:\\Users\\dharm\\Desktop\\Testing\\IT314-G34---Healthcare-Provider-Comparison-Platform\\HealNexus\\Backend\\data\\models\\profile\\profile.admin.js": {"path":"C:\\Users\\dharm\\Desktop\\Testing\\IT314-G34---Healthcare-Provider-Comparison-Platform\\HealNexus\\Backend\\data\\models\\profile\\profile.admin.js","statementMap":{"0":{"start":{"line":3,"column":20},"end":{"line":14,"column":24}},"1":{"start":{"line":16,"column":21},"end":{"line":16,"column":55}}},"fnMap":{},"branchMap":{},"s":{"0":39,"1":39},"f":{},"b":{},"_coverageSchema":"1a1c01bbd47fc00a2c39e90264f33305004495a9","hash":"25e5c061fcd7d1fd591c5188b11aaad793b9f6df"}
,"C:\\Users\\dharm\\Desktop\\Testing\\IT314-G34---Healthcare-Provider-Comparison-Platform\\HealNexus\\Backend\\data\\models\\profile\\profile.doctor.js": {"path":"C:\\Users\\dharm\\Desktop\\Testing\\IT314-G34---Healthcare-Provider-Comparison-Platform\\HealNexus\\Backend\\data\\models\\profile\\profile.doctor.js","statementMap":{"0":{"start":{"line":3,"column":21},"end":{"line":24,"column":24}},"1":{"start":{"line":26,"column":22},"end":{"line":26,"column":58}}},"fnMap":{},"branchMap":{},"s":{"0":39,"1":39},"f":{},"b":{},"_coverageSchema":"1a1c01bbd47fc00a2c39e90264f33305004495a9","hash":"ecb4aa76d4abda72d0a0cb40dc801eaa2d730f5f"}
,"C:\\Users\\dharm\\Desktop\\Testing\\IT314-G34---Healthcare-Provider-Comparison-Platform\\HealNexus\\Backend\\data\\models\\profile\\profile.labTechnician.js": {"path":"C:\\Users\\dharm\\Desktop\\Testing\\IT314-G34---Healthcare-Provider-Comparison-Platform\\HealNexus\\Backend\\data\\models\\profile\\profile.labTechnician.js","statementMap":{"0":{"start":{"line":3,"column":28},"end":{"line":20,"column":24}},"1":{"start":{"line":22,"column":29},"end":{"line":22,"column":79}}},"fnMap":{},"branchMap":{},"s":{"0":39,"1":39},"f":{},"b":{},"_coverageSchema":"1a1c01bbd47fc00a2c39e90264f33305004495a9","hash":"2a0f7319af3eac00f07957c057bd9c53f9b4eb4d"}
,"C:\\Users\\dharm\\Desktop\\Testing\\IT314-G34---Healthcare-Provider-Comparison-Platform\\HealNexus\\Backend\\data\\models\\profile\\profile.patient.js": {"path":"C:\\Users\\dharm\\Desktop\\Testing\\IT314-G34---Healthcare-Provider-Comparison-Platform\\HealNexus\\Backend\\data\\models\\profile\\profile.patient.js","statementMap":{"0":{"start":{"line":3,"column":22},"end":{"line":24,"column":2}},"1":{"start":{"line":26,"column":23},"end":{"line":26,"column":61}}},"fnMap":{},"branchMap":{},"s":{"0":39,"1":39},"f":{},"b":{},"_coverageSchema":"1a1c01bbd47fc00a2c39e90264f33305004495a9","hash":"b963bfaf4061b053ffe4b8cb94d269b795730d11"}
,"C:\\Users\\dharm\\Desktop\\Testing\\IT314-G34---Healthcare-Provider-Comparison-Platform\\HealNexus\\Backend\\data\\models\\profile\\profile.pharmacist.js": {"path":"C:\\Users\\dharm\\Desktop\\Testing\\IT314-G34---Healthcare-Provider-Comparison-Platform\\HealNexus\\Backend\\data\\models\\profile\\profile.pharmacist.js","statementMap":{"0":{"start":{"line":3,"column":25},"end":{"line":18,"column":24}},"1":{"start":{"line":20,"column":26},"end":{"line":20,"column":70}}},"fnMap":{},"branchMap":{},"s":{"0":39,"1":39},"f":{},"b":{},"_coverageSchema":"1a1c01bbd47fc00a2c39e90264f33305004495a9","hash":"0fb9201821634152b305ea90cca7b774b8ca5f15"}
,"C:\\Users\\dharm\\Desktop\\Testing\\IT314-G34---Healthcare-Provider-Comparison-Platform\\HealNexus\\Backend\\middleware\\multer.js": {"path":"C:\\Users\\dharm\\Desktop\\Testing\\IT314-G34---Healthcare-Provider-Comparison-Platform\\HealNexus\\Backend\\middleware\\multer.js","statementMap":{"0":{"start":{"line":3,"column":16},"end":{"line":11,"column":2}},"1":{"start":{"line":5,"column":8},"end":{"line":5,"column":61}},"2":{"start":{"line":9,"column":8},"end":{"line":9,"column":44}},"3":{"start":{"line":13,"column":15},"end":{"line":13,"column":34}}},"fnMap":{"0":{"name":"(anonymous_0)","decl":{"start":{"line":4,"column":14},"end":{"line":4,"column":15}},"loc":{"start":{"line":4,"column":44},"end":{"line":6,"column":5}},"line":4},"1":{"name":"(anonymous_1)","decl":{"start":{"line":8,"column":17},"end":{"line":8,"column":18}},"loc":{"start":{"line":8,"column":47},"end":{"line":10,"column":5}},"line":8}},"branchMap":{},"s":{"0":39,"1":5,"2":5,"3":39},"f":{"0":5,"1":5},"b":{},"_coverageSchema":"1a1c01bbd47fc00a2c39e90264f33305004495a9","hash":"a358a91edc2b37d1a4ae74a2f7f59167eed664c2"}
,"C:\\Users\\dharm\\Desktop\\Testing\\IT314-G34---Healthcare-Provider-Comparison-Platform\\HealNexus\\Backend\\middleware\\verifyToken.js": {"path":"C:\\Users\\dharm\\Desktop\\Testing\\IT314-G34---Healthcare-Provider-Comparison-Platform\\HealNexus\\Backend\\middleware\\verifyToken.js","statementMap":{"0":{"start":{"line":3,"column":20},"end":{"line":21,"column":1}},"1":{"start":{"line":4,"column":2},"end":{"line":20,"column":3}},"2":{"start":{"line":5,"column":18},"end":{"line":5,"column":60}},"3":{"start":{"line":6,"column":4},"end":{"line":6,"column":23}},"4":{"start":{"line":7,"column":4},"end":{"line":9,"column":5}},"5":{"start":{"line":8,"column":6},"end":{"line":8,"column":82}},"6":{"start":{"line":10,"column":19},"end":{"line":10,"column":70}},"7":{"start":{"line":11,"column":4},"end":{"line":13,"column":5}},"8":{"start":{"line":12,"column":6},"end":{"line":12,"column":81}},"9":{"start":{"line":15,"column":4},"end":{"line":15,"column":31}},"10":{"start":{"line":16,"column":4},"end":{"line":16,"column":11}},"11":{"start":{"line":18,"column":4},"end":{"line":18,"column":40}},"12":{"start":{"line":19,"column":4},"end":{"line":19,"column":69}}},"fnMap":{"0":{"name":"(anonymous_0)","decl":{"start":{"line":3,"column":20},"end":{"line":3,"column":21}},"loc":{"start":{"line":3,"column":40},"end":{"line":21,"column":1}},"line":3}},"branchMap":{"0":{"loc":{"start":{"line":5,"column":18},"end":{"line":5,"column":60}},"type":"binary-expr","locations":[{"start":{"line":5,"column":18},"end":{"line":5,"column":33}},{"start":{"line":5,"column":37},"end":{"line":5,"column":60}}],"line":5},"1":{"loc":{"start":{"line":7,"column":4},"end":{"line":9,"column":5}},"type":"if","locations":[{"start":{"line":7,"column":4},"end":{"line":9,"column":5}},{"start":{},"end":{}}],"line":7},"2":{"loc":{"start":{"line":10,"column":37},"end":{"line":10,"column":69}},"type":"binary-expr","locations":[{"start":{"line":10,"column":37},"end":{"line":10,"column":63}},{"start":{"line":10,"column":67},"end":{"line":10,"column":69}}],"line":10},"3":{"loc":{"start":{"line":11,"column":4},"end":{"line":13,"column":5}},"type":"if","locations":[{"start":{"line":11,"column":4},"end":{"line":13,"column":5}},{"start":{},"end":{}}],"line":11}},"s":{"0":39,"1":48,"2":48,"3":48,"4":48,"5":2,"6":46,"7":46,"8":0,"9":46,"10":46,"11":0,"12":0},"f":{"0":48},"b":{"0":[48,2],"1":[2,46],"2":[46,0],"3":[0,46]},"_coverageSchema":"1a1c01bbd47fc00a2c39e90264f33305004495a9","hash":"ede9594b6b1c68eb410cf06c0f02c7871641a63c"}
,"C:\\Users\\dharm\\Desktop\\Testing\\IT314-G34---Healthcare-Provider-Comparison-Platform\\HealNexus\\Backend\\src\\app.js": {"path":"C:\\Users\\dharm\\Desktop\\Testing\\IT314-G34---Healthcare-Provider-Comparison-Platform\\HealNexus\\Backend\\src\\app.js","statementMap":{"0":{"start":{"line":15,"column":0},"end":{"line":15,"column":16}},"1":{"start":{"line":16,"column":12},"end":{"line":16,"column":21}},"2":{"start":{"line":18,"column":23},"end":{"line":18,"column":77}},"3":{"start":{"line":19,"column":0},"end":{"line":19,"column":28}},"4":{"start":{"line":21,"column":20},"end":{"line":25,"column":1}},"5":{"start":{"line":27,"column":0},"end":{"line":27,"column":27}},"6":{"start":{"line":29,"column":19},"end":{"line":29,"column":49}},"7":{"start":{"line":30,"column":18},"end":{"line":30,"column":37}},"8":{"start":{"line":32,"column":0},"end":{"line":32,"column":24}},"9":{"start":{"line":33,"column":0},"end":{"line":33,"column":24}},"10":{"start":{"line":34,"column":0},"end":{"line":34,"column":70}},"11":{"start":{"line":35,"column":0},"end":{"line":35,"column":84}},"12":{"start":{"line":37,"column":0},"end":{"line":37,"column":29}},"13":{"start":{"line":38,"column":0},"end":{"line":38,"column":35}},"14":{"start":{"line":39,"column":0},"end":{"line":39,"column":31}},"15":{"start":{"line":40,"column":0},"end":{"line":40,"column":43}},"16":{"start":{"line":41,"column":0},"end":{"line":41,"column":35}},"17":{"start":{"line":42,"column":0},"end":{"line":42,"column":27}}},"fnMap":{},"branchMap":{"0":{"loc":{"start":{"line":18,"column":23},"end":{"line":18,"column":77}},"type":"cond-expr","locations":[{"start":{"line":18,"column":48},"end":{"line":18,"column":72}},{"start":{"line":18,"column":75},"end":{"line":18,"column":77}}],"line":18}},"s":{"0":39,"1":39,"2":39,"3":39,"4":39,"5":39,"6":39,"7":39,"8":39,"9":39,"10":39,"11":39,"12":39,"13":39,"14":39,"15":39,"16":39,"17":39},"f":{},"b":{"0":[0,39]},"_coverageSchema":"1a1c01bbd47fc00a2c39e90264f33305004495a9","hash":"07f772cb80381122625430650476e177a9f49ef0"}
}
