TN:
SF:Nodemailer\emailTemplates.js
FNF:0
FNH:0
DA:1,39
DA:55,39
DA:110,39
DA:159,39
LF:4
LH:4
BRF:0
BRH:0
end_of_record
TN:
SF:Nodemailer\sendPasswordResetEmail.js
FN:8,(anonymous_0)
FNF:1
FNH:1
FNDA:1,(anonymous_0)
DA:8,39
DA:9,1
DA:10,1
DA:20,1
DA:21,1
DA:22,1
DA:23,1
DA:25,1
DA:40,1
DA:42,1
DA:43,1
LF:11
LH:11
BRDA:28,0,0,1
BRDA:28,0,1,0
BRF:2
BRH:1
end_of_record
TN:
SF:Nodemailer\sendResetSuccessfulMail.js
FN:8,(anonymous_0)
FNF:1
FNH:1
FNDA:1,(anonymous_0)
DA:8,39
DA:9,1
DA:10,1
DA:20,1
DA:21,1
DA:22,1
DA:23,1
DA:25,1
DA:40,1
DA:42,1
DA:43,1
LF:11
LH:11
BRDA:28,0,0,1
BRDA:28,0,1,0
BRF:2
BRH:1
end_of_record
TN:
SF:Nodemailer\sendVerificationCode.js
FN:8,(anonymous_0)
FNF:1
FNH:1
FNDA:2,(anonymous_0)
DA:8,39
DA:9,2
DA:10,2
DA:20,2
DA:21,2
DA:22,2
DA:23,2
DA:25,2
DA:40,2
DA:42,2
DA:43,2
LF:11
LH:11
BRDA:28,0,0,2
BRDA:28,0,1,0
BRDA:28,1,0,2
BRDA:28,1,1,0
BRF:4
BRH:2
end_of_record
TN:
SF:Nodemailer\sendWelcomeMail.js
FN:8,(anonymous_0)
FNF:1
FNH:1
FNDA:1,(anonymous_0)
DA:8,39
DA:9,1
DA:10,1
DA:20,1
DA:21,1
DA:22,1
DA:23,1
DA:25,1
DA:40,1
DA:42,1
DA:43,1
LF:11
LH:11
BRDA:28,0,0,1
BRDA:28,0,1,0
BRF:2
BRH:1
end_of_record
TN:
SF:Utilites\errorCodes.js
FN:11,getErrorDetails
FNF:1
FNH:1
FNDA:50,getErrorDetails
DA:1,39
DA:12,50
DA:13,50
DA:14,0
DA:17,50
LF:5
LH:4
BRDA:11,0,0,19
BRDA:13,1,0,0
BRDA:13,1,1,50
BRDA:19,2,0,31
BRDA:19,2,1,19
BRF:5
BRH:4
end_of_record
TN:
SF:Utilites\generateJWTTokenAndCookie.js
FN:3,(anonymous_0)
FNF:1
FNH:1
FNDA:3,(anonymous_0)
DA:3,39
DA:4,3
DA:5,3
DA:6,0
DA:9,3
DA:10,3
LF:6
LH:5
BRDA:5,0,0,0
BRDA:5,0,1,3
BRF:2
BRH:1
end_of_record
TN:
SF:Utilites\generateVerificationCode.js
FN:1,(anonymous_0)
FNF:1
FNH:1
FNDA:3,(anonymous_0)
DA:1,39
DA:2,3
LF:2
LH:2
BRF:0
BRH:0
end_of_record
TN:
SF:Utilites\options.js
FNF:0
FNH:0
DA:1,39
DA:9,39
LF:2
LH:2
BRF:0
BRH:0
end_of_record
TN:
SF:api\controllers\admin.controller.js
FN:12,(anonymous_0)
FN:34,(anonymous_1)
FN:63,(anonymous_2)
FN:79,(anonymous_3)
FN:83,(anonymous_4)
FN:99,(anonymous_5)
FN:103,(anonymous_6)
FN:119,(anonymous_7)
FN:131,(anonymous_8)
FN:143,(anonymous_9)
FN:152,(anonymous_10)
FN:181,(anonymous_11)
FNF:12
FNH:12
FNDA:2,(anonymous_0)
FNDA:2,(anonymous_1)
FNDA:3,(anonymous_2)
FNDA:2,(anonymous_3)
FNDA:2,(anonymous_4)
FNDA:2,(anonymous_5)
FNDA:1,(anonymous_6)
FNDA:1,(anonymous_7)
FNDA:2,(anonymous_8)
FNDA:1,(anonymous_9)
FNDA:1,(anonymous_10)
FNDA:1,(anonymous_11)
DA:12,39
DA:13,2
DA:14,2
DA:15,2
DA:16,1
DA:18,1
DA:23,1
DA:24,1
DA:29,0
DA:30,0
DA:34,39
DA:35,2
DA:36,2
DA:37,2
DA:42,2
DA:48,2
DA:49,1
DA:52,1
DA:53,1
DA:58,0
DA:59,0
DA:63,39
DA:64,3
DA:65,3
DA:67,3
DA:68,2
DA:69,1
DA:71,1
DA:74,1
DA:75,1
DA:79,39
DA:80,2
DA:81,2
DA:82,2
DA:84,2
DA:85,2
DA:92,2
DA:94,0
DA:95,0
DA:99,39
DA:100,2
DA:101,2
DA:102,2
DA:104,1
DA:105,1
DA:112,2
DA:114,0
DA:115,0
DA:119,39
DA:120,1
DA:121,1
DA:122,1
DA:124,1
DA:126,0
DA:127,0
DA:131,39
DA:132,2
DA:133,2
DA:134,2
DA:137,0
DA:138,0
DA:143,39
DA:144,1
DA:145,1
DA:146,1
DA:147,1
DA:148,1
DA:149,1
DA:151,1
DA:154,1
DA:155,1
DA:158,1
DA:159,1
DA:162,1
DA:163,0
DA:164,0
DA:167,1
DA:181,1
DA:183,1
DA:192,1
DA:195,0
DA:196,0
LF:82
LH:66
BRDA:15,0,0,1
BRDA:15,0,1,1
BRDA:48,1,0,1
BRDA:48,1,1,1
BRDA:67,2,0,2
BRDA:67,2,1,1
BRDA:67,3,0,3
BRDA:67,3,1,2
BRDA:87,4,0,2
BRDA:87,4,1,0
BRDA:107,5,0,1
BRDA:107,5,1,0
BRDA:158,6,0,1
BRDA:158,6,1,0
BRDA:159,7,0,1
BRDA:159,7,1,0
BRDA:162,8,0,0
BRDA:162,8,1,1
BRDA:162,9,0,1
BRDA:162,9,1,1
BRF:20
BRH:15
end_of_record
TN:
SF:api\controllers\appointment.controller.js
FN:7,(anonymous_0)
FN:51,(anonymous_1)
FN:58,(anonymous_2)
FN:93,(anonymous_3)
FN:111,(anonymous_4)
FN:122,(anonymous_5)
FN:139,(anonymous_6)
FNF:7
FNH:6
FNDA:3,(anonymous_0)
FNDA:1,(anonymous_1)
FNDA:1,(anonymous_2)
FNDA:1,(anonymous_3)
FNDA:0,(anonymous_4)
FNDA:1,(anonymous_5)
FNDA:1,(anonymous_6)
DA:7,39
DA:8,3
DA:9,3
DA:10,3
DA:12,3
DA:13,3
DA:15,3
DA:16,1
DA:19,2
DA:20,2
DA:21,1
DA:22,1
DA:24,0
DA:27,1
DA:30,1
DA:40,1
DA:41,1
DA:43,1
DA:45,0
DA:46,0
DA:51,39
DA:52,1
DA:53,1
DA:55,1
DA:56,1
DA:58,1
DA:59,1
DA:60,1
DA:62,1
DA:84,1
DA:85,1
DA:88,0
DA:89,0
DA:93,39
DA:94,1
DA:95,1
DA:96,1
DA:97,1
DA:98,1
DA:99,1
DA:101,1
DA:102,0
DA:105,1
DA:107,1
DA:108,1
DA:110,1
DA:111,1
DA:113,0
DA:114,0
DA:117,1
DA:118,1
DA:122,39
DA:123,1
DA:124,1
DA:125,1
DA:126,1
DA:127,1
DA:129,1
DA:130,0
DA:133,1
DA:135,1
DA:136,1
DA:138,1
DA:139,1
DA:141,1
DA:142,1
DA:145,0
DA:146,0
LF:68
LH:57
BRDA:15,0,0,1
BRDA:15,0,1,2
BRDA:15,1,0,3
BRDA:15,1,1,3
BRDA:20,2,0,1
BRDA:20,2,1,1
BRDA:21,3,0,1
BRDA:21,3,1,0
BRDA:101,4,0,0
BRDA:101,4,1,1
BRDA:129,5,0,0
BRDA:129,5,1,1
BRF:12
BRH:9
end_of_record
TN:
SF:api\controllers\auth.controller.js
FN:21,(anonymous_0)
FN:77,(anonymous_1)
FN:114,(anonymous_2)
FN:141,(anonymous_3)
FN:174,(anonymous_4)
FN:228,(anonymous_5)
FN:241,(anonymous_6)
FNF:7
FNH:7
FNDA:6,(anonymous_0)
FNDA:5,(anonymous_1)
FNDA:3,(anonymous_2)
FNDA:5,(anonymous_3)
FNDA:3,(anonymous_4)
FNDA:1,(anonymous_5)
FNDA:2,(anonymous_6)
DA:16,39
DA:21,39
DA:22,6
DA:23,6
DA:24,6
DA:25,1
DA:26,1
DA:29,5
DA:30,5
DA:31,0
DA:32,0
DA:33,0
DA:35,0
DA:39,5
DA:40,1
DA:41,1
DA:44,4
DA:45,1
DA:46,1
DA:49,3
DA:50,3
DA:51,3
DA:53,3
DA:61,3
DA:62,2
DA:64,2
DA:65,2
DA:68,2
DA:71,1
DA:72,1
DA:73,1
DA:77,39
DA:78,5
DA:79,5
DA:80,5
DA:85,5
DA:86,4
DA:87,4
DA:90,1
DA:91,0
DA:92,0
DA:95,1
DA:96,1
DA:97,1
DA:98,1
DA:100,1
DA:101,1
DA:102,1
DA:109,0
DA:110,0
DA:114,39
DA:115,3
DA:116,3
DA:118,3
DA:119,3
DA:120,2
DA:121,2
DA:124,1
DA:125,1
DA:126,1
DA:127,1
DA:129,1
DA:130,1
DA:131,1
DA:133,1
DA:136,0
DA:137,0
DA:141,39
DA:142,5
DA:143,5
DA:144,5
DA:146,5
DA:151,5
DA:152,4
DA:153,4
DA:156,1
DA:157,1
DA:159,1
DA:160,1
DA:161,1
DA:162,1
DA:164,1
DA:165,1
DA:166,1
DA:169,0
DA:170,0
DA:174,39
DA:175,3
DA:176,3
DA:178,3
DA:179,1
DA:180,1
DA:181,1
DA:186,2
DA:187,2
DA:189,2
DA:190,2
DA:191,2
DA:194,0
DA:195,0
DA:196,0
DA:197,0
DA:200,0
DA:202,0
DA:203,0
DA:204,0
DA:207,0
DA:208,0
DA:209,0
DA:215,0
DA:216,0
DA:217,0
DA:222,0
DA:223,0
DA:224,0
DA:228,39
DA:229,1
DA:230,1
DA:231,1
DA:232,1
DA:233,1
DA:236,0
DA:237,0
DA:241,39
DA:242,2
DA:243,2
DA:245,2
DA:246,0
DA:247,0
DA:250,2
DA:252,2
DA:253,1
DA:254,1
DA:257,1
DA:263,1
DA:264,1
DA:267,0
DA:271,0
LF:138
LH:103
BRDA:24,0,0,1
BRDA:24,0,1,5
BRDA:24,1,0,6
BRDA:24,1,1,5
BRDA:24,1,2,5
BRDA:24,1,3,5
BRDA:24,1,4,5
BRDA:30,2,0,0
BRDA:30,2,1,5
BRDA:31,3,0,0
BRDA:31,3,1,0
BRDA:39,4,0,1
BRDA:39,4,1,4
BRDA:44,5,0,1
BRDA:44,5,1,3
BRDA:85,6,0,4
BRDA:85,6,1,1
BRDA:90,7,0,0
BRDA:90,7,1,1
BRDA:119,8,0,2
BRDA:119,8,1,1
BRDA:151,9,0,4
BRDA:151,9,1,1
BRDA:178,10,0,1
BRDA:178,10,1,2
BRDA:178,11,0,3
BRDA:178,11,1,1
BRDA:187,12,0,2
BRDA:187,12,1,1
BRDA:189,13,0,2
BRDA:189,13,1,0
BRDA:189,14,0,2
BRDA:189,14,1,1
BRDA:195,15,0,0
BRDA:195,15,1,0
BRDA:202,16,0,0
BRDA:202,16,1,0
BRDA:207,17,0,0
BRDA:207,17,1,0
BRDA:207,18,0,0
BRDA:207,18,1,0
BRDA:208,19,0,0
BRDA:208,19,1,0
BRDA:245,20,0,0
BRDA:245,20,1,2
BRDA:252,21,0,1
BRDA:252,21,1,1
BRF:47
BRH:31
end_of_record
TN:
SF:api\controllers\dashboard.controller.js
FN:3,(anonymous_0)
FN:21,(anonymous_1)
FNF:2
FNH:2
FNDA:2,(anonymous_0)
FNDA:3,(anonymous_1)
DA:3,39
DA:4,2
DA:5,2
DA:6,2
DA:8,2
DA:9,1
DA:12,1
DA:13,1
DA:16,0
DA:17,0
DA:21,39
DA:22,3
DA:23,3
DA:24,3
DA:25,1
DA:28,2
DA:29,2
DA:30,1
DA:33,1
DA:34,1
DA:37,0
DA:38,0
LF:22
LH:18
BRDA:8,0,0,1
BRDA:8,0,1,1
BRDA:24,1,0,1
BRDA:24,1,1,2
BRDA:29,2,0,1
BRDA:29,2,1,1
BRF:6
BRH:6
end_of_record
TN:
SF:api\controllers\doctor.controller.js
FN:6,(anonymous_0)
FN:22,(anonymous_1)
FN:40,(anonymous_2)
FN:45,(anonymous_3)
FN:47,(anonymous_4)
FN:64,(anonymous_5)
FN:71,(anonymous_6)
FN:92,(anonymous_7)
FN:105,(anonymous_8)
FN:123,(anonymous_9)
FN:129,(anonymous_10)
FN:136,(anonymous_11)
FNF:12
FNH:12
FNDA:2,(anonymous_0)
FNDA:2,(anonymous_1)
FNDA:1,(anonymous_2)
FNDA:1,(anonymous_3)
FNDA:1,(anonymous_4)
FNDA:2,(anonymous_5)
FNDA:2,(anonymous_6)
FNDA:2,(anonymous_7)
FNDA:3,(anonymous_8)
FNDA:2,(anonymous_9)
FNDA:3,(anonymous_10)
FNDA:3,(anonymous_11)
DA:6,39
DA:7,2
DA:8,2
DA:9,2
DA:10,2
DA:11,1
DA:14,1
DA:17,0
DA:18,0
DA:22,39
DA:23,2
DA:24,2
DA:26,2
DA:27,2
DA:28,1
DA:31,1
DA:32,1
DA:35,0
DA:36,0
DA:40,39
DA:41,1
DA:42,1
DA:43,1
DA:45,1
DA:46,1
DA:47,1
DA:50,1
DA:56,1
DA:59,0
DA:60,0
DA:64,39
DA:65,2
DA:66,2
DA:67,2
DA:68,2
DA:69,2
DA:71,2
DA:72,2
DA:73,2
DA:74,2
DA:92,2
DA:93,2
DA:96,2
DA:97,2
DA:100,0
DA:101,0
DA:105,39
DA:106,3
DA:107,3
DA:108,3
DA:110,3
DA:111,1
DA:112,1
DA:114,2
DA:118,0
DA:119,0
DA:123,39
DA:124,2
DA:125,2
DA:126,2
DA:127,2
DA:128,2
DA:129,2
DA:130,3
DA:131,2
DA:135,2
DA:136,2
DA:137,3
DA:138,3
DA:141,2
DA:148,2
DA:151,0
DA:152,0
LF:73
LH:61
BRDA:10,0,0,1
BRDA:10,0,1,1
BRDA:27,1,0,1
BRDA:27,1,1,1
BRDA:52,2,0,1
BRDA:52,2,1,0
BRDA:93,3,0,2
BRDA:93,3,1,0
BRDA:110,4,0,1
BRDA:110,4,1,2
BRDA:110,5,0,3
BRDA:110,5,1,1
BRDA:130,6,0,2
BRDA:130,6,1,1
BRDA:130,7,0,3
BRDA:130,7,1,2
BRDA:137,8,0,3
BRDA:137,8,1,0
BRF:18
BRH:15
end_of_record
TN:
SF:api\controllers\profile.controller.js
FN:9,(anonymous_0)
FN:44,(anonymous_1)
FN:71,(anonymous_2)
FN:109,(anonymous_3)
FN:146,(anonymous_4)
FN:176,(anonymous_5)
FN:207,(anonymous_6)
FN:241,(anonymous_7)
FN:263,(anonymous_8)
FN:292,(anonymous_9)
FN:327,(anonymous_10)
FN:351,(anonymous_11)
FNF:12
FNH:12
FNDA:2,(anonymous_0)
FNDA:2,(anonymous_1)
FNDA:1,(anonymous_2)
FNDA:2,(anonymous_3)
FNDA:2,(anonymous_4)
FNDA:1,(anonymous_5)
FNDA:1,(anonymous_6)
FNDA:2,(anonymous_7)
FNDA:1,(anonymous_8)
FNDA:1,(anonymous_9)
FNDA:2,(anonymous_10)
FNDA:1,(anonymous_11)
DA:9,39
DA:10,2
DA:11,2
DA:12,2
DA:13,2
DA:15,2
DA:18,1
DA:20,1
DA:31,1
DA:32,1
DA:33,1
DA:38,1
DA:39,1
DA:40,1
DA:44,39
DA:45,2
DA:46,2
DA:47,2
DA:48,2
DA:49,2
DA:60,1
DA:61,1
DA:66,1
DA:67,1
DA:71,39
DA:72,1
DA:73,1
DA:74,1
DA:75,1
DA:84,1
DA:85,1
DA:86,1
DA:89,1
DA:90,1
DA:92,0
DA:93,0
DA:97,1
DA:98,1
DA:99,1
DA:104,0
DA:105,0
DA:109,39
DA:110,2
DA:111,2
DA:112,2
DA:113,2
DA:115,2
DA:118,1
DA:120,1
DA:133,1
DA:134,1
DA:135,1
DA:140,1
DA:141,1
DA:142,1
DA:146,39
DA:147,2
DA:148,2
DA:149,2
DA:151,1
DA:165,1
DA:166,1
DA:171,1
DA:172,1
DA:176,39
DA:177,1
DA:178,1
DA:179,1
DA:190,1
DA:196,1
DA:197,1
DA:202,0
DA:203,0
DA:207,39
DA:208,1
DA:209,1
DA:210,1
DA:211,1
DA:213,1
DA:216,1
DA:218,1
DA:228,1
DA:229,1
DA:230,1
DA:235,0
DA:236,0
DA:237,0
DA:241,39
DA:242,2
DA:243,2
DA:244,2
DA:252,1
DA:253,1
DA:258,1
DA:259,1
DA:263,39
DA:264,1
DA:265,1
DA:266,1
DA:274,1
DA:280,1
DA:281,1
DA:286,0
DA:287,0
DA:288,0
DA:292,39
DA:293,1
DA:294,1
DA:295,1
DA:296,1
DA:298,1
DA:301,1
DA:303,1
DA:315,1
DA:316,1
DA:317,1
DA:322,0
DA:323,0
DA:327,39
DA:328,2
DA:329,2
DA:330,2
DA:340,1
DA:341,1
DA:346,1
DA:347,1
DA:351,39
DA:352,1
DA:353,1
DA:354,1
DA:356,1
DA:367,1
DA:373,1
DA:374,1
DA:379,0
DA:380,0
LF:136
LH:120
BRDA:84,0,0,1
BRDA:84,0,1,0
BRF:2
BRH:1
end_of_record
TN:
SF:api\routes\Filter.routes.js
FNF:0
FNH:0
DA:4,39
DA:5,39
DA:6,39
LF:3
LH:3
BRF:0
BRH:0
end_of_record
TN:
SF:api\routes\admin.routes.js
FNF:0
FNH:0
DA:5,39
DA:6,39
DA:7,39
DA:8,39
DA:9,39
DA:10,39
DA:11,39
DA:12,39
DA:13,39
LF:9
LH:9
BRF:0
BRH:0
end_of_record
TN:
SF:api\routes\appointments.routes.js
FNF:0
FNH:0
DA:5,39
DA:6,39
DA:7,39
DA:8,39
DA:9,39
LF:5
LH:5
BRF:0
BRH:0
end_of_record
TN:
SF:api\routes\auth.routes.js
FNF:0
FNH:0
DA:5,39
DA:6,39
DA:7,39
DA:8,39
DA:9,39
DA:10,39
DA:11,39
DA:12,39
LF:8
LH:8
BRF:0
BRH:0
end_of_record
TN:
SF:api\routes\patient.routes.js
FNF:0
FNH:0
DA:5,39
DA:6,39
DA:7,39
DA:8,39
DA:9,39
DA:10,39
DA:11,39
LF:7
LH:7
BRF:0
BRH:0
end_of_record
TN:
SF:api\routes\profile.route.js
FNF:0
FNH:0
DA:19,39
DA:21,39
DA:22,39
DA:23,39
DA:25,39
DA:26,39
DA:27,39
DA:29,39
DA:30,39
DA:31,39
DA:33,39
DA:34,39
DA:35,39
LF:13
LH:13
BRF:0
BRH:0
end_of_record
TN:
SF:data\models\appointment.models.js
FNF:0
FNH:0
DA:3,39
DA:16,39
LF:2
LH:2
BRF:0
BRH:0
end_of_record
TN:
SF:data\models\user.model.js
FNF:0
FNH:0
DA:4,39
DA:19,39
LF:2
LH:2
BRF:0
BRH:0
end_of_record
TN:
SF:data\models\profile\profile.admin.js
FNF:0
FNH:0
DA:3,39
DA:16,39
LF:2
LH:2
BRF:0
BRH:0
end_of_record
TN:
SF:data\models\profile\profile.doctor.js
FNF:0
FNH:0
DA:3,39
DA:26,39
LF:2
LH:2
BRF:0
BRH:0
end_of_record
TN:
SF:data\models\profile\profile.labTechnician.js
FNF:0
FNH:0
DA:3,39
DA:22,39
LF:2
LH:2
BRF:0
BRH:0
end_of_record
TN:
SF:data\models\profile\profile.patient.js
FNF:0
FNH:0
DA:3,39
DA:26,39
LF:2
LH:2
BRF:0
BRH:0
end_of_record
TN:
SF:data\models\profile\profile.pharmacist.js
FNF:0
FNH:0
DA:3,39
DA:20,39
LF:2
LH:2
BRF:0
BRH:0
end_of_record
TN:
SF:middleware\multer.js
FN:4,(anonymous_0)
FN:8,(anonymous_1)
FNF:2
FNH:2
FNDA:5,(anonymous_0)
FNDA:5,(anonymous_1)
DA:3,39
DA:5,5
DA:9,5
DA:13,39
LF:4
LH:4
BRF:0
BRH:0
end_of_record
TN:
SF:middleware\verifyToken.js
FN:3,(anonymous_0)
FNF:1
FNH:1
FNDA:48,(anonymous_0)
DA:3,39
DA:4,48
DA:5,48
DA:6,48
DA:7,48
DA:8,2
DA:10,46
DA:11,46
DA:12,0
DA:15,46
DA:16,46
DA:18,0
DA:19,0
LF:13
LH:10
BRDA:5,0,0,48
BRDA:5,0,1,2
BRDA:7,1,0,2
BRDA:7,1,1,46
BRDA:10,2,0,46
BRDA:10,2,1,0
BRDA:11,3,0,0
BRDA:11,3,1,46
BRF:8
BRH:6
end_of_record
TN:
SF:src\app.js
FNF:0
FNH:0
DA:15,39
DA:16,39
DA:18,39
DA:19,39
DA:21,39
DA:27,39
DA:29,39
DA:30,39
DA:32,39
DA:33,39
DA:34,39
DA:35,39
DA:37,39
DA:38,39
DA:39,39
DA:40,39
DA:41,39
DA:42,39
LF:18
LH:18
BRDA:18,0,0,0
BRDA:18,0,1,39
BRF:2
BRH:1
end_of_record
