<?xml version="1.0" encoding="UTF-8"?>
<coverage generated="1733006732084" clover="3.2.0">
  <project timestamp="1733006732084" name="All files">
    <metrics statements="329" coveredstatements="268" conditionals="155" coveredconditionals="92" methods="126" coveredmethods="100" elements="610" coveredelements="460" complexity="0" loc="329" ncloc="329" packages="7" files="19" classes="19"/>
    <package name="assets">
      <metrics statements="2" coveredstatements="2" conditionals="0" coveredconditionals="0" methods="0" coveredmethods="0"/>
      <file name="assets.js" path="C:\Users\Shail\Desktop\Sem5\IT_Project\IT314-G34---Healthcare-Provider-Comparison-Platform\HealNexus\Frontend\assets\assets.js">
        <metrics statements="2" coveredstatements="2" conditionals="0" coveredconditionals="0" methods="0" coveredmethods="0"/>
        <line num="17" count="2" type="stmt"/>
        <line num="26" count="2" type="stmt"/>
      </file>
      <file name="assets_copy.js" path="C:\Users\Shail\Desktop\Sem5\IT_Project\IT314-G34---Healthcare-Provider-Comparison-Platform\HealNexus\Frontend\assets\assets_copy.js">
        <metrics statements="0" coveredstatements="0" conditionals="0" coveredconditionals="0" methods="0" coveredmethods="0"/>
      </file>
    </package>
    <package name="components.admin">
      <metrics statements="15" coveredstatements="15" conditionals="10" coveredconditionals="5" methods="7" coveredmethods="7"/>
      <file name="Navbar.jsx" path="C:\Users\Shail\Desktop\Sem5\IT_Project\IT314-G34---Healthcare-Provider-Comparison-Platform\HealNexus\Frontend\components\admin\Navbar.jsx">
        <metrics statements="9" coveredstatements="9" conditionals="2" coveredconditionals="1" methods="2" coveredmethods="2"/>
        <line num="6" count="4" type="stmt"/>
        <line num="7" count="23" type="stmt"/>
        <line num="9" count="23" type="stmt"/>
        <line num="10" count="2" type="stmt"/>
        <line num="11" count="2" type="stmt"/>
        <line num="15" count="1" type="cond" truecount="1" falsecount="1"/>
        <line num="16" count="1" type="stmt"/>
        <line num="19" count="1" type="stmt"/>
        <line num="23" count="23" type="stmt"/>
      </file>
      <file name="Sidebar.jsx" path="C:\Users\Shail\Desktop\Sem5\IT_Project\IT314-G34---Healthcare-Provider-Comparison-Platform\HealNexus\Frontend\components\admin\Sidebar.jsx">
        <metrics statements="6" coveredstatements="6" conditionals="8" coveredconditionals="4" methods="5" coveredmethods="5"/>
        <line num="5" count="3" type="stmt"/>
        <line num="7" count="17" type="stmt"/>
        <line num="11" count="17" type="cond" truecount="1" falsecount="1"/>
        <line num="15" count="17" type="cond" truecount="1" falsecount="1"/>
        <line num="19" count="17" type="cond" truecount="1" falsecount="1"/>
        <line num="23" count="17" type="cond" truecount="1" falsecount="1"/>
      </file>
    </package>
    <package name="components.auth">
      <metrics statements="1" coveredstatements="1" conditionals="0" coveredconditionals="0" methods="1" coveredmethods="1"/>
      <file name="quote.auth.jsx" path="C:\Users\Shail\Desktop\Sem5\IT_Project\IT314-G34---Healthcare-Provider-Comparison-Platform\HealNexus\Frontend\components\auth\quote.auth.jsx">
        <metrics statements="1" coveredstatements="1" conditionals="0" coveredconditionals="0" methods="1" coveredmethods="1"/>
        <line num="2" count="5" type="stmt"/>
      </file>
    </package>
    <package name="components.doctor">
      <metrics statements="25" coveredstatements="22" conditionals="10" coveredconditionals="4" methods="8" coveredmethods="7"/>
      <file name="Navbar.jsx" path="C:\Users\Shail\Desktop\Sem5\IT_Project\IT314-G34---Healthcare-Provider-Comparison-Platform\HealNexus\Frontend\components\doctor\Navbar.jsx">
        <metrics statements="21" coveredstatements="18" conditionals="6" coveredconditionals="2" methods="5" coveredmethods="4"/>
        <line num="6" count="3" type="stmt"/>
        <line num="7" count="12" type="stmt"/>
        <line num="8" count="12" type="stmt"/>
        <line num="9" count="12" type="stmt"/>
        <line num="11" count="12" type="stmt"/>
        <line num="12" count="11" type="stmt"/>
        <line num="13" count="11" type="stmt"/>
        <line num="14" count="11" type="stmt"/>
        <line num="18" count="6" type="cond" truecount="1" falsecount="1"/>
        <line num="19" count="3" type="stmt"/>
        <line num="22" count="8" type="stmt"/>
        <line num="26" count="11" type="stmt"/>
        <line num="29" count="12" type="stmt"/>
        <line num="30" count="1" type="stmt"/>
        <line num="31" count="1" type="stmt"/>
        <line num="35" count="0" type="cond" truecount="0" falsecount="2"/>
        <line num="36" count="0" type="stmt"/>
        <line num="39" count="1" type="stmt"/>
        <line num="43" count="12" type="stmt"/>
        <line num="44" count="0" type="stmt"/>
        <line num="47" count="12" type="stmt"/>
      </file>
      <file name="Sidebar.jsx" path="C:\Users\Shail\Desktop\Sem5\IT_Project\IT314-G34---Healthcare-Provider-Comparison-Platform\HealNexus\Frontend\components\doctor\Sidebar.jsx">
        <metrics statements="4" coveredstatements="4" conditionals="4" coveredconditionals="2" methods="3" coveredmethods="3"/>
        <line num="7" count="2" type="stmt"/>
        <line num="9" count="4" type="stmt"/>
        <line num="13" count="4" type="cond" truecount="1" falsecount="1"/>
        <line num="17" count="4" type="cond" truecount="1" falsecount="1"/>
      </file>
    </package>
    <package name="pages">
      <metrics statements="144" coveredstatements="124" conditionals="70" coveredconditionals="50" methods="67" coveredmethods="54"/>
      <file name="AboutUs.jsx" path="C:\Users\Shail\Desktop\Sem5\IT_Project\IT314-G34---Healthcare-Provider-Comparison-Platform\HealNexus\Frontend\pages\AboutUs.jsx">
        <metrics statements="4" coveredstatements="4" conditionals="0" coveredconditionals="0" methods="2" coveredmethods="2"/>
        <line num="5" count="1" type="stmt"/>
        <line num="6" count="5" type="stmt"/>
        <line num="7" count="1" type="stmt"/>
        <line num="10" count="5" type="stmt"/>
      </file>
      <file name="FeedbackForm.jsx" path="C:\Users\Shail\Desktop\Sem5\IT_Project\IT314-G34---Healthcare-Provider-Comparison-Platform\HealNexus\Frontend\pages\FeedbackForm.jsx">
        <metrics statements="12" coveredstatements="12" conditionals="2" coveredconditionals="2" methods="6" coveredmethods="6"/>
        <line num="4" count="1" type="stmt"/>
        <line num="5" count="5" type="stmt"/>
        <line num="6" count="5" type="stmt"/>
        <line num="8" count="5" type="stmt"/>
        <line num="9" count="1" type="stmt"/>
        <line num="12" count="5" type="stmt"/>
        <line num="13" count="2" type="stmt"/>
        <line num="14" count="2" type="stmt"/>
        <line num="17" count="5" type="stmt"/>
        <line num="24" count="25" type="stmt"/>
        <line num="27" count="1" type="stmt"/>
        <line num="36" count="1" type="stmt"/>
      </file>
      <file name="MyProfile.jsx" path="C:\Users\Shail\Desktop\Sem5\IT_Project\IT314-G34---Healthcare-Provider-Comparison-Platform\HealNexus\Frontend\pages\MyProfile.jsx">
        <metrics statements="52" coveredstatements="44" conditionals="36" coveredconditionals="32" methods="21" coveredmethods="13"/>
        <line num="7" count="1" type="stmt"/>
        <line num="8" count="11" type="stmt"/>
        <line num="9" count="10" type="stmt"/>
        <line num="10" count="10" type="stmt"/>
        <line num="12" count="10" type="stmt"/>
        <line num="13" count="2" type="stmt"/>
        <line num="14" count="2" type="stmt"/>
        <line num="15" count="2" type="stmt"/>
        <line num="19" count="2" type="cond" truecount="1" falsecount="1"/>
        <line num="20" count="2" type="stmt"/>
        <line num="23" count="0" type="stmt"/>
        <line num="27" count="2" type="stmt"/>
        <line num="30" count="10" type="stmt"/>
        <line num="31" count="1" type="stmt"/>
        <line num="32" count="1" type="stmt"/>
        <line num="34" count="1" type="stmt"/>
        <line num="35" count="1" type="stmt"/>
        <line num="36" count="1" type="stmt"/>
        <line num="37" count="1" type="stmt"/>
        <line num="38" count="1" type="stmt"/>
        <line num="39" count="1" type="stmt"/>
        <line num="40" count="1" type="stmt"/>
        <line num="41" count="1" type="stmt"/>
        <line num="42" count="1" type="stmt"/>
        <line num="43" count="1" type="stmt"/>
        <line num="44" count="1" type="stmt"/>
        <line num="45" count="1" type="stmt"/>
        <line num="46" count="1" type="cond" truecount="1" falsecount="1"/>
        <line num="47" count="0" type="stmt"/>
        <line num="50" count="1" type="stmt"/>
        <line num="54" count="1" type="cond" truecount="1" falsecount="1"/>
        <line num="55" count="1" type="stmt"/>
        <line num="56" count="1" type="stmt"/>
        <line num="57" count="1" type="stmt"/>
        <line num="58" count="1" type="stmt"/>
        <line num="61" count="0" type="stmt"/>
        <line num="65" count="10" type="cond" truecount="2" falsecount="0"/>
        <line num="66" count="10" type="cond" truecount="2" falsecount="0"/>
        <line num="67" count="10" type="cond" truecount="2" falsecount="0"/>
        <line num="69" count="10" type="stmt"/>
        <line num="85" count="0" type="stmt"/>
        <line num="94" count="0" type="stmt"/>
        <line num="104" count="1" type="stmt"/>
        <line num="129" count="1" type="stmt"/>
        <line num="145" count="30" type="stmt"/>
        <line num="152" count="0" type="stmt"/>
        <line num="173" count="18" type="stmt"/>
        <line num="180" count="0" type="stmt"/>
        <line num="203" count="0" type="stmt"/>
        <line num="214" count="2" type="stmt"/>
        <line num="228" count="1" type="stmt"/>
        <line num="235" count="2" type="stmt"/>
      </file>
      <file name="OurTeam.jsx" path="C:\Users\Shail\Desktop\Sem5\IT_Project\IT314-G34---Healthcare-Provider-Comparison-Platform\HealNexus\Frontend\pages\OurTeam.jsx">
        <metrics statements="9" coveredstatements="9" conditionals="0" coveredconditionals="0" methods="4" coveredmethods="4"/>
        <line num="17" count="1" type="stmt"/>
        <line num="35" count="1" type="stmt"/>
        <line num="36" count="5" type="stmt"/>
        <line num="38" count="5" type="stmt"/>
        <line num="59" count="50" type="stmt"/>
        <line num="83" count="1" type="stmt"/>
        <line num="84" count="5" type="stmt"/>
        <line num="86" count="5" type="stmt"/>
        <line num="104" count="1" type="stmt"/>
      </file>
      <file name="dashBoard.jsx" path="C:\Users\Shail\Desktop\Sem5\IT_Project\IT314-G34---Healthcare-Provider-Comparison-Platform\HealNexus\Frontend\pages\dashBoard.jsx">
        <metrics statements="38" coveredstatements="31" conditionals="24" coveredconditionals="12" methods="16" coveredmethods="15"/>
        <line num="7" count="2" type="stmt"/>
        <line num="8" count="9" type="stmt"/>
        <line num="10" count="8" type="stmt"/>
        <line num="11" count="4" type="stmt"/>
        <line num="12" count="4" type="stmt"/>
        <line num="13" count="4" type="stmt"/>
        <line num="17" count="4" type="cond" truecount="1" falsecount="1"/>
        <line num="18" count="4" type="stmt"/>
        <line num="21" count="0" type="stmt"/>
        <line num="25" count="4" type="stmt"/>
        <line num="28" count="8" type="stmt"/>
        <line num="43" count="20" type="stmt"/>
        <line num="44" count="20" type="stmt"/>
        <line num="46" count="20" type="stmt"/>
        <line num="47" count="1" type="stmt"/>
        <line num="48" count="1" type="stmt"/>
        <line num="52" count="1" type="cond" truecount="1" falsecount="1"/>
        <line num="53" count="1" type="stmt"/>
        <line num="56" count="0" type="stmt"/>
        <line num="60" count="20" type="stmt"/>
        <line num="61" count="0" type="stmt"/>
        <line num="62" count="0" type="stmt"/>
        <line num="66" count="0" type="cond" truecount="0" falsecount="2"/>
        <line num="67" count="0" type="stmt"/>
        <line num="70" count="0" type="stmt"/>
        <line num="74" count="20" type="stmt"/>
        <line num="98" count="20" type="cond" truecount="1" falsecount="1"/>
        <line num="104" count="20" type="cond" truecount="1" falsecount="1"/>
        <line num="110" count="20" type="cond" truecount="1" falsecount="1"/>
        <line num="116" count="20" type="cond" truecount="1" falsecount="1"/>
        <line num="143" count="1" type="stmt"/>
        <line num="154" count="8" type="stmt"/>
        <line num="181" count="8" type="stmt"/>
        <line num="188" count="8" type="stmt"/>
        <line num="196" count="32" type="stmt"/>
        <line num="223" count="8" type="stmt"/>
        <line num="232" count="8" type="stmt"/>
        <line num="240" count="48" type="stmt"/>
      </file>
      <file name="landingPage.jsx" path="C:\Users\Shail\Desktop\Sem5\IT_Project\IT314-G34---Healthcare-Provider-Comparison-Platform\HealNexus\Frontend\pages\landingPage.jsx">
        <metrics statements="29" coveredstatements="24" conditionals="8" coveredconditionals="4" methods="18" coveredmethods="14"/>
        <line num="6" count="1" type="stmt"/>
        <line num="7" count="1" type="stmt"/>
        <line num="8" count="1" type="stmt"/>
        <line num="20" count="5" type="stmt"/>
        <line num="21" count="2" type="cond" truecount="1" falsecount="1"/>
        <line num="22" count="2" type="stmt"/>
        <line num="24" count="0" type="stmt"/>
        <line num="29" count="4" type="stmt"/>
        <line num="31" count="4" type="stmt"/>
        <line num="32" count="4" type="stmt"/>
        <line num="33" count="0" type="stmt"/>
        <line num="36" count="4" type="stmt"/>
        <line num="38" count="4" type="stmt"/>
        <line num="39" count="4" type="stmt"/>
        <line num="43" count="4" type="stmt"/>
        <line num="61" count="1" type="stmt"/>
        <line num="67" count="0" type="stmt"/>
        <line num="89" count="0" type="stmt"/>
        <line num="97" count="1" type="stmt"/>
        <line num="110" count="3" type="stmt"/>
        <line num="121" count="0" type="stmt"/>
        <line num="137" count="3" type="stmt"/>
        <line num="146" count="3" type="stmt"/>
        <line num="154" count="18" type="stmt"/>
        <line num="167" count="5" type="stmt"/>
        <line num="168" count="3" type="stmt"/>
        <line num="175" count="1" type="stmt"/>
        <line num="197" count="5" type="stmt"/>
        <line num="198" count="21" type="stmt"/>
      </file>
    </package>
    <package name="pages.admin">
      <metrics statements="101" coveredstatements="81" conditionals="49" coveredconditionals="30" methods="32" coveredmethods="25"/>
      <file name="AdminDashBoard.jsx" path="C:\Users\Shail\Desktop\Sem5\IT_Project\IT314-G34---Healthcare-Provider-Comparison-Platform\HealNexus\Frontend\pages\admin\AdminDashBoard.jsx">
        <metrics statements="18" coveredstatements="17" conditionals="4" coveredconditionals="3" methods="5" coveredmethods="5"/>
        <line num="8" count="1" type="stmt"/>
        <line num="9" count="4" type="stmt"/>
        <line num="10" count="4" type="stmt"/>
        <line num="12" count="4" type="stmt"/>
        <line num="13" count="2" type="stmt"/>
        <line num="14" count="2" type="stmt"/>
        <line num="15" count="2" type="stmt"/>
        <line num="19" count="2" type="cond" truecount="1" falsecount="1"/>
        <line num="20" count="2" type="stmt"/>
        <line num="21" count="2" type="stmt"/>
        <line num="24" count="0" type="stmt"/>
        <line num="28" count="2" type="stmt"/>
        <line num="32" count="4" type="stmt"/>
        <line num="33" count="4" type="stmt"/>
        <line num="34" count="4" type="stmt"/>
        <line num="35" count="4" type="stmt"/>
        <line num="38" count="4" type="stmt"/>
        <line num="110" count="4" type="stmt"/>
      </file>
      <file name="AdminallAppointments.jsx" path="C:\Users\Shail\Desktop\Sem5\IT_Project\IT314-G34---Healthcare-Provider-Comparison-Platform\HealNexus\Frontend\pages\admin\AdminallAppointments.jsx">
        <metrics statements="24" coveredstatements="17" conditionals="23" coveredconditionals="13" methods="6" coveredmethods="5"/>
        <line num="6" count="1" type="stmt"/>
        <line num="7" count="8" type="stmt"/>
        <line num="9" count="7" type="stmt"/>
        <line num="10" count="5" type="stmt"/>
        <line num="11" count="5" type="stmt"/>
        <line num="12" count="5" type="stmt"/>
        <line num="16" count="4" type="cond" truecount="1" falsecount="1"/>
        <line num="17" count="4" type="stmt"/>
        <line num="20" count="1" type="stmt"/>
        <line num="24" count="5" type="stmt"/>
        <line num="28" count="2" type="stmt"/>
        <line num="29" count="2" type="stmt"/>
        <line num="30" count="2" type="stmt"/>
        <line num="31" count="2" type="stmt"/>
        <line num="35" count="7" type="stmt"/>
        <line num="36" count="0" type="stmt"/>
        <line num="37" count="0" type="stmt"/>
        <line num="38" count="0" type="stmt"/>
        <line num="39" count="0" type="stmt"/>
        <line num="40" count="0" type="cond" truecount="0" falsecount="5"/>
        <line num="41" count="0" type="stmt"/>
        <line num="43" count="0" type="stmt"/>
        <line num="46" count="7" type="stmt"/>
        <line num="66" count="2" type="stmt"/>
      </file>
      <file name="DoctorsList.jsx" path="C:\Users\Shail\Desktop\Sem5\IT_Project\IT314-G34---Healthcare-Provider-Comparison-Platform\HealNexus\Frontend\pages\admin\DoctorsList.jsx">
        <metrics statements="20" coveredstatements="18" conditionals="10" coveredconditionals="8" methods="6" coveredmethods="5"/>
        <line num="6" count="1" type="stmt"/>
        <line num="7" count="4" type="stmt"/>
        <line num="9" count="4" type="stmt"/>
        <line num="10" count="2" type="stmt"/>
        <line num="11" count="2" type="stmt"/>
        <line num="12" count="2" type="stmt"/>
        <line num="16" count="2" type="cond" truecount="1" falsecount="1"/>
        <line num="17" count="2" type="stmt"/>
        <line num="18" count="2" type="stmt"/>
        <line num="19" count="4" type="stmt"/>
        <line num="21" count="4" type="cond" truecount="1" falsecount="1"/>
        <line num="22" count="0" type="stmt"/>
        <line num="25" count="4" type="stmt"/>
        <line num="31" count="2" type="stmt"/>
        <line num="35" count="0" type="stmt"/>
        <line num="39" count="2" type="stmt"/>
        <line num="42" count="4" type="cond" truecount="4" falsecount="0"/>
        <line num="43" count="2" type="stmt"/>
        <line num="46" count="2" type="stmt"/>
        <line num="55" count="4" type="stmt"/>
      </file>
      <file name="VerifyDoctor.jsx" path="C:\Users\Shail\Desktop\Sem5\IT_Project\IT314-G34---Healthcare-Provider-Comparison-Platform\HealNexus\Frontend\pages\admin\VerifyDoctor.jsx">
        <metrics statements="39" coveredstatements="29" conditionals="12" coveredconditionals="6" methods="15" coveredmethods="10"/>
        <line num="6" count="1" type="stmt"/>
        <line num="7" count="11" type="stmt"/>
        <line num="8" count="11" type="stmt"/>
        <line num="10" count="11" type="stmt"/>
        <line num="11" count="4" type="stmt"/>
        <line num="12" count="4" type="stmt"/>
        <line num="13" count="4" type="stmt"/>
        <line num="16" count="4" type="cond" truecount="1" falsecount="1"/>
        <line num="17" count="4" type="stmt"/>
        <line num="18" count="4" type="cond" truecount="1" falsecount="1"/>
        <line num="21" count="0" type="stmt"/>
        <line num="25" count="4" type="stmt"/>
        <line num="28" count="11" type="stmt"/>
        <line num="29" count="3" type="stmt"/>
        <line num="32" count="11" type="stmt"/>
        <line num="33" count="0" type="stmt"/>
        <line num="36" count="11" type="stmt"/>
        <line num="37" count="1" type="stmt"/>
        <line num="38" count="1" type="stmt"/>
        <line num="42" count="0" type="cond" truecount="0" falsecount="2"/>
        <line num="43" count="0" type="stmt"/>
        <line num="44" count="0" type="stmt"/>
        <line num="46" count="0" type="stmt"/>
        <line num="49" count="1" type="stmt"/>
        <line num="53" count="11" type="stmt"/>
        <line num="54" count="1" type="stmt"/>
        <line num="55" count="1" type="stmt"/>
        <line num="59" count="0" type="cond" truecount="0" falsecount="2"/>
        <line num="60" count="0" type="stmt"/>
        <line num="61" count="0" type="stmt"/>
        <line num="63" count="0" type="stmt"/>
        <line num="66" count="1" type="stmt"/>
        <line num="70" count="11" type="cond" truecount="2" falsecount="0"/>
        <line num="71" count="3" type="stmt"/>
        <line num="98" count="1" type="stmt"/>
        <line num="104" count="1" type="stmt"/>
        <line num="122" count="8" type="stmt"/>
        <line num="132" count="8" type="stmt"/>
        <line num="147" count="3" type="stmt"/>
      </file>
    </package>
    <package name="pages.doctor">
      <metrics statements="41" coveredstatements="23" conditionals="16" coveredconditionals="3" methods="11" coveredmethods="6"/>
      <file name="DoctorAllAppointments.jsx" path="C:\Users\Shail\Desktop\Sem5\IT_Project\IT314-G34---Healthcare-Provider-Comparison-Platform\HealNexus\Frontend\pages\doctor\DoctorAllAppointments.jsx">
        <metrics statements="16" coveredstatements="10" conditionals="14" coveredconditionals="3" methods="5" coveredmethods="3"/>
        <line num="7" count="1" type="stmt"/>
        <line num="8" count="3" type="stmt"/>
        <line num="10" count="3" type="stmt"/>
        <line num="11" count="3" type="stmt"/>
        <line num="12" count="3" type="stmt"/>
        <line num="13" count="3" type="stmt"/>
        <line num="17" count="3" type="cond" truecount="0" falsecount="2"/>
        <line num="18" count="0" type="stmt"/>
        <line num="21" count="3" type="stmt"/>
        <line num="25" count="3" type="stmt"/>
        <line num="29" count="0" type="stmt"/>
        <line num="30" count="0" type="stmt"/>
        <line num="31" count="0" type="stmt"/>
        <line num="32" count="0" type="stmt"/>
        <line num="35" count="3" type="stmt"/>
        <line num="54" count="0" type="stmt"/>
      </file>
      <file name="DoctorDashBoard.jsx" path="C:\Users\Shail\Desktop\Sem5\IT_Project\IT314-G34---Healthcare-Provider-Comparison-Platform\HealNexus\Frontend\pages\doctor\DoctorDashBoard.jsx">
        <metrics statements="25" coveredstatements="13" conditionals="2" coveredconditionals="0" methods="6" coveredmethods="3"/>
        <line num="7" count="1" type="stmt"/>
        <line num="8" count="0" type="stmt"/>
        <line num="9" count="0" type="stmt"/>
        <line num="10" count="0" type="stmt"/>
        <line num="11" count="0" type="stmt"/>
        <line num="14" count="1" type="stmt"/>
        <line num="15" count="1" type="stmt"/>
        <line num="16" count="1" type="stmt"/>
        <line num="17" count="1" type="stmt"/>
        <line num="19" count="1" type="stmt"/>
        <line num="20" count="1" type="stmt"/>
        <line num="21" count="1" type="stmt"/>
        <line num="22" count="1" type="stmt"/>
        <line num="26" count="1" type="cond" truecount="0" falsecount="2"/>
        <line num="27" count="0" type="stmt"/>
        <line num="28" count="0" type="stmt"/>
        <line num="29" count="0" type="stmt"/>
        <line num="32" count="1" type="stmt"/>
        <line num="36" count="1" type="stmt"/>
        <line num="40" count="0" type="stmt"/>
        <line num="41" count="0" type="stmt"/>
        <line num="42" count="0" type="stmt"/>
        <line num="43" count="0" type="stmt"/>
        <line num="46" count="1" type="stmt"/>
        <line num="86" count="0" type="stmt"/>
      </file>
    </package>
  </project>
</coverage>
