{"C:\\Users\\Shail\\Desktop\\Sem5\\IT_Project\\IT314-G34---Healthcare-Provider-Comparison-Platform\\HealNexus\\Frontend\\assets\\assets.js": {"path":"C:\\Users\\Shail\\Desktop\\Sem5\\IT_Project\\IT314-G34---Healthcare-Provider-Comparison-Platform\\HealNexus\\Frontend\\assets\\assets.js","statementMap":{"0":{"start":{"line":17,"column":22},"end":{"line":21,"column":3}},"1":{"start":{"line":26,"column":22},"end":{"line":223,"column":1}}},"fnMap":{},"branchMap":{},"s":{"0":2,"1":2},"f":{},"b":{},"_coverageSchema":"1a1c01bbd47fc00a2c39e90264f33305004495a9","hash":"b3ee64257cb48919cf930dd05cff94153355040b"}
,"C:\\Users\\Shail\\Desktop\\Sem5\\IT_Project\\IT314-G34---Healthcare-Provider-Comparison-Platform\\HealNexus\\Frontend\\assets\\assets_copy.js": {"path":"C:\\Users\\Shail\\Desktop\\Sem5\\IT_Project\\IT314-G34---Healthcare-Provider-Comparison-Platform\\HealNexus\\Frontend\\assets\\assets_copy.js","statementMap":{},"fnMap":{},"branchMap":{},"s":{},"f":{},"b":{},"_coverageSchema":"1a1c01bbd47fc00a2c39e90264f33305004495a9","hash":"45bfdfd84ae12cb1c3c25586f37fb205ebe6c3e8"}
,"C:\\Users\\Shail\\Desktop\\Sem5\\IT_Project\\IT314-G34---Healthcare-Provider-Comparison-Platform\\HealNexus\\Frontend\\components\\admin\\Navbar.jsx": {"path":"C:\\Users\\Shail\\Desktop\\Sem5\\IT_Project\\IT314-G34---Healthcare-Provider-Comparison-Platform\\HealNexus\\Frontend\\components\\admin\\Navbar.jsx","statementMap":{"0":{"start":{"line":6,"column":15},"end":{"line":43,"column":1}},"1":{"start":{"line":7,"column":19},"end":{"line":7,"column":32}},"2":{"start":{"line":9,"column":23},"end":{"line":21,"column":3}},"3":{"start":{"line":10,"column":4},"end":{"line":20,"column":5}},"4":{"start":{"line":11,"column":23},"end":{"line":13,"column":8}},"5":{"start":{"line":15,"column":6},"end":{"line":17,"column":7}},"6":{"start":{"line":16,"column":8},"end":{"line":16,"column":22}},"7":{"start":{"line":19,"column":6},"end":{"line":19,"column":51}},"8":{"start":{"line":23,"column":2},"end":{"line":42,"column":4}}},"fnMap":{"0":{"name":"(anonymous_0)","decl":{"start":{"line":6,"column":15},"end":{"line":6,"column":16}},"loc":{"start":{"line":6,"column":21},"end":{"line":43,"column":1}},"line":6},"1":{"name":"(anonymous_1)","decl":{"start":{"line":9,"column":23},"end":{"line":9,"column":24}},"loc":{"start":{"line":9,"column":35},"end":{"line":21,"column":3}},"line":9}},"branchMap":{"0":{"loc":{"start":{"line":15,"column":6},"end":{"line":17,"column":7}},"type":"if","locations":[{"start":{"line":15,"column":6},"end":{"line":17,"column":7}},{"start":{},"end":{}}],"line":15}},"s":{"0":4,"1":23,"2":23,"3":2,"4":2,"5":1,"6":1,"7":1,"8":23},"f":{"0":23,"1":2},"b":{"0":[1,0]},"_coverageSchema":"1a1c01bbd47fc00a2c39e90264f33305004495a9","hash":"c8b51e17aed39eb5acf525c75eb1b62a33835f99"}
,"C:\\Users\\Shail\\Desktop\\Sem5\\IT_Project\\IT314-G34---Healthcare-Provider-Comparison-Platform\\HealNexus\\Frontend\\components\\admin\\Sidebar.jsx": {"path":"C:\\Users\\Shail\\Desktop\\Sem5\\IT_Project\\IT314-G34---Healthcare-Provider-Comparison-Platform\\HealNexus\\Frontend\\components\\admin\\Sidebar.jsx","statementMap":{"0":{"start":{"line":5,"column":16},"end":{"line":31,"column":1}},"1":{"start":{"line":7,"column":2},"end":{"line":30,"column":3}},"2":{"start":{"line":11,"column":77},"end":{"line":11,"column":201}},"3":{"start":{"line":15,"column":52},"end":{"line":15,"column":176}},"4":{"start":{"line":19,"column":52},"end":{"line":19,"column":176}},"5":{"start":{"line":23,"column":52},"end":{"line":23,"column":176}}},"fnMap":{"0":{"name":"(anonymous_0)","decl":{"start":{"line":5,"column":16},"end":{"line":5,"column":17}},"loc":{"start":{"line":5,"column":22},"end":{"line":31,"column":1}},"line":5},"1":{"name":"(anonymous_1)","decl":{"start":{"line":11,"column":59},"end":{"line":11,"column":60}},"loc":{"start":{"line":11,"column":77},"end":{"line":11,"column":201}},"line":11},"2":{"name":"(anonymous_2)","decl":{"start":{"line":15,"column":34},"end":{"line":15,"column":35}},"loc":{"start":{"line":15,"column":52},"end":{"line":15,"column":176}},"line":15},"3":{"name":"(anonymous_3)","decl":{"start":{"line":19,"column":34},"end":{"line":19,"column":35}},"loc":{"start":{"line":19,"column":52},"end":{"line":19,"column":176}},"line":19},"4":{"name":"(anonymous_4)","decl":{"start":{"line":23,"column":34},"end":{"line":23,"column":35}},"loc":{"start":{"line":23,"column":52},"end":{"line":23,"column":176}},"line":23}},"branchMap":{"0":{"loc":{"start":{"line":11,"column":143},"end":{"line":11,"column":199}},"type":"cond-expr","locations":[{"start":{"line":11,"column":154},"end":{"line":11,"column":194}},{"start":{"line":11,"column":197},"end":{"line":11,"column":199}}],"line":11},"1":{"loc":{"start":{"line":15,"column":118},"end":{"line":15,"column":174}},"type":"cond-expr","locations":[{"start":{"line":15,"column":129},"end":{"line":15,"column":169}},{"start":{"line":15,"column":172},"end":{"line":15,"column":174}}],"line":15},"2":{"loc":{"start":{"line":19,"column":118},"end":{"line":19,"column":174}},"type":"cond-expr","locations":[{"start":{"line":19,"column":129},"end":{"line":19,"column":169}},{"start":{"line":19,"column":172},"end":{"line":19,"column":174}}],"line":19},"3":{"loc":{"start":{"line":23,"column":118},"end":{"line":23,"column":174}},"type":"cond-expr","locations":[{"start":{"line":23,"column":129},"end":{"line":23,"column":169}},{"start":{"line":23,"column":172},"end":{"line":23,"column":174}}],"line":23}},"s":{"0":3,"1":17,"2":17,"3":17,"4":17,"5":17},"f":{"0":17,"1":17,"2":17,"3":17,"4":17},"b":{"0":[0,17],"1":[0,17],"2":[0,17],"3":[0,17]},"_coverageSchema":"1a1c01bbd47fc00a2c39e90264f33305004495a9","hash":"7444af36fa1a946ac1f3e8a553a16927dd252746"}
,"C:\\Users\\Shail\\Desktop\\Sem5\\IT_Project\\IT314-G34---Healthcare-Provider-Comparison-Platform\\HealNexus\\Frontend\\components\\auth\\quote.auth.jsx": {"path":"C:\\Users\\Shail\\Desktop\\Sem5\\IT_Project\\IT314-G34---Healthcare-Provider-Comparison-Platform\\HealNexus\\Frontend\\components\\auth\\quote.auth.jsx","statementMap":{"0":{"start":{"line":2,"column":4},"end":{"line":18,"column":6}}},"fnMap":{"0":{"name":"Quote","decl":{"start":{"line":1,"column":16},"end":{"line":1,"column":21}},"loc":{"start":{"line":1,"column":24},"end":{"line":19,"column":3}},"line":1}},"branchMap":{},"s":{"0":5},"f":{"0":5},"b":{},"_coverageSchema":"1a1c01bbd47fc00a2c39e90264f33305004495a9","hash":"3c920564dceaa1716326a113a07e944ba0f82b1a"}
,"C:\\Users\\Shail\\Desktop\\Sem5\\IT_Project\\IT314-G34---Healthcare-Provider-Comparison-Platform\\HealNexus\\Frontend\\components\\doctor\\Navbar.jsx": {"path":"C:\\Users\\Shail\\Desktop\\Sem5\\IT_Project\\IT314-G34---Healthcare-Provider-Comparison-Platform\\HealNexus\\Frontend\\components\\doctor\\Navbar.jsx","statementMap":{"0":{"start":{"line":6,"column":15},"end":{"line":101,"column":1}},"1":{"start":{"line":7,"column":56},"end":{"line":7,"column":71}},"2":{"start":{"line":8,"column":19},"end":{"line":8,"column":32}},"3":{"start":{"line":9,"column":38},"end":{"line":9,"column":56}},"4":{"start":{"line":11,"column":2},"end":{"line":27,"column":5}},"5":{"start":{"line":12,"column":28},"end":{"line":24,"column":5}},"6":{"start":{"line":13,"column":6},"end":{"line":23,"column":7}},"7":{"start":{"line":14,"column":25},"end":{"line":16,"column":10}},"8":{"start":{"line":18,"column":8},"end":{"line":20,"column":9}},"9":{"start":{"line":19,"column":10},"end":{"line":19,"column":48}},"10":{"start":{"line":22,"column":8},"end":{"line":22,"column":53}},"11":{"start":{"line":26,"column":4},"end":{"line":26,"column":22}},"12":{"start":{"line":29,"column":23},"end":{"line":41,"column":3}},"13":{"start":{"line":30,"column":4},"end":{"line":40,"column":5}},"14":{"start":{"line":31,"column":23},"end":{"line":33,"column":8}},"15":{"start":{"line":35,"column":6},"end":{"line":37,"column":7}},"16":{"start":{"line":36,"column":8},"end":{"line":36,"column":22}},"17":{"start":{"line":39,"column":6},"end":{"line":39,"column":51}},"18":{"start":{"line":43,"column":32},"end":{"line":45,"column":3}},"19":{"start":{"line":44,"column":4},"end":{"line":44,"column":49}},"20":{"start":{"line":47,"column":2},"end":{"line":100,"column":4}}},"fnMap":{"0":{"name":"(anonymous_0)","decl":{"start":{"line":6,"column":15},"end":{"line":6,"column":16}},"loc":{"start":{"line":6,"column":21},"end":{"line":101,"column":1}},"line":6},"1":{"name":"(anonymous_1)","decl":{"start":{"line":11,"column":12},"end":{"line":11,"column":13}},"loc":{"start":{"line":11,"column":18},"end":{"line":27,"column":3}},"line":11},"2":{"name":"(anonymous_2)","decl":{"start":{"line":12,"column":28},"end":{"line":12,"column":29}},"loc":{"start":{"line":12,"column":40},"end":{"line":24,"column":5}},"line":12},"3":{"name":"(anonymous_3)","decl":{"start":{"line":29,"column":23},"end":{"line":29,"column":24}},"loc":{"start":{"line":29,"column":35},"end":{"line":41,"column":3}},"line":29},"4":{"name":"(anonymous_4)","decl":{"start":{"line":43,"column":32},"end":{"line":43,"column":33}},"loc":{"start":{"line":43,"column":38},"end":{"line":45,"column":3}},"line":43}},"branchMap":{"0":{"loc":{"start":{"line":18,"column":8},"end":{"line":20,"column":9}},"type":"if","locations":[{"start":{"line":18,"column":8},"end":{"line":20,"column":9}},{"start":{},"end":{}}],"line":18},"1":{"loc":{"start":{"line":35,"column":6},"end":{"line":37,"column":7}},"type":"if","locations":[{"start":{"line":35,"column":6},"end":{"line":37,"column":7}},{"start":{},"end":{}}],"line":35},"2":{"loc":{"start":{"line":80,"column":9},"end":{"line":97,"column":9}},"type":"binary-expr","locations":[{"start":{"line":80,"column":9},"end":{"line":80,"column":28}},{"start":{"line":81,"column":10},"end":{"line":96,"column":16}}],"line":80}},"s":{"0":3,"1":12,"2":12,"3":12,"4":12,"5":11,"6":11,"7":11,"8":6,"9":3,"10":8,"11":11,"12":12,"13":1,"14":1,"15":0,"16":0,"17":1,"18":12,"19":0,"20":12},"f":{"0":12,"1":11,"2":11,"3":1,"4":0},"b":{"0":[3,0],"1":[0,0],"2":[12,0]},"_coverageSchema":"1a1c01bbd47fc00a2c39e90264f33305004495a9","hash":"38b33142bb3acf023a10a86f5c9e78bd2e61e24e"}
,"C:\\Users\\Shail\\Desktop\\Sem5\\IT_Project\\IT314-G34---Healthcare-Provider-Comparison-Platform\\HealNexus\\Frontend\\components\\doctor\\Sidebar.jsx": {"path":"C:\\Users\\Shail\\Desktop\\Sem5\\IT_Project\\IT314-G34---Healthcare-Provider-Comparison-Platform\\HealNexus\\Frontend\\components\\doctor\\Sidebar.jsx","statementMap":{"0":{"start":{"line":7,"column":16},"end":{"line":25,"column":1}},"1":{"start":{"line":9,"column":2},"end":{"line":24,"column":3}},"2":{"start":{"line":13,"column":78},"end":{"line":13,"column":202}},"3":{"start":{"line":17,"column":52},"end":{"line":17,"column":176}}},"fnMap":{"0":{"name":"(anonymous_0)","decl":{"start":{"line":7,"column":16},"end":{"line":7,"column":17}},"loc":{"start":{"line":7,"column":22},"end":{"line":25,"column":1}},"line":7},"1":{"name":"(anonymous_1)","decl":{"start":{"line":13,"column":60},"end":{"line":13,"column":61}},"loc":{"start":{"line":13,"column":78},"end":{"line":13,"column":202}},"line":13},"2":{"name":"(anonymous_2)","decl":{"start":{"line":17,"column":34},"end":{"line":17,"column":35}},"loc":{"start":{"line":17,"column":52},"end":{"line":17,"column":176}},"line":17}},"branchMap":{"0":{"loc":{"start":{"line":13,"column":144},"end":{"line":13,"column":200}},"type":"cond-expr","locations":[{"start":{"line":13,"column":155},"end":{"line":13,"column":195}},{"start":{"line":13,"column":198},"end":{"line":13,"column":200}}],"line":13},"1":{"loc":{"start":{"line":17,"column":118},"end":{"line":17,"column":174}},"type":"cond-expr","locations":[{"start":{"line":17,"column":129},"end":{"line":17,"column":169}},{"start":{"line":17,"column":172},"end":{"line":17,"column":174}}],"line":17}},"s":{"0":2,"1":4,"2":4,"3":4},"f":{"0":4,"1":4,"2":4},"b":{"0":[0,4],"1":[0,4]},"_coverageSchema":"1a1c01bbd47fc00a2c39e90264f33305004495a9","hash":"5dff24e7a9a4d0b31b33a820471cc6e2351d5d32"}
,"C:\\Users\\Shail\\Desktop\\Sem5\\IT_Project\\IT314-G34---Healthcare-Provider-Comparison-Platform\\HealNexus\\Frontend\\pages\\AboutUs.jsx": {"path":"C:\\Users\\Shail\\Desktop\\Sem5\\IT_Project\\IT314-G34---Healthcare-Provider-Comparison-Platform\\HealNexus\\Frontend\\pages\\AboutUs.jsx","statementMap":{"0":{"start":{"line":5,"column":16},"end":{"line":68,"column":1}},"1":{"start":{"line":6,"column":23},"end":{"line":8,"column":3}},"2":{"start":{"line":7,"column":4},"end":{"line":7,"column":31}},"3":{"start":{"line":10,"column":2},"end":{"line":67,"column":4}}},"fnMap":{"0":{"name":"(anonymous_0)","decl":{"start":{"line":5,"column":16},"end":{"line":5,"column":17}},"loc":{"start":{"line":5,"column":22},"end":{"line":68,"column":1}},"line":5},"1":{"name":"(anonymous_1)","decl":{"start":{"line":6,"column":23},"end":{"line":6,"column":24}},"loc":{"start":{"line":6,"column":29},"end":{"line":8,"column":3}},"line":6}},"branchMap":{},"s":{"0":1,"1":5,"2":1,"3":5},"f":{"0":5,"1":1},"b":{},"_coverageSchema":"1a1c01bbd47fc00a2c39e90264f33305004495a9","hash":"6832405d4c5eab6b7d674c2125446320fe00a353"}
,"C:\\Users\\Shail\\Desktop\\Sem5\\IT_Project\\IT314-G34---Healthcare-Provider-Comparison-Platform\\HealNexus\\Frontend\\pages\\FeedbackForm.jsx": {"path":"C:\\Users\\Shail\\Desktop\\Sem5\\IT_Project\\IT314-G34---Healthcare-Provider-Comparison-Platform\\HealNexus\\Frontend\\pages\\FeedbackForm.jsx","statementMap":{"0":{"start":{"line":4,"column":21},"end":{"line":43,"column":1}},"1":{"start":{"line":5,"column":46},"end":{"line":5,"column":57}},"2":{"start":{"line":6,"column":34},"end":{"line":6,"column":46}},"3":{"start":{"line":8,"column":28},"end":{"line":10,"column":3}},"4":{"start":{"line":9,"column":4},"end":{"line":9,"column":30}},"5":{"start":{"line":12,"column":23},"end":{"line":15,"column":3}},"6":{"start":{"line":13,"column":4},"end":{"line":13,"column":54}},"7":{"start":{"line":14,"column":4},"end":{"line":14,"column":42}},"8":{"start":{"line":17,"column":2},"end":{"line":42,"column":4}},"9":{"start":{"line":24,"column":12},"end":{"line":30,"column":19}},"10":{"start":{"line":27,"column":29},"end":{"line":27,"column":52}},"11":{"start":{"line":36,"column":27},"end":{"line":36,"column":54}}},"fnMap":{"0":{"name":"(anonymous_0)","decl":{"start":{"line":4,"column":21},"end":{"line":4,"column":22}},"loc":{"start":{"line":4,"column":27},"end":{"line":43,"column":1}},"line":4},"1":{"name":"(anonymous_1)","decl":{"start":{"line":8,"column":28},"end":{"line":8,"column":29}},"loc":{"start":{"line":8,"column":40},"end":{"line":10,"column":3}},"line":8},"2":{"name":"(anonymous_2)","decl":{"start":{"line":12,"column":23},"end":{"line":12,"column":24}},"loc":{"start":{"line":12,"column":29},"end":{"line":15,"column":3}},"line":12},"3":{"name":"(anonymous_3)","decl":{"start":{"line":23,"column":31},"end":{"line":23,"column":32}},"loc":{"start":{"line":24,"column":12},"end":{"line":30,"column":19}},"line":24},"4":{"name":"(anonymous_4)","decl":{"start":{"line":27,"column":23},"end":{"line":27,"column":24}},"loc":{"start":{"line":27,"column":29},"end":{"line":27,"column":52}},"line":27},"5":{"name":"(anonymous_5)","decl":{"start":{"line":36,"column":20},"end":{"line":36,"column":21}},"loc":{"start":{"line":36,"column":27},"end":{"line":36,"column":54}},"line":36}},"branchMap":{"0":{"loc":{"start":{"line":26,"column":33},"end":{"line":26,"column":73}},"type":"cond-expr","locations":[{"start":{"line":26,"column":58},"end":{"line":26,"column":68}},{"start":{"line":26,"column":71},"end":{"line":26,"column":73}}],"line":26}},"s":{"0":1,"1":5,"2":5,"3":5,"4":1,"5":5,"6":2,"7":2,"8":5,"9":25,"10":1,"11":1},"f":{"0":5,"1":1,"2":2,"3":25,"4":1,"5":1},"b":{"0":[3,22]},"_coverageSchema":"1a1c01bbd47fc00a2c39e90264f33305004495a9","hash":"7a974955e75b8a3f4bb4eba27cdfe82b11bc5f87"}
,"C:\\Users\\Shail\\Desktop\\Sem5\\IT_Project\\IT314-G34---Healthcare-Provider-Comparison-Platform\\HealNexus\\Frontend\\pages\\MyProfile.jsx": {"path":"C:\\Users\\Shail\\Desktop\\Sem5\\IT_Project\\IT314-G34---Healthcare-Provider-Comparison-Platform\\HealNexus\\Frontend\\pages\\MyProfile.jsx","statementMap":{"0":{"start":{"line":7,"column":18},"end":{"line":255,"column":1}},"1":{"start":{"line":8,"column":36},"end":{"line":8,"column":50}},"2":{"start":{"line":9,"column":32},"end":{"line":9,"column":47}},"3":{"start":{"line":10,"column":30},"end":{"line":10,"column":44}},"4":{"start":{"line":12,"column":4},"end":{"line":28,"column":11}},"5":{"start":{"line":13,"column":33},"end":{"line":25,"column":9}},"6":{"start":{"line":14,"column":12},"end":{"line":24,"column":13}},"7":{"start":{"line":15,"column":33},"end":{"line":17,"column":18}},"8":{"start":{"line":19,"column":16},"end":{"line":21,"column":17}},"9":{"start":{"line":20,"column":20},"end":{"line":20,"column":47}},"10":{"start":{"line":23,"column":16},"end":{"line":23,"column":61}},"11":{"start":{"line":27,"column":8},"end":{"line":27,"column":27}},"12":{"start":{"line":30,"column":34},"end":{"line":63,"column":5}},"13":{"start":{"line":31,"column":8},"end":{"line":62,"column":9}},"14":{"start":{"line":32,"column":29},"end":{"line":32,"column":43}},"15":{"start":{"line":34,"column":12},"end":{"line":34,"column":49}},"16":{"start":{"line":35,"column":12},"end":{"line":35,"column":55}},"17":{"start":{"line":36,"column":12},"end":{"line":36,"column":69}},"18":{"start":{"line":37,"column":12},"end":{"line":37,"column":71}},"19":{"start":{"line":38,"column":12},"end":{"line":38,"column":86}},"20":{"start":{"line":39,"column":12},"end":{"line":39,"column":102}},"21":{"start":{"line":40,"column":12},"end":{"line":40,"column":104}},"22":{"start":{"line":41,"column":12},"end":{"line":41,"column":72}},"23":{"start":{"line":42,"column":12},"end":{"line":42,"column":68}},"24":{"start":{"line":43,"column":12},"end":{"line":43,"column":70}},"25":{"start":{"line":44,"column":12},"end":{"line":44,"column":80}},"26":{"start":{"line":45,"column":12},"end":{"line":45,"column":74}},"27":{"start":{"line":46,"column":12},"end":{"line":48,"column":13}},"28":{"start":{"line":47,"column":16},"end":{"line":47,"column":48}},"29":{"start":{"line":50,"column":29},"end":{"line":52,"column":14}},"30":{"start":{"line":54,"column":12},"end":{"line":59,"column":13}},"31":{"start":{"line":55,"column":16},"end":{"line":55,"column":63}},"32":{"start":{"line":56,"column":16},"end":{"line":56,"column":33}},"33":{"start":{"line":57,"column":16},"end":{"line":57,"column":31}},"34":{"start":{"line":58,"column":16},"end":{"line":58,"column":41}},"35":{"start":{"line":61,"column":12},"end":{"line":61,"column":57}},"36":{"start":{"line":65,"column":20},"end":{"line":65,"column":43}},"37":{"start":{"line":66,"column":29},"end":{"line":66,"column":61}},"38":{"start":{"line":67,"column":27},"end":{"line":67,"column":57}},"39":{"start":{"line":69,"column":4},"end":{"line":254,"column":6}},"40":{"start":{"line":85,"column":51},"end":{"line":85,"column":91}},"41":{"start":{"line":94,"column":53},"end":{"line":94,"column":80}},"42":{"start":{"line":104,"column":53},"end":{"line":104,"column":111}},"43":{"start":{"line":104,"column":76},"end":{"line":104,"column":109}},"44":{"start":{"line":129,"column":57},"end":{"line":129,"column":124}},"45":{"start":{"line":129,"column":80},"end":{"line":129,"column":122}},"46":{"start":{"line":145,"column":32},"end":{"line":162,"column":38}},"47":{"start":{"line":152,"column":48},"end":{"line":155,"column":51}},"48":{"start":{"line":152,"column":71},"end":{"line":155,"column":49}},"49":{"start":{"line":173,"column":32},"end":{"line":190,"column":38}},"50":{"start":{"line":180,"column":48},"end":{"line":183,"column":51}},"51":{"start":{"line":180,"column":71},"end":{"line":183,"column":49}},"52":{"start":{"line":203,"column":36},"end":{"line":206,"column":39}},"53":{"start":{"line":203,"column":59},"end":{"line":206,"column":37}},"54":{"start":{"line":214,"column":40},"end":{"line":216,"column":45}},"55":{"start":{"line":228,"column":47},"end":{"line":228,"column":63}},"56":{"start":{"line":235,"column":47},"end":{"line":235,"column":62}}},"fnMap":{"0":{"name":"(anonymous_0)","decl":{"start":{"line":7,"column":18},"end":{"line":7,"column":19}},"loc":{"start":{"line":7,"column":24},"end":{"line":255,"column":1}},"line":7},"1":{"name":"(anonymous_1)","decl":{"start":{"line":12,"column":14},"end":{"line":12,"column":15}},"loc":{"start":{"line":12,"column":20},"end":{"line":28,"column":5}},"line":12},"2":{"name":"(anonymous_2)","decl":{"start":{"line":13,"column":33},"end":{"line":13,"column":34}},"loc":{"start":{"line":13,"column":45},"end":{"line":25,"column":9}},"line":13},"3":{"name":"(anonymous_3)","decl":{"start":{"line":30,"column":34},"end":{"line":30,"column":35}},"loc":{"start":{"line":30,"column":46},"end":{"line":63,"column":5}},"line":30},"4":{"name":"(anonymous_4)","decl":{"start":{"line":85,"column":45},"end":{"line":85,"column":46}},"loc":{"start":{"line":85,"column":51},"end":{"line":85,"column":91}},"line":85},"5":{"name":"(anonymous_5)","decl":{"start":{"line":94,"column":46},"end":{"line":94,"column":47}},"loc":{"start":{"line":94,"column":53},"end":{"line":94,"column":80}},"line":94},"6":{"name":"(anonymous_6)","decl":{"start":{"line":104,"column":46},"end":{"line":104,"column":47}},"loc":{"start":{"line":104,"column":53},"end":{"line":104,"column":111}},"line":104},"7":{"name":"(anonymous_7)","decl":{"start":{"line":104,"column":65},"end":{"line":104,"column":66}},"loc":{"start":{"line":104,"column":76},"end":{"line":104,"column":109}},"line":104},"8":{"name":"(anonymous_8)","decl":{"start":{"line":129,"column":50},"end":{"line":129,"column":51}},"loc":{"start":{"line":129,"column":57},"end":{"line":129,"column":124}},"line":129},"9":{"name":"(anonymous_9)","decl":{"start":{"line":129,"column":69},"end":{"line":129,"column":70}},"loc":{"start":{"line":129,"column":80},"end":{"line":129,"column":122}},"line":129},"10":{"name":"(anonymous_10)","decl":{"start":{"line":144,"column":54},"end":{"line":144,"column":55}},"loc":{"start":{"line":145,"column":32},"end":{"line":162,"column":38}},"line":145},"11":{"name":"(anonymous_11)","decl":{"start":{"line":151,"column":54},"end":{"line":151,"column":55}},"loc":{"start":{"line":152,"column":48},"end":{"line":155,"column":51}},"line":152},"12":{"name":"(anonymous_12)","decl":{"start":{"line":152,"column":60},"end":{"line":152,"column":61}},"loc":{"start":{"line":152,"column":71},"end":{"line":155,"column":49}},"line":152},"13":{"name":"(anonymous_13)","decl":{"start":{"line":172,"column":63},"end":{"line":172,"column":64}},"loc":{"start":{"line":173,"column":32},"end":{"line":190,"column":38}},"line":173},"14":{"name":"(anonymous_14)","decl":{"start":{"line":179,"column":54},"end":{"line":179,"column":55}},"loc":{"start":{"line":180,"column":48},"end":{"line":183,"column":51}},"line":180},"15":{"name":"(anonymous_15)","decl":{"start":{"line":180,"column":60},"end":{"line":180,"column":61}},"loc":{"start":{"line":180,"column":71},"end":{"line":183,"column":49}},"line":180},"16":{"name":"(anonymous_16)","decl":{"start":{"line":202,"column":42},"end":{"line":202,"column":43}},"loc":{"start":{"line":203,"column":36},"end":{"line":206,"column":39}},"line":203},"17":{"name":"(anonymous_17)","decl":{"start":{"line":203,"column":48},"end":{"line":203,"column":49}},"loc":{"start":{"line":203,"column":59},"end":{"line":206,"column":37}},"line":203},"18":{"name":"(anonymous_18)","decl":{"start":{"line":213,"column":55},"end":{"line":213,"column":56}},"loc":{"start":{"line":214,"column":40},"end":{"line":216,"column":45}},"line":214},"19":{"name":"(anonymous_19)","decl":{"start":{"line":228,"column":41},"end":{"line":228,"column":42}},"loc":{"start":{"line":228,"column":47},"end":{"line":228,"column":63}},"line":228},"20":{"name":"(anonymous_20)","decl":{"start":{"line":235,"column":41},"end":{"line":235,"column":42}},"loc":{"start":{"line":235,"column":47},"end":{"line":235,"column":62}},"line":235}},"branchMap":{"0":{"loc":{"start":{"line":19,"column":16},"end":{"line":21,"column":17}},"type":"if","locations":[{"start":{"line":19,"column":16},"end":{"line":21,"column":17}},{"start":{},"end":{}}],"line":19},"1":{"loc":{"start":{"line":46,"column":12},"end":{"line":48,"column":13}},"type":"if","locations":[{"start":{"line":46,"column":12},"end":{"line":48,"column":13}},{"start":{},"end":{}}],"line":46},"2":{"loc":{"start":{"line":54,"column":12},"end":{"line":59,"column":13}},"type":"if","locations":[{"start":{"line":54,"column":12},"end":{"line":59,"column":13}},{"start":{},"end":{}}],"line":54},"3":{"loc":{"start":{"line":65,"column":20},"end":{"line":65,"column":43}},"type":"binary-expr","locations":[{"start":{"line":65,"column":20},"end":{"line":65,"column":37}},{"start":{"line":65,"column":41},"end":{"line":65,"column":43}}],"line":65},"4":{"loc":{"start":{"line":66,"column":29},"end":{"line":66,"column":61}},"type":"binary-expr","locations":[{"start":{"line":66,"column":29},"end":{"line":66,"column":55}},{"start":{"line":66,"column":59},"end":{"line":66,"column":61}}],"line":66},"5":{"loc":{"start":{"line":67,"column":27},"end":{"line":67,"column":57}},"type":"binary-expr","locations":[{"start":{"line":67,"column":27},"end":{"line":67,"column":51}},{"start":{"line":67,"column":55},"end":{"line":67,"column":57}}],"line":67},"6":{"loc":{"start":{"line":79,"column":37},"end":{"line":79,"column":89}},"type":"cond-expr","locations":[{"start":{"line":79,"column":45},"end":{"line":79,"column":71}},{"start":{"line":79,"column":74},"end":{"line":79,"column":89}}],"line":79},"7":{"loc":{"start":{"line":82,"column":29},"end":{"line":89,"column":29}},"type":"binary-expr","locations":[{"start":{"line":82,"column":29},"end":{"line":82,"column":35}},{"start":{"line":83,"column":32},"end":{"line":88,"column":41}}],"line":82},"8":{"loc":{"start":{"line":90,"column":29},"end":{"line":97,"column":29}},"type":"binary-expr","locations":[{"start":{"line":90,"column":29},"end":{"line":90,"column":35}},{"start":{"line":91,"column":32},"end":{"line":96,"column":34}}],"line":90},"9":{"loc":{"start":{"line":100,"column":29},"end":{"line":109,"column":29}},"type":"cond-expr","locations":[{"start":{"line":101,"column":32},"end":{"line":106,"column":34}},{"start":{"line":108,"column":32},"end":{"line":108,"column":91}}],"line":100},"10":{"loc":{"start":{"line":121,"column":65},"end":{"line":121,"column":89}},"type":"binary-expr","locations":[{"start":{"line":121,"column":65},"end":{"line":121,"column":80}},{"start":{"line":121,"column":84},"end":{"line":121,"column":89}}],"line":121},"11":{"loc":{"start":{"line":125,"column":33},"end":{"line":134,"column":33}},"type":"cond-expr","locations":[{"start":{"line":126,"column":36},"end":{"line":131,"column":38}},{"start":{"line":133,"column":36},"end":{"line":133,"column":100}}],"line":125},"12":{"loc":{"start":{"line":147,"column":37},"end":{"line":161,"column":37}},"type":"cond-expr","locations":[{"start":{"line":148,"column":40},"end":{"line":158,"column":42}},{"start":{"line":160,"column":40},"end":{"line":160,"column":93}}],"line":147},"13":{"loc":{"start":{"line":175,"column":37},"end":{"line":189,"column":37}},"type":"cond-expr","locations":[{"start":{"line":176,"column":40},"end":{"line":186,"column":42}},{"start":{"line":188,"column":40},"end":{"line":188,"column":102}}],"line":175},"14":{"loc":{"start":{"line":199,"column":25},"end":{"line":222,"column":25}},"type":"cond-expr","locations":[{"start":{"line":200,"column":28},"end":{"line":209,"column":30}},{"start":{"line":211,"column":28},"end":{"line":221,"column":33}}],"line":199},"15":{"loc":{"start":{"line":212,"column":33},"end":{"line":220,"column":33}},"type":"cond-expr","locations":[{"start":{"line":213,"column":36},"end":{"line":217,"column":38}},{"start":{"line":219,"column":36},"end":{"line":219,"column":98}}],"line":212},"16":{"loc":{"start":{"line":226,"column":25},"end":{"line":240,"column":25}},"type":"cond-expr","locations":[{"start":{"line":227,"column":28},"end":{"line":232,"column":37}},{"start":{"line":234,"column":28},"end":{"line":239,"column":37}}],"line":226},"17":{"loc":{"start":{"line":242,"column":25},"end":{"line":249,"column":25}},"type":"binary-expr","locations":[{"start":{"line":242,"column":25},"end":{"line":242,"column":31}},{"start":{"line":243,"column":28},"end":{"line":248,"column":37}}],"line":242}},"s":{"0":1,"1":11,"2":10,"3":10,"4":10,"5":2,"6":2,"7":2,"8":2,"9":2,"10":0,"11":2,"12":10,"13":1,"14":1,"15":1,"16":1,"17":1,"18":1,"19":1,"20":1,"21":1,"22":1,"23":1,"24":1,"25":1,"26":1,"27":1,"28":0,"29":1,"30":1,"31":1,"32":1,"33":1,"34":1,"35":0,"36":10,"37":10,"38":10,"39":10,"40":0,"41":0,"42":1,"43":1,"44":1,"45":1,"46":30,"47":0,"48":0,"49":18,"50":0,"51":0,"52":0,"53":0,"54":2,"55":1,"56":2},"f":{"0":11,"1":2,"2":2,"3":1,"4":0,"5":0,"6":1,"7":1,"8":1,"9":1,"10":30,"11":0,"12":0,"13":18,"14":0,"15":0,"16":0,"17":0,"18":2,"19":1,"20":2},"b":{"0":[2,0],"1":[0,1],"2":[1,0],"3":[10,4],"4":[10,4],"5":[10,4],"6":[0,10],"7":[10,6],"8":[10,6],"9":[6,4],"10":[10,4],"11":[6,4],"12":[20,10],"13":[12,6],"14":[6,4],"15":[2,2],"16":[6,4],"17":[10,6]},"_coverageSchema":"1a1c01bbd47fc00a2c39e90264f33305004495a9","hash":"cce78cbe82d265b7e80f9f08edc885c892b12647"}
,"C:\\Users\\Shail\\Desktop\\Sem5\\IT_Project\\IT314-G34---Healthcare-Provider-Comparison-Platform\\HealNexus\\Frontend\\pages\\OurTeam.jsx": {"path":"C:\\Users\\Shail\\Desktop\\Sem5\\IT_Project\\IT314-G34---Healthcare-Provider-Comparison-Platform\\HealNexus\\Frontend\\pages\\OurTeam.jsx","statementMap":{"0":{"start":{"line":17,"column":20},"end":{"line":28,"column":1}},"1":{"start":{"line":35,"column":16},"end":{"line":81,"column":1}},"2":{"start":{"line":36,"column":19},"end":{"line":36,"column":32}},"3":{"start":{"line":38,"column":2},"end":{"line":80,"column":4}},"4":{"start":{"line":59,"column":12},"end":{"line":72,"column":18}},"5":{"start":{"line":83,"column":15},"end":{"line":111,"column":1}},"6":{"start":{"line":84,"column":19},"end":{"line":84,"column":32}},"7":{"start":{"line":86,"column":2},"end":{"line":110,"column":4}},"8":{"start":{"line":104,"column":23},"end":{"line":104,"column":36}}},"fnMap":{"0":{"name":"(anonymous_0)","decl":{"start":{"line":35,"column":16},"end":{"line":35,"column":17}},"loc":{"start":{"line":35,"column":22},"end":{"line":81,"column":1}},"line":35},"1":{"name":"(anonymous_1)","decl":{"start":{"line":58,"column":27},"end":{"line":58,"column":28}},"loc":{"start":{"line":59,"column":12},"end":{"line":72,"column":18}},"line":59},"2":{"name":"(anonymous_2)","decl":{"start":{"line":83,"column":15},"end":{"line":83,"column":16}},"loc":{"start":{"line":83,"column":21},"end":{"line":111,"column":1}},"line":83},"3":{"name":"(anonymous_3)","decl":{"start":{"line":104,"column":17},"end":{"line":104,"column":18}},"loc":{"start":{"line":104,"column":23},"end":{"line":104,"column":36}},"line":104}},"branchMap":{},"s":{"0":1,"1":1,"2":5,"3":5,"4":50,"5":1,"6":5,"7":5,"8":1},"f":{"0":5,"1":50,"2":5,"3":1},"b":{},"_coverageSchema":"1a1c01bbd47fc00a2c39e90264f33305004495a9","hash":"cef0abd53c35f49fb45ca0985a2e496f40d4bc6a"}
,"C:\\Users\\Shail\\Desktop\\Sem5\\IT_Project\\IT314-G34---Healthcare-Provider-Comparison-Platform\\HealNexus\\Frontend\\pages\\dashBoard.jsx": {"path":"C:\\Users\\Shail\\Desktop\\Sem5\\IT_Project\\IT314-G34---Healthcare-Provider-Comparison-Platform\\HealNexus\\Frontend\\pages\\dashBoard.jsx","statementMap":{"0":{"start":{"line":7,"column":18},"end":{"line":37,"column":1}},"1":{"start":{"line":8,"column":34},"end":{"line":8,"column":46}},"2":{"start":{"line":10,"column":2},"end":{"line":26,"column":9}},"3":{"start":{"line":11,"column":26},"end":{"line":23,"column":5}},"4":{"start":{"line":12,"column":6},"end":{"line":22,"column":7}},"5":{"start":{"line":13,"column":25},"end":{"line":16,"column":9}},"6":{"start":{"line":17,"column":8},"end":{"line":19,"column":9}},"7":{"start":{"line":18,"column":10},"end":{"line":18,"column":46}},"8":{"start":{"line":21,"column":8},"end":{"line":21,"column":61}},"9":{"start":{"line":25,"column":4},"end":{"line":25,"column":20}},"10":{"start":{"line":28,"column":2},"end":{"line":36,"column":4}},"11":{"start":{"line":43,"column":38},"end":{"line":43,"column":53}},"12":{"start":{"line":44,"column":19},"end":{"line":44,"column":32}},"13":{"start":{"line":46,"column":23},"end":{"line":58,"column":3}},"14":{"start":{"line":47,"column":4},"end":{"line":57,"column":5}},"15":{"start":{"line":48,"column":23},"end":{"line":50,"column":8}},"16":{"start":{"line":52,"column":6},"end":{"line":54,"column":7}},"17":{"start":{"line":53,"column":8},"end":{"line":53,"column":22}},"18":{"start":{"line":56,"column":6},"end":{"line":56,"column":51}},"19":{"start":{"line":60,"column":29},"end":{"line":72,"column":3}},"20":{"start":{"line":61,"column":4},"end":{"line":71,"column":5}},"21":{"start":{"line":62,"column":23},"end":{"line":64,"column":8}},"22":{"start":{"line":66,"column":6},"end":{"line":68,"column":7}},"23":{"start":{"line":67,"column":8},"end":{"line":67,"column":22}},"24":{"start":{"line":70,"column":6},"end":{"line":70,"column":51}},"25":{"start":{"line":74,"column":2},"end":{"line":150,"column":4}},"26":{"start":{"line":98,"column":39},"end":{"line":98,"column":152}},"27":{"start":{"line":104,"column":39},"end":{"line":104,"column":152}},"28":{"start":{"line":110,"column":39},"end":{"line":110,"column":152}},"29":{"start":{"line":116,"column":39},"end":{"line":116,"column":152}},"30":{"start":{"line":143,"column":27},"end":{"line":143,"column":50}},"31":{"start":{"line":154,"column":2},"end":{"line":177,"column":4}},"32":{"start":{"line":181,"column":19},"end":{"line":186,"column":3}},"33":{"start":{"line":188,"column":2},"end":{"line":218,"column":4}},"34":{"start":{"line":196,"column":12},"end":{"line":213,"column":18}},"35":{"start":{"line":223,"column":23},"end":{"line":230,"column":3}},"36":{"start":{"line":232,"column":2},"end":{"line":249,"column":4}},"37":{"start":{"line":240,"column":10},"end":{"line":245,"column":16}}},"fnMap":{"0":{"name":"(anonymous_0)","decl":{"start":{"line":7,"column":18},"end":{"line":7,"column":19}},"loc":{"start":{"line":7,"column":24},"end":{"line":37,"column":1}},"line":7},"1":{"name":"(anonymous_1)","decl":{"start":{"line":10,"column":12},"end":{"line":10,"column":13}},"loc":{"start":{"line":10,"column":18},"end":{"line":26,"column":3}},"line":10},"2":{"name":"(anonymous_2)","decl":{"start":{"line":11,"column":26},"end":{"line":11,"column":27}},"loc":{"start":{"line":11,"column":38},"end":{"line":23,"column":5}},"line":11},"3":{"name":"Appbar","decl":{"start":{"line":42,"column":16},"end":{"line":42,"column":22}},"loc":{"start":{"line":42,"column":25},"end":{"line":151,"column":1}},"line":42},"4":{"name":"(anonymous_4)","decl":{"start":{"line":46,"column":23},"end":{"line":46,"column":24}},"loc":{"start":{"line":46,"column":35},"end":{"line":58,"column":3}},"line":46},"5":{"name":"(anonymous_5)","decl":{"start":{"line":60,"column":29},"end":{"line":60,"column":30}},"loc":{"start":{"line":60,"column":41},"end":{"line":72,"column":3}},"line":60},"6":{"name":"(anonymous_6)","decl":{"start":{"line":98,"column":21},"end":{"line":98,"column":22}},"loc":{"start":{"line":98,"column":39},"end":{"line":98,"column":152}},"line":98},"7":{"name":"(anonymous_7)","decl":{"start":{"line":104,"column":21},"end":{"line":104,"column":22}},"loc":{"start":{"line":104,"column":39},"end":{"line":104,"column":152}},"line":104},"8":{"name":"(anonymous_8)","decl":{"start":{"line":110,"column":21},"end":{"line":110,"column":22}},"loc":{"start":{"line":110,"column":39},"end":{"line":110,"column":152}},"line":110},"9":{"name":"(anonymous_9)","decl":{"start":{"line":116,"column":21},"end":{"line":116,"column":22}},"loc":{"start":{"line":116,"column":39},"end":{"line":116,"column":152}},"line":116},"10":{"name":"(anonymous_10)","decl":{"start":{"line":143,"column":19},"end":{"line":143,"column":20}},"loc":{"start":{"line":143,"column":26},"end":{"line":143,"column":51}},"line":143},"11":{"name":"HeroSection","decl":{"start":{"line":153,"column":16},"end":{"line":153,"column":27}},"loc":{"start":{"line":153,"column":42},"end":{"line":178,"column":1}},"line":153},"12":{"name":"Services","decl":{"start":{"line":180,"column":16},"end":{"line":180,"column":24}},"loc":{"start":{"line":180,"column":27},"end":{"line":219,"column":1}},"line":180},"13":{"name":"(anonymous_13)","decl":{"start":{"line":195,"column":24},"end":{"line":195,"column":25}},"loc":{"start":{"line":196,"column":12},"end":{"line":213,"column":18}},"line":196},"14":{"name":"SpecialitySection","decl":{"start":{"line":222,"column":16},"end":{"line":222,"column":33}},"loc":{"start":{"line":222,"column":36},"end":{"line":250,"column":1}},"line":222},"15":{"name":"(anonymous_15)","decl":{"start":{"line":239,"column":26},"end":{"line":239,"column":27}},"loc":{"start":{"line":240,"column":10},"end":{"line":245,"column":16}},"line":240}},"branchMap":{"0":{"loc":{"start":{"line":17,"column":8},"end":{"line":19,"column":9}},"type":"if","locations":[{"start":{"line":17,"column":8},"end":{"line":19,"column":9}},{"start":{},"end":{}}],"line":17},"1":{"loc":{"start":{"line":52,"column":6},"end":{"line":54,"column":7}},"type":"if","locations":[{"start":{"line":52,"column":6},"end":{"line":54,"column":7}},{"start":{},"end":{}}],"line":52},"2":{"loc":{"start":{"line":66,"column":6},"end":{"line":68,"column":7}},"type":"if","locations":[{"start":{"line":66,"column":6},"end":{"line":68,"column":7}},{"start":{},"end":{}}],"line":66},"3":{"loc":{"start":{"line":76,"column":131},"end":{"line":76,"column":165}},"type":"cond-expr","locations":[{"start":{"line":76,"column":144},"end":{"line":76,"column":160}},{"start":{"line":76,"column":163},"end":{"line":76,"column":165}}],"line":76},"4":{"loc":{"start":{"line":98,"column":39},"end":{"line":98,"column":152}},"type":"cond-expr","locations":[{"start":{"line":98,"column":50},"end":{"line":98,"column":92}},{"start":{"line":98,"column":95},"end":{"line":98,"column":152}}],"line":98},"5":{"loc":{"start":{"line":104,"column":39},"end":{"line":104,"column":152}},"type":"cond-expr","locations":[{"start":{"line":104,"column":50},"end":{"line":104,"column":92}},{"start":{"line":104,"column":95},"end":{"line":104,"column":152}}],"line":104},"6":{"loc":{"start":{"line":110,"column":39},"end":{"line":110,"column":152}},"type":"cond-expr","locations":[{"start":{"line":110,"column":50},"end":{"line":110,"column":92}},{"start":{"line":110,"column":95},"end":{"line":110,"column":152}}],"line":110},"7":{"loc":{"start":{"line":116,"column":39},"end":{"line":116,"column":152}},"type":"cond-expr","locations":[{"start":{"line":116,"column":50},"end":{"line":116,"column":92}},{"start":{"line":116,"column":95},"end":{"line":116,"column":152}}],"line":116},"8":{"loc":{"start":{"line":127,"column":116},"end":{"line":127,"column":145}},"type":"cond-expr","locations":[{"start":{"line":127,"column":129},"end":{"line":127,"column":140}},{"start":{"line":127,"column":143},"end":{"line":127,"column":145}}],"line":127},"9":{"loc":{"start":{"line":135,"column":114},"end":{"line":135,"column":143}},"type":"cond-expr","locations":[{"start":{"line":135,"column":127},"end":{"line":135,"column":138}},{"start":{"line":135,"column":141},"end":{"line":135,"column":143}}],"line":135},"10":{"loc":{"start":{"line":142,"column":90},"end":{"line":142,"column":119}},"type":"cond-expr","locations":[{"start":{"line":142,"column":103},"end":{"line":142,"column":114}},{"start":{"line":142,"column":117},"end":{"line":142,"column":119}}],"line":142},"11":{"loc":{"start":{"line":162,"column":83},"end":{"line":162,"column":102}},"type":"binary-expr","locations":[{"start":{"line":162,"column":83},"end":{"line":162,"column":91}},{"start":{"line":162,"column":95},"end":{"line":162,"column":102}}],"line":162}},"s":{"0":2,"1":9,"2":8,"3":4,"4":4,"5":4,"6":4,"7":4,"8":0,"9":4,"10":8,"11":20,"12":20,"13":20,"14":1,"15":1,"16":1,"17":1,"18":0,"19":20,"20":0,"21":0,"22":0,"23":0,"24":0,"25":20,"26":20,"27":20,"28":20,"29":20,"30":1,"31":8,"32":8,"33":8,"34":32,"35":8,"36":8,"37":48},"f":{"0":9,"1":4,"2":4,"3":20,"4":1,"5":0,"6":20,"7":20,"8":20,"9":20,"10":1,"11":8,"12":8,"13":32,"14":8,"15":48},"b":{"0":[4,0],"1":[1,0],"2":[0,0],"3":[0,20],"4":[0,20],"5":[0,20],"6":[0,20],"7":[0,20],"8":[0,20],"9":[0,20],"10":[0,20],"11":[8,4]},"_coverageSchema":"1a1c01bbd47fc00a2c39e90264f33305004495a9","hash":"bab75908d986aac2f17d3ef39003e7f9784df5bf"}
,"C:\\Users\\Shail\\Desktop\\Sem5\\IT_Project\\IT314-G34---Healthcare-Provider-Comparison-Platform\\HealNexus\\Frontend\\pages\\landingPage.jsx": {"path":"C:\\Users\\Shail\\Desktop\\Sem5\\IT_Project\\IT314-G34---Healthcare-Provider-Comparison-Platform\\HealNexus\\Frontend\\pages\\landingPage.jsx","statementMap":{"0":{"start":{"line":6,"column":38},"end":{"line":6,"column":53}},"1":{"start":{"line":7,"column":19},"end":{"line":7,"column":32}},"2":{"start":{"line":8,"column":2},"end":{"line":16,"column":4}},"3":{"start":{"line":20,"column":34},"end":{"line":26,"column":1}},"4":{"start":{"line":21,"column":2},"end":{"line":25,"column":3}},"5":{"start":{"line":22,"column":4},"end":{"line":22,"column":55}},"6":{"start":{"line":24,"column":4},"end":{"line":24,"column":19}},"7":{"start":{"line":29,"column":38},"end":{"line":29,"column":53}},"8":{"start":{"line":31,"column":2},"end":{"line":41,"column":9}},"9":{"start":{"line":32,"column":25},"end":{"line":34,"column":5}},"10":{"start":{"line":33,"column":6},"end":{"line":33,"column":41}},"11":{"start":{"line":36,"column":4},"end":{"line":36,"column":52}},"12":{"start":{"line":38,"column":4},"end":{"line":40,"column":6}},"13":{"start":{"line":39,"column":6},"end":{"line":39,"column":57}},"14":{"start":{"line":43,"column":2},"end":{"line":106,"column":4}},"15":{"start":{"line":61,"column":25},"end":{"line":61,"column":86}},"16":{"start":{"line":67,"column":25},"end":{"line":67,"column":84}},"17":{"start":{"line":89,"column":25},"end":{"line":89,"column":43}},"18":{"start":{"line":97,"column":25},"end":{"line":97,"column":43}},"19":{"start":{"line":110,"column":2},"end":{"line":132,"column":4}},"20":{"start":{"line":121,"column":33},"end":{"line":121,"column":90}},"21":{"start":{"line":137,"column":23},"end":{"line":144,"column":3}},"22":{"start":{"line":146,"column":2},"end":{"line":163,"column":4}},"23":{"start":{"line":154,"column":10},"end":{"line":159,"column":16}},"24":{"start":{"line":154,"column":40},"end":{"line":154,"column":97}},"25":{"start":{"line":167,"column":30},"end":{"line":190,"column":1}},"26":{"start":{"line":168,"column":2},"end":{"line":189,"column":4}},"27":{"start":{"line":175,"column":30},"end":{"line":175,"column":48}},"28":{"start":{"line":197,"column":22},"end":{"line":235,"column":1}},"29":{"start":{"line":198,"column":2},"end":{"line":234,"column":4}}},"fnMap":{"0":{"name":"LandingPage","decl":{"start":{"line":5,"column":9},"end":{"line":5,"column":20}},"loc":{"start":{"line":5,"column":23},"end":{"line":17,"column":1}},"line":5},"1":{"name":"(anonymous_1)","decl":{"start":{"line":20,"column":34},"end":{"line":20,"column":35}},"loc":{"start":{"line":20,"column":66},"end":{"line":26,"column":1}},"line":20},"2":{"name":"Appbar","decl":{"start":{"line":28,"column":16},"end":{"line":28,"column":22}},"loc":{"start":{"line":28,"column":46},"end":{"line":107,"column":1}},"line":28},"3":{"name":"(anonymous_3)","decl":{"start":{"line":31,"column":12},"end":{"line":31,"column":13}},"loc":{"start":{"line":31,"column":18},"end":{"line":41,"column":3}},"line":31},"4":{"name":"(anonymous_4)","decl":{"start":{"line":32,"column":25},"end":{"line":32,"column":26}},"loc":{"start":{"line":32,"column":31},"end":{"line":34,"column":5}},"line":32},"5":{"name":"(anonymous_5)","decl":{"start":{"line":38,"column":11},"end":{"line":38,"column":12}},"loc":{"start":{"line":38,"column":17},"end":{"line":40,"column":5}},"line":38},"6":{"name":"(anonymous_6)","decl":{"start":{"line":61,"column":19},"end":{"line":61,"column":20}},"loc":{"start":{"line":61,"column":25},"end":{"line":61,"column":86}},"line":61},"7":{"name":"(anonymous_7)","decl":{"start":{"line":67,"column":19},"end":{"line":67,"column":20}},"loc":{"start":{"line":67,"column":25},"end":{"line":67,"column":84}},"line":67},"8":{"name":"(anonymous_8)","decl":{"start":{"line":89,"column":19},"end":{"line":89,"column":20}},"loc":{"start":{"line":89,"column":25},"end":{"line":89,"column":43}},"line":89},"9":{"name":"(anonymous_9)","decl":{"start":{"line":97,"column":19},"end":{"line":97,"column":20}},"loc":{"start":{"line":97,"column":25},"end":{"line":97,"column":43}},"line":97},"10":{"name":"AppointmentSection","decl":{"start":{"line":109,"column":16},"end":{"line":109,"column":34}},"loc":{"start":{"line":109,"column":58},"end":{"line":133,"column":1}},"line":109},"11":{"name":"(anonymous_11)","decl":{"start":{"line":121,"column":27},"end":{"line":121,"column":28}},"loc":{"start":{"line":121,"column":33},"end":{"line":121,"column":90}},"line":121},"12":{"name":"SpecialitySection","decl":{"start":{"line":136,"column":16},"end":{"line":136,"column":33}},"loc":{"start":{"line":136,"column":57},"end":{"line":164,"column":1}},"line":136},"13":{"name":"(anonymous_13)","decl":{"start":{"line":153,"column":26},"end":{"line":153,"column":27}},"loc":{"start":{"line":154,"column":10},"end":{"line":159,"column":16}},"line":154},"14":{"name":"(anonymous_14)","decl":{"start":{"line":154,"column":36},"end":{"line":154,"column":37}},"loc":{"start":{"line":154,"column":40},"end":{"line":154,"column":97}},"line":154},"15":{"name":"(anonymous_15)","decl":{"start":{"line":167,"column":30},"end":{"line":167,"column":31}},"loc":{"start":{"line":167,"column":57},"end":{"line":190,"column":1}},"line":167},"16":{"name":"(anonymous_16)","decl":{"start":{"line":175,"column":25},"end":{"line":175,"column":26}},"loc":{"start":{"line":175,"column":29},"end":{"line":175,"column":49}},"line":175},"17":{"name":"(anonymous_17)","decl":{"start":{"line":197,"column":22},"end":{"line":197,"column":23}},"loc":{"start":{"line":197,"column":28},"end":{"line":235,"column":1}},"line":197}},"branchMap":{"0":{"loc":{"start":{"line":21,"column":2},"end":{"line":25,"column":3}},"type":"if","locations":[{"start":{"line":21,"column":2},"end":{"line":25,"column":3}},{"start":{"line":23,"column":9},"end":{"line":25,"column":3}}],"line":21},"1":{"loc":{"start":{"line":46,"column":8},"end":{"line":46,"column":68}},"type":"cond-expr","locations":[{"start":{"line":46,"column":21},"end":{"line":46,"column":63}},{"start":{"line":46,"column":66},"end":{"line":46,"column":68}}],"line":46},"2":{"loc":{"start":{"line":91,"column":12},"end":{"line":91,"column":60}},"type":"cond-expr","locations":[{"start":{"line":91,"column":25},"end":{"line":91,"column":55}},{"start":{"line":91,"column":58},"end":{"line":91,"column":60}}],"line":91},"3":{"loc":{"start":{"line":99,"column":12},"end":{"line":99,"column":60}},"type":"cond-expr","locations":[{"start":{"line":99,"column":25},"end":{"line":99,"column":55}},{"start":{"line":99,"column":58},"end":{"line":99,"column":60}}],"line":99}},"s":{"0":1,"1":1,"2":1,"3":5,"4":2,"5":2,"6":0,"7":4,"8":4,"9":4,"10":0,"11":4,"12":4,"13":4,"14":4,"15":1,"16":0,"17":0,"18":1,"19":3,"20":0,"21":3,"22":3,"23":18,"24":1,"25":5,"26":3,"27":1,"28":5,"29":21},"f":{"0":1,"1":2,"2":4,"3":4,"4":0,"5":4,"6":1,"7":0,"8":0,"9":1,"10":3,"11":0,"12":3,"13":18,"14":1,"15":3,"16":1,"17":21},"b":{"0":[2,0],"1":[0,4],"2":[0,4],"3":[0,4]},"_coverageSchema":"1a1c01bbd47fc00a2c39e90264f33305004495a9","hash":"105252ae5b5af195ae3e44b31fb6193159e0d31e"}
,"C:\\Users\\Shail\\Desktop\\Sem5\\IT_Project\\IT314-G34---Healthcare-Provider-Comparison-Platform\\HealNexus\\Frontend\\pages\\admin\\AdminDashBoard.jsx": {"path":"C:\\Users\\Shail\\Desktop\\Sem5\\IT_Project\\IT314-G34---Healthcare-Provider-Comparison-Platform\\HealNexus\\Frontend\\pages\\admin\\AdminDashBoard.jsx","statementMap":{"0":{"start":{"line":8,"column":23},"end":{"line":126,"column":1}},"1":{"start":{"line":9,"column":46},"end":{"line":9,"column":58}},"2":{"start":{"line":10,"column":50},"end":{"line":10,"column":62}},"3":{"start":{"line":12,"column":4},"end":{"line":29,"column":11}},"4":{"start":{"line":13,"column":35},"end":{"line":26,"column":9}},"5":{"start":{"line":14,"column":12},"end":{"line":25,"column":13}},"6":{"start":{"line":15,"column":33},"end":{"line":17,"column":18}},"7":{"start":{"line":19,"column":16},"end":{"line":22,"column":17}},"8":{"start":{"line":20,"column":20},"end":{"line":20,"column":66}},"9":{"start":{"line":21,"column":20},"end":{"line":21,"column":75}},"10":{"start":{"line":24,"column":16},"end":{"line":24,"column":73}},"11":{"start":{"line":28,"column":8},"end":{"line":28,"column":29}},"12":{"start":{"line":32,"column":35},"end":{"line":32,"column":56}},"13":{"start":{"line":33,"column":23},"end":{"line":33,"column":107}},"14":{"start":{"line":34,"column":26},"end":{"line":34,"column":57}},"15":{"start":{"line":35,"column":8},"end":{"line":35,"column":45}},"16":{"start":{"line":38,"column":4},"end":{"line":125,"column":6}},"17":{"start":{"line":110,"column":36},"end":{"line":117,"column":42}}},"fnMap":{"0":{"name":"(anonymous_0)","decl":{"start":{"line":8,"column":23},"end":{"line":8,"column":24}},"loc":{"start":{"line":8,"column":29},"end":{"line":126,"column":1}},"line":8},"1":{"name":"(anonymous_1)","decl":{"start":{"line":12,"column":14},"end":{"line":12,"column":15}},"loc":{"start":{"line":12,"column":20},"end":{"line":29,"column":5}},"line":12},"2":{"name":"(anonymous_2)","decl":{"start":{"line":13,"column":35},"end":{"line":13,"column":36}},"loc":{"start":{"line":13,"column":47},"end":{"line":26,"column":9}},"line":13},"3":{"name":"formatDate","decl":{"start":{"line":31,"column":13},"end":{"line":31,"column":23}},"loc":{"start":{"line":31,"column":36},"end":{"line":36,"column":5}},"line":31},"4":{"name":"(anonymous_4)","decl":{"start":{"line":109,"column":65},"end":{"line":109,"column":66}},"loc":{"start":{"line":110,"column":36},"end":{"line":117,"column":42}},"line":110}},"branchMap":{"0":{"loc":{"start":{"line":19,"column":16},"end":{"line":22,"column":17}},"type":"if","locations":[{"start":{"line":19,"column":16},"end":{"line":22,"column":17}},{"start":{},"end":{}}],"line":19},"1":{"loc":{"start":{"line":43,"column":17},"end":{"line":122,"column":17}},"type":"binary-expr","locations":[{"start":{"line":43,"column":17},"end":{"line":43,"column":30}},{"start":{"line":44,"column":20},"end":{"line":121,"column":26}}],"line":43}},"s":{"0":1,"1":4,"2":4,"3":4,"4":2,"5":2,"6":2,"7":2,"8":2,"9":2,"10":0,"11":2,"12":4,"13":4,"14":4,"15":4,"16":4,"17":4},"f":{"0":4,"1":2,"2":2,"3":4,"4":4},"b":{"0":[2,0],"1":[4,4]},"_coverageSchema":"1a1c01bbd47fc00a2c39e90264f33305004495a9","hash":"d98314579f7a634857ca9f337b5f366c9b5b5cc3"}
,"C:\\Users\\Shail\\Desktop\\Sem5\\IT_Project\\IT314-G34---Healthcare-Provider-Comparison-Platform\\HealNexus\\Frontend\\pages\\admin\\AdminallAppointments.jsx": {"path":"C:\\Users\\Shail\\Desktop\\Sem5\\IT_Project\\IT314-G34---Healthcare-Provider-Comparison-Platform\\HealNexus\\Frontend\\pages\\admin\\AdminallAppointments.jsx","statementMap":{"0":{"start":{"line":6,"column":29},"end":{"line":100,"column":1}},"1":{"start":{"line":7,"column":48},"end":{"line":7,"column":60}},"2":{"start":{"line":9,"column":2},"end":{"line":25,"column":9}},"3":{"start":{"line":10,"column":31},"end":{"line":22,"column":5}},"4":{"start":{"line":11,"column":6},"end":{"line":21,"column":7}},"5":{"start":{"line":12,"column":25},"end":{"line":14,"column":10}},"6":{"start":{"line":16,"column":8},"end":{"line":18,"column":9}},"7":{"start":{"line":17,"column":10},"end":{"line":17,"column":64}},"8":{"start":{"line":20,"column":8},"end":{"line":20,"column":53}},"9":{"start":{"line":24,"column":4},"end":{"line":24,"column":25}},"10":{"start":{"line":28,"column":31},"end":{"line":28,"column":52}},"11":{"start":{"line":29,"column":19},"end":{"line":29,"column":103}},"12":{"start":{"line":30,"column":22},"end":{"line":30,"column":53}},"13":{"start":{"line":31,"column":4},"end":{"line":31,"column":41}},"14":{"start":{"line":35,"column":23},"end":{"line":44,"column":3}},"15":{"start":{"line":36,"column":22},"end":{"line":36,"column":35}},"16":{"start":{"line":37,"column":18},"end":{"line":37,"column":28}},"17":{"start":{"line":38,"column":14},"end":{"line":38,"column":59}},"18":{"start":{"line":39,"column":18},"end":{"line":39,"column":34}},"19":{"start":{"line":40,"column":4},"end":{"line":42,"column":5}},"20":{"start":{"line":41,"column":6},"end":{"line":41,"column":12}},"21":{"start":{"line":43,"column":4},"end":{"line":43,"column":15}},"22":{"start":{"line":46,"column":2},"end":{"line":99,"column":4}},"23":{"start":{"line":66,"column":12},"end":{"line":90,"column":18}}},"fnMap":{"0":{"name":"(anonymous_0)","decl":{"start":{"line":6,"column":29},"end":{"line":6,"column":30}},"loc":{"start":{"line":6,"column":35},"end":{"line":100,"column":1}},"line":6},"1":{"name":"(anonymous_1)","decl":{"start":{"line":9,"column":12},"end":{"line":9,"column":13}},"loc":{"start":{"line":9,"column":18},"end":{"line":25,"column":3}},"line":9},"2":{"name":"(anonymous_2)","decl":{"start":{"line":10,"column":31},"end":{"line":10,"column":32}},"loc":{"start":{"line":10,"column":43},"end":{"line":22,"column":5}},"line":10},"3":{"name":"formatDate","decl":{"start":{"line":27,"column":11},"end":{"line":27,"column":21}},"loc":{"start":{"line":27,"column":34},"end":{"line":32,"column":3}},"line":27},"4":{"name":"(anonymous_4)","decl":{"start":{"line":35,"column":23},"end":{"line":35,"column":24}},"loc":{"start":{"line":35,"column":32},"end":{"line":44,"column":3}},"line":35},"5":{"name":"(anonymous_5)","decl":{"start":{"line":65,"column":30},"end":{"line":65,"column":31}},"loc":{"start":{"line":66,"column":12},"end":{"line":90,"column":18}},"line":66}},"branchMap":{"0":{"loc":{"start":{"line":16,"column":8},"end":{"line":18,"column":9}},"type":"if","locations":[{"start":{"line":16,"column":8},"end":{"line":18,"column":9}},{"start":{},"end":{}}],"line":16},"1":{"loc":{"start":{"line":40,"column":4},"end":{"line":42,"column":5}},"type":"if","locations":[{"start":{"line":40,"column":4},"end":{"line":42,"column":5}},{"start":{},"end":{}}],"line":40},"2":{"loc":{"start":{"line":40,"column":8},"end":{"line":40,"column":113}},"type":"binary-expr","locations":[{"start":{"line":40,"column":8},"end":{"line":40,"column":36}},{"start":{"line":40,"column":41},"end":{"line":40,"column":71}},{"start":{"line":40,"column":75},"end":{"line":40,"column":112}}],"line":40},"3":{"loc":{"start":{"line":64,"column":9},"end":{"line":94,"column":9}},"type":"cond-expr","locations":[{"start":{"line":65,"column":10},"end":{"line":91,"column":12}},{"start":{"line":93,"column":10},"end":{"line":93,"column":72}}],"line":64},"4":{"loc":{"start":{"line":64,"column":9},"end":{"line":64,"column":54}},"type":"binary-expr","locations":[{"start":{"line":64,"column":9},"end":{"line":64,"column":24}},{"start":{"line":64,"column":28},"end":{"line":64,"column":54}}],"line":64},"5":{"loc":{"start":{"line":72,"column":17},"end":{"line":77,"column":17}},"type":"binary-expr","locations":[{"start":{"line":72,"column":17},"end":{"line":72,"column":33}},{"start":{"line":73,"column":18},"end":{"line":76,"column":21}}],"line":72},"6":{"loc":{"start":{"line":74,"column":59},"end":{"line":74,"column":91}},"type":"binary-expr","locations":[{"start":{"line":74,"column":59},"end":{"line":74,"column":76}},{"start":{"line":74,"column":80},"end":{"line":74,"column":91}}],"line":74},"7":{"loc":{"start":{"line":79,"column":18},"end":{"line":79,"column":57}},"type":"cond-expr","locations":[{"start":{"line":79,"column":34},"end":{"line":79,"column":49}},{"start":{"line":79,"column":52},"end":{"line":79,"column":57}}],"line":79},"8":{"loc":{"start":{"line":82,"column":17},"end":{"line":87,"column":17}},"type":"binary-expr","locations":[{"start":{"line":82,"column":17},"end":{"line":82,"column":32}},{"start":{"line":83,"column":18},"end":{"line":86,"column":21}}],"line":82},"9":{"loc":{"start":{"line":84,"column":59},"end":{"line":84,"column":90}},"type":"binary-expr","locations":[{"start":{"line":84,"column":59},"end":{"line":84,"column":75}},{"start":{"line":84,"column":79},"end":{"line":84,"column":90}}],"line":84},"10":{"loc":{"start":{"line":89,"column":18},"end":{"line":89,"column":61}},"type":"cond-expr","locations":[{"start":{"line":89,"column":36},"end":{"line":89,"column":53}},{"start":{"line":89,"column":56},"end":{"line":89,"column":61}}],"line":89}},"s":{"0":1,"1":8,"2":7,"3":5,"4":5,"5":5,"6":4,"7":4,"8":1,"9":5,"10":2,"11":2,"12":2,"13":2,"14":7,"15":0,"16":0,"17":0,"18":0,"19":0,"20":0,"21":0,"22":7,"23":2},"f":{"0":8,"1":5,"2":5,"3":2,"4":0,"5":2},"b":{"0":[4,0],"1":[0,0],"2":[0,0,0],"3":[1,6],"4":[7,7],"5":[2,2],"6":[2,0],"7":[0,2],"8":[2,2],"9":[2,0],"10":[2,0]},"_coverageSchema":"1a1c01bbd47fc00a2c39e90264f33305004495a9","hash":"8079fa55514fa3e95f08f828ca6123ca00240308"}
,"C:\\Users\\Shail\\Desktop\\Sem5\\IT_Project\\IT314-G34---Healthcare-Provider-Comparison-Platform\\HealNexus\\Frontend\\pages\\admin\\DoctorsList.jsx": {"path":"C:\\Users\\Shail\\Desktop\\Sem5\\IT_Project\\IT314-G34---Healthcare-Provider-Comparison-Platform\\HealNexus\\Frontend\\pages\\admin\\DoctorsList.jsx","statementMap":{"0":{"start":{"line":6,"column":20},"end":{"line":78,"column":1}},"1":{"start":{"line":7,"column":48},"end":{"line":7,"column":60}},"2":{"start":{"line":9,"column":2},"end":{"line":40,"column":9}},"3":{"start":{"line":10,"column":28},"end":{"line":37,"column":5}},"4":{"start":{"line":11,"column":6},"end":{"line":36,"column":7}},"5":{"start":{"line":12,"column":25},"end":{"line":14,"column":10}},"6":{"start":{"line":16,"column":8},"end":{"line":32,"column":9}},"7":{"start":{"line":17,"column":29},"end":{"line":17,"column":53}},"8":{"start":{"line":18,"column":36},"end":{"line":29,"column":12}},"9":{"start":{"line":19,"column":28},"end":{"line":19,"column":42}},"10":{"start":{"line":21,"column":35},"end":{"line":23,"column":17}},"11":{"start":{"line":22,"column":48},"end":{"line":22,"column":60}},"12":{"start":{"line":25,"column":12},"end":{"line":28,"column":14}},"13":{"start":{"line":31,"column":10},"end":{"line":31,"column":48}},"14":{"start":{"line":35,"column":8},"end":{"line":35,"column":59}},"15":{"start":{"line":39,"column":4},"end":{"line":39,"column":22}},"16":{"start":{"line":42,"column":2},"end":{"line":44,"column":3}},"17":{"start":{"line":43,"column":4},"end":{"line":43,"column":53}},"18":{"start":{"line":46,"column":2},"end":{"line":77,"column":4}},"19":{"start":{"line":55,"column":14},"end":{"line":71,"column":20}}},"fnMap":{"0":{"name":"(anonymous_0)","decl":{"start":{"line":6,"column":20},"end":{"line":6,"column":21}},"loc":{"start":{"line":6,"column":26},"end":{"line":78,"column":1}},"line":6},"1":{"name":"(anonymous_1)","decl":{"start":{"line":9,"column":12},"end":{"line":9,"column":13}},"loc":{"start":{"line":9,"column":18},"end":{"line":40,"column":3}},"line":9},"2":{"name":"(anonymous_2)","decl":{"start":{"line":10,"column":28},"end":{"line":10,"column":29}},"loc":{"start":{"line":10,"column":40},"end":{"line":37,"column":5}},"line":10},"3":{"name":"(anonymous_3)","decl":{"start":{"line":18,"column":51},"end":{"line":18,"column":52}},"loc":{"start":{"line":18,"column":63},"end":{"line":29,"column":11}},"line":18},"4":{"name":"(anonymous_4)","decl":{"start":{"line":22,"column":31},"end":{"line":22,"column":32}},"loc":{"start":{"line":22,"column":48},"end":{"line":22,"column":60}},"line":22},"5":{"name":"(anonymous_5)","decl":{"start":{"line":54,"column":63},"end":{"line":54,"column":64}},"loc":{"start":{"line":55,"column":14},"end":{"line":71,"column":20}},"line":55}},"branchMap":{"0":{"loc":{"start":{"line":16,"column":8},"end":{"line":32,"column":9}},"type":"if","locations":[{"start":{"line":16,"column":8},"end":{"line":32,"column":9}},{"start":{},"end":{}}],"line":16},"1":{"loc":{"start":{"line":21,"column":35},"end":{"line":23,"column":17}},"type":"cond-expr","locations":[{"start":{"line":22,"column":16},"end":{"line":22,"column":81}},{"start":{"line":23,"column":16},"end":{"line":23,"column":17}}],"line":21},"2":{"loc":{"start":{"line":42,"column":2},"end":{"line":44,"column":3}},"type":"if","locations":[{"start":{"line":42,"column":2},"end":{"line":44,"column":3}},{"start":{},"end":{}}],"line":42},"3":{"loc":{"start":{"line":42,"column":6},"end":{"line":42,"column":54}},"type":"binary-expr","locations":[{"start":{"line":42,"column":6},"end":{"line":42,"column":22}},{"start":{"line":42,"column":26},"end":{"line":42,"column":54}}],"line":42},"4":{"loc":{"start":{"line":54,"column":13},"end":{"line":72,"column":14}},"type":"binary-expr","locations":[{"start":{"line":54,"column":13},"end":{"line":54,"column":39}},{"start":{"line":54,"column":43},"end":{"line":72,"column":14}}],"line":54}},"s":{"0":1,"1":4,"2":4,"3":2,"4":2,"5":2,"6":2,"7":2,"8":2,"9":4,"10":4,"11":0,"12":4,"13":2,"14":0,"15":2,"16":4,"17":2,"18":2,"19":4},"f":{"0":4,"1":2,"2":2,"3":4,"4":0,"5":4},"b":{"0":[2,0],"1":[0,4],"2":[2,2],"3":[4,4],"4":[2,2]},"_coverageSchema":"1a1c01bbd47fc00a2c39e90264f33305004495a9","hash":"2070fde81b1636be3de1804d65ef178ad953707d"}
,"C:\\Users\\Shail\\Desktop\\Sem5\\IT_Project\\IT314-G34---Healthcare-Provider-Comparison-Platform\\HealNexus\\Frontend\\pages\\admin\\VerifyDoctor.jsx": {"path":"C:\\Users\\Shail\\Desktop\\Sem5\\IT_Project\\IT314-G34---Healthcare-Provider-Comparison-Platform\\HealNexus\\Frontend\\pages\\admin\\VerifyDoctor.jsx","statementMap":{"0":{"start":{"line":6,"column":25},"end":{"line":163,"column":1}},"1":{"start":{"line":7,"column":52},"end":{"line":7,"column":64}},"2":{"start":{"line":8,"column":46},"end":{"line":8,"column":60}},"3":{"start":{"line":10,"column":2},"end":{"line":26,"column":9}},"4":{"start":{"line":11,"column":28},"end":{"line":23,"column":5}},"5":{"start":{"line":12,"column":6},"end":{"line":22,"column":7}},"6":{"start":{"line":13,"column":25},"end":{"line":15,"column":10}},"7":{"start":{"line":16,"column":8},"end":{"line":19,"column":9}},"8":{"start":{"line":17,"column":10},"end":{"line":17,"column":48}},"9":{"start":{"line":18,"column":10},"end":{"line":18,"column":63}},"10":{"start":{"line":21,"column":8},"end":{"line":21,"column":67}},"11":{"start":{"line":25,"column":4},"end":{"line":25,"column":22}},"12":{"start":{"line":28,"column":28},"end":{"line":30,"column":3}},"13":{"start":{"line":29,"column":4},"end":{"line":29,"column":30}},"14":{"start":{"line":32,"column":23},"end":{"line":34,"column":3}},"15":{"start":{"line":33,"column":4},"end":{"line":33,"column":28}},"16":{"start":{"line":36,"column":23},"end":{"line":51,"column":3}},"17":{"start":{"line":37,"column":4},"end":{"line":50,"column":5}},"18":{"start":{"line":38,"column":23},"end":{"line":40,"column":8}},"19":{"start":{"line":42,"column":6},"end":{"line":47,"column":7}},"20":{"start":{"line":43,"column":8},"end":{"line":45,"column":10}},"21":{"start":{"line":44,"column":10},"end":{"line":44,"column":54}},"22":{"start":{"line":44,"column":31},"end":{"line":44,"column":53}},"23":{"start":{"line":46,"column":8},"end":{"line":46,"column":23}},"24":{"start":{"line":49,"column":6},"end":{"line":49,"column":54}},"25":{"start":{"line":53,"column":23},"end":{"line":68,"column":3}},"26":{"start":{"line":54,"column":4},"end":{"line":67,"column":5}},"27":{"start":{"line":55,"column":23},"end":{"line":57,"column":8}},"28":{"start":{"line":59,"column":6},"end":{"line":64,"column":7}},"29":{"start":{"line":60,"column":8},"end":{"line":62,"column":10}},"30":{"start":{"line":61,"column":10},"end":{"line":61,"column":54}},"31":{"start":{"line":61,"column":31},"end":{"line":61,"column":53}},"32":{"start":{"line":63,"column":8},"end":{"line":63,"column":23}},"33":{"start":{"line":66,"column":6},"end":{"line":66,"column":54}},"34":{"start":{"line":70,"column":2},"end":{"line":120,"column":3}},"35":{"start":{"line":71,"column":4},"end":{"line":119,"column":6}},"36":{"start":{"line":98,"column":33},"end":{"line":98,"column":61}},"37":{"start":{"line":104,"column":33},"end":{"line":104,"column":61}},"38":{"start":{"line":122,"column":2},"end":{"line":162,"column":4}},"39":{"start":{"line":132,"column":16},"end":{"line":153,"column":22}},"40":{"start":{"line":147,"column":39},"end":{"line":147,"column":62}}},"fnMap":{"0":{"name":"(anonymous_0)","decl":{"start":{"line":6,"column":25},"end":{"line":6,"column":26}},"loc":{"start":{"line":6,"column":31},"end":{"line":163,"column":1}},"line":6},"1":{"name":"(anonymous_1)","decl":{"start":{"line":10,"column":12},"end":{"line":10,"column":13}},"loc":{"start":{"line":10,"column":18},"end":{"line":26,"column":3}},"line":10},"2":{"name":"(anonymous_2)","decl":{"start":{"line":11,"column":28},"end":{"line":11,"column":29}},"loc":{"start":{"line":11,"column":40},"end":{"line":23,"column":5}},"line":11},"3":{"name":"(anonymous_3)","decl":{"start":{"line":28,"column":28},"end":{"line":28,"column":29}},"loc":{"start":{"line":28,"column":40},"end":{"line":30,"column":3}},"line":28},"4":{"name":"(anonymous_4)","decl":{"start":{"line":32,"column":23},"end":{"line":32,"column":24}},"loc":{"start":{"line":32,"column":29},"end":{"line":34,"column":3}},"line":32},"5":{"name":"(anonymous_5)","decl":{"start":{"line":36,"column":23},"end":{"line":36,"column":24}},"loc":{"start":{"line":36,"column":41},"end":{"line":51,"column":3}},"line":36},"6":{"name":"(anonymous_6)","decl":{"start":{"line":43,"column":29},"end":{"line":43,"column":30}},"loc":{"start":{"line":44,"column":10},"end":{"line":44,"column":54}},"line":44},"7":{"name":"(anonymous_7)","decl":{"start":{"line":44,"column":22},"end":{"line":44,"column":23}},"loc":{"start":{"line":44,"column":31},"end":{"line":44,"column":53}},"line":44},"8":{"name":"(anonymous_8)","decl":{"start":{"line":53,"column":23},"end":{"line":53,"column":24}},"loc":{"start":{"line":53,"column":41},"end":{"line":68,"column":3}},"line":53},"9":{"name":"(anonymous_9)","decl":{"start":{"line":60,"column":29},"end":{"line":60,"column":30}},"loc":{"start":{"line":61,"column":10},"end":{"line":61,"column":54}},"line":61},"10":{"name":"(anonymous_10)","decl":{"start":{"line":61,"column":22},"end":{"line":61,"column":23}},"loc":{"start":{"line":61,"column":31},"end":{"line":61,"column":53}},"line":61},"11":{"name":"(anonymous_11)","decl":{"start":{"line":98,"column":27},"end":{"line":98,"column":28}},"loc":{"start":{"line":98,"column":33},"end":{"line":98,"column":61}},"line":98},"12":{"name":"(anonymous_12)","decl":{"start":{"line":104,"column":27},"end":{"line":104,"column":28}},"loc":{"start":{"line":104,"column":33},"end":{"line":104,"column":61}},"line":104},"13":{"name":"(anonymous_13)","decl":{"start":{"line":131,"column":36},"end":{"line":131,"column":37}},"loc":{"start":{"line":132,"column":16},"end":{"line":153,"column":22}},"line":132},"14":{"name":"(anonymous_14)","decl":{"start":{"line":147,"column":33},"end":{"line":147,"column":34}},"loc":{"start":{"line":147,"column":39},"end":{"line":147,"column":62}},"line":147}},"branchMap":{"0":{"loc":{"start":{"line":16,"column":8},"end":{"line":19,"column":9}},"type":"if","locations":[{"start":{"line":16,"column":8},"end":{"line":19,"column":9}},{"start":{},"end":{}}],"line":16},"1":{"loc":{"start":{"line":18,"column":31},"end":{"line":18,"column":61}},"type":"binary-expr","locations":[{"start":{"line":18,"column":31},"end":{"line":18,"column":55}},{"start":{"line":18,"column":59},"end":{"line":18,"column":61}}],"line":18},"2":{"loc":{"start":{"line":42,"column":6},"end":{"line":47,"column":7}},"type":"if","locations":[{"start":{"line":42,"column":6},"end":{"line":47,"column":7}},{"start":{},"end":{}}],"line":42},"3":{"loc":{"start":{"line":59,"column":6},"end":{"line":64,"column":7}},"type":"if","locations":[{"start":{"line":59,"column":6},"end":{"line":64,"column":7}},{"start":{},"end":{}}],"line":59},"4":{"loc":{"start":{"line":70,"column":2},"end":{"line":120,"column":3}},"type":"if","locations":[{"start":{"line":70,"column":2},"end":{"line":120,"column":3}},{"start":{},"end":{}}],"line":70},"5":{"loc":{"start":{"line":130,"column":13},"end":{"line":157,"column":13}},"type":"cond-expr","locations":[{"start":{"line":131,"column":14},"end":{"line":154,"column":16}},{"start":{"line":156,"column":14},"end":{"line":156,"column":49}}],"line":130}},"s":{"0":1,"1":11,"2":11,"3":11,"4":4,"5":4,"6":4,"7":4,"8":4,"9":4,"10":0,"11":4,"12":11,"13":3,"14":11,"15":0,"16":11,"17":1,"18":1,"19":0,"20":0,"21":0,"22":0,"23":0,"24":1,"25":11,"26":1,"27":1,"28":0,"29":0,"30":0,"31":0,"32":0,"33":1,"34":11,"35":3,"36":1,"37":1,"38":8,"39":8,"40":3},"f":{"0":11,"1":4,"2":4,"3":3,"4":0,"5":1,"6":0,"7":0,"8":1,"9":0,"10":0,"11":1,"12":1,"13":8,"14":3},"b":{"0":[4,0],"1":[4,0],"2":[0,0],"3":[0,0],"4":[3,8],"5":[4,4]},"_coverageSchema":"1a1c01bbd47fc00a2c39e90264f33305004495a9","hash":"0cb0e9fd7c44394fca39e0b8c603d74c8df0e2d7"}
,"C:\\Users\\Shail\\Desktop\\Sem5\\IT_Project\\IT314-G34---Healthcare-Provider-Comparison-Platform\\HealNexus\\Frontend\\pages\\doctor\\DoctorAllAppointments.jsx": {"path":"C:\\Users\\Shail\\Desktop\\Sem5\\IT_Project\\IT314-G34---Healthcare-Provider-Comparison-Platform\\HealNexus\\Frontend\\pages\\doctor\\DoctorAllAppointments.jsx","statementMap":{"0":{"start":{"line":7,"column":37},"end":{"line":81,"column":1}},"1":{"start":{"line":8,"column":52},"end":{"line":8,"column":64}},"2":{"start":{"line":10,"column":2},"end":{"line":26,"column":5}},"3":{"start":{"line":11,"column":33},"end":{"line":23,"column":5}},"4":{"start":{"line":12,"column":6},"end":{"line":22,"column":7}},"5":{"start":{"line":13,"column":25},"end":{"line":15,"column":10}},"6":{"start":{"line":17,"column":8},"end":{"line":19,"column":9}},"7":{"start":{"line":18,"column":10},"end":{"line":18,"column":66}},"8":{"start":{"line":21,"column":8},"end":{"line":21,"column":53}},"9":{"start":{"line":25,"column":4},"end":{"line":25,"column":27}},"10":{"start":{"line":29,"column":31},"end":{"line":29,"column":52}},"11":{"start":{"line":30,"column":19},"end":{"line":30,"column":103}},"12":{"start":{"line":31,"column":22},"end":{"line":31,"column":53}},"13":{"start":{"line":32,"column":4},"end":{"line":32,"column":41}},"14":{"start":{"line":35,"column":2},"end":{"line":80,"column":4}},"15":{"start":{"line":54,"column":12},"end":{"line":71,"column":18}}},"fnMap":{"0":{"name":"(anonymous_0)","decl":{"start":{"line":7,"column":37},"end":{"line":7,"column":38}},"loc":{"start":{"line":7,"column":43},"end":{"line":81,"column":1}},"line":7},"1":{"name":"(anonymous_1)","decl":{"start":{"line":10,"column":12},"end":{"line":10,"column":13}},"loc":{"start":{"line":10,"column":18},"end":{"line":26,"column":3}},"line":10},"2":{"name":"(anonymous_2)","decl":{"start":{"line":11,"column":33},"end":{"line":11,"column":34}},"loc":{"start":{"line":11,"column":45},"end":{"line":23,"column":5}},"line":11},"3":{"name":"formatDate","decl":{"start":{"line":28,"column":11},"end":{"line":28,"column":21}},"loc":{"start":{"line":28,"column":34},"end":{"line":33,"column":3}},"line":28},"4":{"name":"(anonymous_4)","decl":{"start":{"line":53,"column":32},"end":{"line":53,"column":33}},"loc":{"start":{"line":54,"column":12},"end":{"line":71,"column":18}},"line":54}},"branchMap":{"0":{"loc":{"start":{"line":17,"column":8},"end":{"line":19,"column":9}},"type":"if","locations":[{"start":{"line":17,"column":8},"end":{"line":19,"column":9}},{"start":{},"end":{}}],"line":17},"1":{"loc":{"start":{"line":52,"column":9},"end":{"line":75,"column":9}},"type":"cond-expr","locations":[{"start":{"line":53,"column":10},"end":{"line":72,"column":12}},{"start":{"line":74,"column":10},"end":{"line":74,"column":72}}],"line":52},"2":{"loc":{"start":{"line":52,"column":9},"end":{"line":52,"column":58}},"type":"binary-expr","locations":[{"start":{"line":52,"column":9},"end":{"line":52,"column":26}},{"start":{"line":52,"column":30},"end":{"line":52,"column":58}}],"line":52},"3":{"loc":{"start":{"line":60,"column":17},"end":{"line":65,"column":17}},"type":"binary-expr","locations":[{"start":{"line":60,"column":17},"end":{"line":60,"column":33}},{"start":{"line":61,"column":18},"end":{"line":64,"column":21}}],"line":60},"4":{"loc":{"start":{"line":62,"column":59},"end":{"line":62,"column":96}},"type":"binary-expr","locations":[{"start":{"line":62,"column":59},"end":{"line":62,"column":81}},{"start":{"line":62,"column":85},"end":{"line":62,"column":96}}],"line":62},"5":{"loc":{"start":{"line":67,"column":18},"end":{"line":67,"column":65}},"type":"cond-expr","locations":[{"start":{"line":67,"column":37},"end":{"line":67,"column":57}},{"start":{"line":67,"column":60},"end":{"line":67,"column":65}}],"line":67},"6":{"loc":{"start":{"line":70,"column":18},"end":{"line":70,"column":82}},"type":"cond-expr","locations":[{"start":{"line":70,"column":41},"end":{"line":70,"column":74}},{"start":{"line":70,"column":77},"end":{"line":70,"column":82}}],"line":70}},"s":{"0":1,"1":3,"2":3,"3":3,"4":3,"5":3,"6":3,"7":0,"8":3,"9":3,"10":0,"11":0,"12":0,"13":0,"14":3,"15":0},"f":{"0":3,"1":3,"2":3,"3":0,"4":0},"b":{"0":[0,0],"1":[0,3],"2":[3,3],"3":[0,0],"4":[0,0],"5":[0,0],"6":[0,0]},"_coverageSchema":"1a1c01bbd47fc00a2c39e90264f33305004495a9","hash":"d3dc6be1b8083ff633944b1424b785533e94b224"}
,"C:\\Users\\Shail\\Desktop\\Sem5\\IT_Project\\IT314-G34---Healthcare-Provider-Comparison-Platform\\HealNexus\\Frontend\\pages\\doctor\\DoctorDashBoard.jsx": {"path":"C:\\Users\\Shail\\Desktop\\Sem5\\IT_Project\\IT314-G34---Healthcare-Provider-Comparison-Platform\\HealNexus\\Frontend\\pages\\doctor\\DoctorDashBoard.jsx","statementMap":{"0":{"start":{"line":7,"column":26},"end":{"line":12,"column":1}},"1":{"start":{"line":8,"column":29},"end":{"line":8,"column":50}},"2":{"start":{"line":9,"column":17},"end":{"line":9,"column":101}},"3":{"start":{"line":10,"column":20},"end":{"line":10,"column":51}},"4":{"start":{"line":11,"column":2},"end":{"line":11,"column":39}},"5":{"start":{"line":14,"column":31},"end":{"line":101,"column":1}},"6":{"start":{"line":15,"column":52},"end":{"line":15,"column":63}},"7":{"start":{"line":16,"column":44},"end":{"line":16,"column":55}},"8":{"start":{"line":17,"column":54},"end":{"line":17,"column":66}},"9":{"start":{"line":19,"column":2},"end":{"line":37,"column":5}},"10":{"start":{"line":20,"column":33},"end":{"line":34,"column":5}},"11":{"start":{"line":21,"column":6},"end":{"line":33,"column":7}},"12":{"start":{"line":22,"column":25},"end":{"line":24,"column":10}},"13":{"start":{"line":26,"column":8},"end":{"line":30,"column":9}},"14":{"start":{"line":27,"column":10},"end":{"line":27,"column":73}},"15":{"start":{"line":28,"column":10},"end":{"line":28,"column":67}},"16":{"start":{"line":29,"column":10},"end":{"line":29,"column":54}},"17":{"start":{"line":32,"column":8},"end":{"line":32,"column":53}},"18":{"start":{"line":36,"column":4},"end":{"line":36,"column":27}},"19":{"start":{"line":40,"column":31},"end":{"line":40,"column":52}},"20":{"start":{"line":41,"column":19},"end":{"line":41,"column":103}},"21":{"start":{"line":42,"column":22},"end":{"line":42,"column":53}},"22":{"start":{"line":43,"column":4},"end":{"line":43,"column":41}},"23":{"start":{"line":46,"column":2},"end":{"line":100,"column":4}},"24":{"start":{"line":86,"column":18},"end":{"line":93,"column":24}}},"fnMap":{"0":{"name":"(anonymous_0)","decl":{"start":{"line":7,"column":26},"end":{"line":7,"column":27}},"loc":{"start":{"line":7,"column":42},"end":{"line":12,"column":1}},"line":7},"1":{"name":"(anonymous_1)","decl":{"start":{"line":14,"column":31},"end":{"line":14,"column":32}},"loc":{"start":{"line":14,"column":37},"end":{"line":101,"column":1}},"line":14},"2":{"name":"(anonymous_2)","decl":{"start":{"line":19,"column":12},"end":{"line":19,"column":13}},"loc":{"start":{"line":19,"column":18},"end":{"line":37,"column":3}},"line":19},"3":{"name":"(anonymous_3)","decl":{"start":{"line":20,"column":33},"end":{"line":20,"column":34}},"loc":{"start":{"line":20,"column":45},"end":{"line":34,"column":5}},"line":20},"4":{"name":"formatDate","decl":{"start":{"line":39,"column":11},"end":{"line":39,"column":21}},"loc":{"start":{"line":39,"column":34},"end":{"line":44,"column":3}},"line":39},"5":{"name":"(anonymous_5)","decl":{"start":{"line":85,"column":52},"end":{"line":85,"column":53}},"loc":{"start":{"line":86,"column":18},"end":{"line":93,"column":24}},"line":86}},"branchMap":{"0":{"loc":{"start":{"line":26,"column":8},"end":{"line":30,"column":9}},"type":"if","locations":[{"start":{"line":26,"column":8},"end":{"line":30,"column":9}},{"start":{},"end":{}}],"line":26}},"s":{"0":1,"1":0,"2":0,"3":0,"4":0,"5":1,"6":1,"7":1,"8":1,"9":1,"10":1,"11":1,"12":1,"13":1,"14":0,"15":0,"16":0,"17":1,"18":1,"19":0,"20":0,"21":0,"22":0,"23":1,"24":0},"f":{"0":0,"1":1,"2":1,"3":1,"4":0,"5":0},"b":{"0":[0,0]},"_coverageSchema":"1a1c01bbd47fc00a2c39e90264f33305004495a9","hash":"4d2973c5069d2017551d4001b2d70d5a47ffab8d"}
}
