TN:
SF:assets\assets.js
FNF:0
FNH:0
DA:17,2
DA:26,2
LF:2
LH:2
BRF:0
BRH:0
end_of_record
TN:
SF:assets\assets_copy.js
FNF:0
FNH:0
LF:0
LH:0
BRF:0
BRH:0
end_of_record
TN:
SF:components\admin\Navbar.jsx
FN:6,(anonymous_0)
FN:9,(anonymous_1)
FNF:2
FNH:2
FNDA:23,(anonymous_0)
FNDA:2,(anonymous_1)
DA:6,4
DA:7,23
DA:9,23
DA:10,2
DA:11,2
DA:15,1
DA:16,1
DA:19,1
DA:23,23
LF:9
LH:9
BRDA:15,0,0,1
BRDA:15,0,1,0
BRF:2
BRH:1
end_of_record
TN:
SF:components\admin\Sidebar.jsx
FN:5,(anonymous_0)
FN:11,(anonymous_1)
FN:15,(anonymous_2)
FN:19,(anonymous_3)
FN:23,(anonymous_4)
FNF:5
FNH:5
FNDA:17,(anonymous_0)
FNDA:17,(anonymous_1)
FNDA:17,(anonymous_2)
FNDA:17,(anonymous_3)
FNDA:17,(anonymous_4)
DA:5,3
DA:7,17
DA:11,17
DA:15,17
DA:19,17
DA:23,17
LF:6
LH:6
BRDA:11,0,0,0
BRDA:11,0,1,17
BRDA:15,1,0,0
BRDA:15,1,1,17
BRDA:19,2,0,0
BRDA:19,2,1,17
BRDA:23,3,0,0
BRDA:23,3,1,17
BRF:8
BRH:4
end_of_record
TN:
SF:components\auth\quote.auth.jsx
FN:1,Quote
FNF:1
FNH:1
FNDA:5,Quote
DA:2,5
LF:1
LH:1
BRF:0
BRH:0
end_of_record
TN:
SF:components\doctor\Navbar.jsx
FN:6,(anonymous_0)
FN:11,(anonymous_1)
FN:12,(anonymous_2)
FN:29,(anonymous_3)
FN:43,(anonymous_4)
FNF:5
FNH:4
FNDA:12,(anonymous_0)
FNDA:11,(anonymous_1)
FNDA:11,(anonymous_2)
FNDA:1,(anonymous_3)
FNDA:0,(anonymous_4)
DA:6,3
DA:7,12
DA:8,12
DA:9,12
DA:11,12
DA:12,11
DA:13,11
DA:14,11
DA:18,6
DA:19,3
DA:22,8
DA:26,11
DA:29,12
DA:30,1
DA:31,1
DA:35,0
DA:36,0
DA:39,1
DA:43,12
DA:44,0
DA:47,12
LF:21
LH:18
BRDA:18,0,0,3
BRDA:18,0,1,0
BRDA:35,1,0,0
BRDA:35,1,1,0
BRDA:80,2,0,12
BRDA:80,2,1,0
BRF:6
BRH:2
end_of_record
TN:
SF:components\doctor\Sidebar.jsx
FN:7,(anonymous_0)
FN:13,(anonymous_1)
FN:17,(anonymous_2)
FNF:3
FNH:3
FNDA:4,(anonymous_0)
FNDA:4,(anonymous_1)
FNDA:4,(anonymous_2)
DA:7,2
DA:9,4
DA:13,4
DA:17,4
LF:4
LH:4
BRDA:13,0,0,0
BRDA:13,0,1,4
BRDA:17,1,0,0
BRDA:17,1,1,4
BRF:4
BRH:2
end_of_record
TN:
SF:pages\AboutUs.jsx
FN:5,(anonymous_0)
FN:6,(anonymous_1)
FNF:2
FNH:2
FNDA:5,(anonymous_0)
FNDA:1,(anonymous_1)
DA:5,1
DA:6,5
DA:7,1
DA:10,5
LF:4
LH:4
BRF:0
BRH:0
end_of_record
TN:
SF:pages\FeedbackForm.jsx
FN:4,(anonymous_0)
FN:8,(anonymous_1)
FN:12,(anonymous_2)
FN:23,(anonymous_3)
FN:27,(anonymous_4)
FN:36,(anonymous_5)
FNF:6
FNH:6
FNDA:5,(anonymous_0)
FNDA:1,(anonymous_1)
FNDA:2,(anonymous_2)
FNDA:25,(anonymous_3)
FNDA:1,(anonymous_4)
FNDA:1,(anonymous_5)
DA:4,1
DA:5,5
DA:6,5
DA:8,5
DA:9,1
DA:12,5
DA:13,2
DA:14,2
DA:17,5
DA:24,25
DA:27,1
DA:36,1
LF:12
LH:12
BRDA:26,0,0,3
BRDA:26,0,1,22
BRF:2
BRH:2
end_of_record
TN:
SF:pages\MyProfile.jsx
FN:7,(anonymous_0)
FN:12,(anonymous_1)
FN:13,(anonymous_2)
FN:30,(anonymous_3)
FN:85,(anonymous_4)
FN:94,(anonymous_5)
FN:104,(anonymous_6)
FN:104,(anonymous_7)
FN:129,(anonymous_8)
FN:129,(anonymous_9)
FN:144,(anonymous_10)
FN:151,(anonymous_11)
FN:152,(anonymous_12)
FN:172,(anonymous_13)
FN:179,(anonymous_14)
FN:180,(anonymous_15)
FN:202,(anonymous_16)
FN:203,(anonymous_17)
FN:213,(anonymous_18)
FN:228,(anonymous_19)
FN:235,(anonymous_20)
FNF:21
FNH:13
FNDA:11,(anonymous_0)
FNDA:2,(anonymous_1)
FNDA:2,(anonymous_2)
FNDA:1,(anonymous_3)
FNDA:0,(anonymous_4)
FNDA:0,(anonymous_5)
FNDA:1,(anonymous_6)
FNDA:1,(anonymous_7)
FNDA:1,(anonymous_8)
FNDA:1,(anonymous_9)
FNDA:30,(anonymous_10)
FNDA:0,(anonymous_11)
FNDA:0,(anonymous_12)
FNDA:18,(anonymous_13)
FNDA:0,(anonymous_14)
FNDA:0,(anonymous_15)
FNDA:0,(anonymous_16)
FNDA:0,(anonymous_17)
FNDA:2,(anonymous_18)
FNDA:1,(anonymous_19)
FNDA:2,(anonymous_20)
DA:7,1
DA:8,11
DA:9,10
DA:10,10
DA:12,10
DA:13,2
DA:14,2
DA:15,2
DA:19,2
DA:20,2
DA:23,0
DA:27,2
DA:30,10
DA:31,1
DA:32,1
DA:34,1
DA:35,1
DA:36,1
DA:37,1
DA:38,1
DA:39,1
DA:40,1
DA:41,1
DA:42,1
DA:43,1
DA:44,1
DA:45,1
DA:46,1
DA:47,0
DA:50,1
DA:54,1
DA:55,1
DA:56,1
DA:57,1
DA:58,1
DA:61,0
DA:65,10
DA:66,10
DA:67,10
DA:69,10
DA:85,0
DA:94,0
DA:104,1
DA:129,1
DA:145,30
DA:152,0
DA:173,18
DA:180,0
DA:203,0
DA:214,2
DA:228,1
DA:235,2
LF:52
LH:44
BRDA:19,0,0,2
BRDA:19,0,1,0
BRDA:46,1,0,0
BRDA:46,1,1,1
BRDA:54,2,0,1
BRDA:54,2,1,0
BRDA:65,3,0,10
BRDA:65,3,1,4
BRDA:66,4,0,10
BRDA:66,4,1,4
BRDA:67,5,0,10
BRDA:67,5,1,4
BRDA:79,6,0,0
BRDA:79,6,1,10
BRDA:82,7,0,10
BRDA:82,7,1,6
BRDA:90,8,0,10
BRDA:90,8,1,6
BRDA:100,9,0,6
BRDA:100,9,1,4
BRDA:121,10,0,10
BRDA:121,10,1,4
BRDA:125,11,0,6
BRDA:125,11,1,4
BRDA:147,12,0,20
BRDA:147,12,1,10
BRDA:175,13,0,12
BRDA:175,13,1,6
BRDA:199,14,0,6
BRDA:199,14,1,4
BRDA:212,15,0,2
BRDA:212,15,1,2
BRDA:226,16,0,6
BRDA:226,16,1,4
BRDA:242,17,0,10
BRDA:242,17,1,6
BRF:36
BRH:32
end_of_record
TN:
SF:pages\OurTeam.jsx
FN:35,(anonymous_0)
FN:58,(anonymous_1)
FN:83,(anonymous_2)
FN:104,(anonymous_3)
FNF:4
FNH:4
FNDA:5,(anonymous_0)
FNDA:50,(anonymous_1)
FNDA:5,(anonymous_2)
FNDA:1,(anonymous_3)
DA:17,1
DA:35,1
DA:36,5
DA:38,5
DA:59,50
DA:83,1
DA:84,5
DA:86,5
DA:104,1
LF:9
LH:9
BRF:0
BRH:0
end_of_record
TN:
SF:pages\dashBoard.jsx
FN:7,(anonymous_0)
FN:10,(anonymous_1)
FN:11,(anonymous_2)
FN:42,Appbar
FN:46,(anonymous_4)
FN:60,(anonymous_5)
FN:98,(anonymous_6)
FN:104,(anonymous_7)
FN:110,(anonymous_8)
FN:116,(anonymous_9)
FN:143,(anonymous_10)
FN:153,HeroSection
FN:180,Services
FN:195,(anonymous_13)
FN:222,SpecialitySection
FN:239,(anonymous_15)
FNF:16
FNH:15
FNDA:9,(anonymous_0)
FNDA:4,(anonymous_1)
FNDA:4,(anonymous_2)
FNDA:20,Appbar
FNDA:1,(anonymous_4)
FNDA:0,(anonymous_5)
FNDA:20,(anonymous_6)
FNDA:20,(anonymous_7)
FNDA:20,(anonymous_8)
FNDA:20,(anonymous_9)
FNDA:1,(anonymous_10)
FNDA:8,HeroSection
FNDA:8,Services
FNDA:32,(anonymous_13)
FNDA:8,SpecialitySection
FNDA:48,(anonymous_15)
DA:7,2
DA:8,9
DA:10,8
DA:11,4
DA:12,4
DA:13,4
DA:17,4
DA:18,4
DA:21,0
DA:25,4
DA:28,8
DA:43,20
DA:44,20
DA:46,20
DA:47,1
DA:48,1
DA:52,1
DA:53,1
DA:56,0
DA:60,20
DA:61,0
DA:62,0
DA:66,0
DA:67,0
DA:70,0
DA:74,20
DA:98,20
DA:104,20
DA:110,20
DA:116,20
DA:143,1
DA:154,8
DA:181,8
DA:188,8
DA:196,32
DA:223,8
DA:232,8
DA:240,48
LF:38
LH:31
BRDA:17,0,0,4
BRDA:17,0,1,0
BRDA:52,1,0,1
BRDA:52,1,1,0
BRDA:66,2,0,0
BRDA:66,2,1,0
BRDA:76,3,0,0
BRDA:76,3,1,20
BRDA:98,4,0,0
BRDA:98,4,1,20
BRDA:104,5,0,0
BRDA:104,5,1,20
BRDA:110,6,0,0
BRDA:110,6,1,20
BRDA:116,7,0,0
BRDA:116,7,1,20
BRDA:127,8,0,0
BRDA:127,8,1,20
BRDA:135,9,0,0
BRDA:135,9,1,20
BRDA:142,10,0,0
BRDA:142,10,1,20
BRDA:162,11,0,8
BRDA:162,11,1,4
BRF:24
BRH:12
end_of_record
TN:
SF:pages\landingPage.jsx
FN:5,LandingPage
FN:20,(anonymous_1)
FN:28,Appbar
FN:31,(anonymous_3)
FN:32,(anonymous_4)
FN:38,(anonymous_5)
FN:61,(anonymous_6)
FN:67,(anonymous_7)
FN:89,(anonymous_8)
FN:97,(anonymous_9)
FN:109,AppointmentSection
FN:121,(anonymous_11)
FN:136,SpecialitySection
FN:153,(anonymous_13)
FN:154,(anonymous_14)
FN:167,(anonymous_15)
FN:175,(anonymous_16)
FN:197,(anonymous_17)
FNF:18
FNH:14
FNDA:1,LandingPage
FNDA:2,(anonymous_1)
FNDA:4,Appbar
FNDA:4,(anonymous_3)
FNDA:0,(anonymous_4)
FNDA:4,(anonymous_5)
FNDA:1,(anonymous_6)
FNDA:0,(anonymous_7)
FNDA:0,(anonymous_8)
FNDA:1,(anonymous_9)
FNDA:3,AppointmentSection
FNDA:0,(anonymous_11)
FNDA:3,SpecialitySection
FNDA:18,(anonymous_13)
FNDA:1,(anonymous_14)
FNDA:3,(anonymous_15)
FNDA:1,(anonymous_16)
FNDA:21,(anonymous_17)
DA:6,1
DA:7,1
DA:8,1
DA:20,5
DA:21,2
DA:22,2
DA:24,0
DA:29,4
DA:31,4
DA:32,4
DA:33,0
DA:36,4
DA:38,4
DA:39,4
DA:43,4
DA:61,1
DA:67,0
DA:89,0
DA:97,1
DA:110,3
DA:121,0
DA:137,3
DA:146,3
DA:154,18
DA:167,5
DA:168,3
DA:175,1
DA:197,5
DA:198,21
LF:29
LH:24
BRDA:21,0,0,2
BRDA:21,0,1,0
BRDA:46,1,0,0
BRDA:46,1,1,4
BRDA:91,2,0,0
BRDA:91,2,1,4
BRDA:99,3,0,0
BRDA:99,3,1,4
BRF:8
BRH:4
end_of_record
TN:
SF:pages\admin\AdminDashBoard.jsx
FN:8,(anonymous_0)
FN:12,(anonymous_1)
FN:13,(anonymous_2)
FN:31,formatDate
FN:109,(anonymous_4)
FNF:5
FNH:5
FNDA:4,(anonymous_0)
FNDA:2,(anonymous_1)
FNDA:2,(anonymous_2)
FNDA:4,formatDate
FNDA:4,(anonymous_4)
DA:8,1
DA:9,4
DA:10,4
DA:12,4
DA:13,2
DA:14,2
DA:15,2
DA:19,2
DA:20,2
DA:21,2
DA:24,0
DA:28,2
DA:32,4
DA:33,4
DA:34,4
DA:35,4
DA:38,4
DA:110,4
LF:18
LH:17
BRDA:19,0,0,2
BRDA:19,0,1,0
BRDA:43,1,0,4
BRDA:43,1,1,4
BRF:4
BRH:3
end_of_record
TN:
SF:pages\admin\AdminallAppointments.jsx
FN:6,(anonymous_0)
FN:9,(anonymous_1)
FN:10,(anonymous_2)
FN:27,formatDate
FN:35,(anonymous_4)
FN:65,(anonymous_5)
FNF:6
FNH:5
FNDA:8,(anonymous_0)
FNDA:5,(anonymous_1)
FNDA:5,(anonymous_2)
FNDA:2,formatDate
FNDA:0,(anonymous_4)
FNDA:2,(anonymous_5)
DA:6,1
DA:7,8
DA:9,7
DA:10,5
DA:11,5
DA:12,5
DA:16,4
DA:17,4
DA:20,1
DA:24,5
DA:28,2
DA:29,2
DA:30,2
DA:31,2
DA:35,7
DA:36,0
DA:37,0
DA:38,0
DA:39,0
DA:40,0
DA:41,0
DA:43,0
DA:46,7
DA:66,2
LF:24
LH:17
BRDA:16,0,0,4
BRDA:16,0,1,0
BRDA:40,1,0,0
BRDA:40,1,1,0
BRDA:40,2,0,0
BRDA:40,2,1,0
BRDA:40,2,2,0
BRDA:64,3,0,1
BRDA:64,3,1,6
BRDA:64,4,0,7
BRDA:64,4,1,7
BRDA:72,5,0,2
BRDA:72,5,1,2
BRDA:74,6,0,2
BRDA:74,6,1,0
BRDA:79,7,0,0
BRDA:79,7,1,2
BRDA:82,8,0,2
BRDA:82,8,1,2
BRDA:84,9,0,2
BRDA:84,9,1,0
BRDA:89,10,0,2
BRDA:89,10,1,0
BRF:23
BRH:13
end_of_record
TN:
SF:pages\admin\DoctorsList.jsx
FN:6,(anonymous_0)
FN:9,(anonymous_1)
FN:10,(anonymous_2)
FN:18,(anonymous_3)
FN:22,(anonymous_4)
FN:54,(anonymous_5)
FNF:6
FNH:5
FNDA:4,(anonymous_0)
FNDA:2,(anonymous_1)
FNDA:2,(anonymous_2)
FNDA:4,(anonymous_3)
FNDA:0,(anonymous_4)
FNDA:4,(anonymous_5)
DA:6,1
DA:7,4
DA:9,4
DA:10,2
DA:11,2
DA:12,2
DA:16,2
DA:17,2
DA:18,2
DA:19,4
DA:21,4
DA:22,0
DA:25,4
DA:31,2
DA:35,0
DA:39,2
DA:42,4
DA:43,2
DA:46,2
DA:55,4
LF:20
LH:18
BRDA:16,0,0,2
BRDA:16,0,1,0
BRDA:21,1,0,0
BRDA:21,1,1,4
BRDA:42,2,0,2
BRDA:42,2,1,2
BRDA:42,3,0,4
BRDA:42,3,1,4
BRDA:54,4,0,2
BRDA:54,4,1,2
BRF:10
BRH:8
end_of_record
TN:
SF:pages\admin\VerifyDoctor.jsx
FN:6,(anonymous_0)
FN:10,(anonymous_1)
FN:11,(anonymous_2)
FN:28,(anonymous_3)
FN:32,(anonymous_4)
FN:36,(anonymous_5)
FN:43,(anonymous_6)
FN:44,(anonymous_7)
FN:53,(anonymous_8)
FN:60,(anonymous_9)
FN:61,(anonymous_10)
FN:98,(anonymous_11)
FN:104,(anonymous_12)
FN:131,(anonymous_13)
FN:147,(anonymous_14)
FNF:15
FNH:10
FNDA:11,(anonymous_0)
FNDA:4,(anonymous_1)
FNDA:4,(anonymous_2)
FNDA:3,(anonymous_3)
FNDA:0,(anonymous_4)
FNDA:1,(anonymous_5)
FNDA:0,(anonymous_6)
FNDA:0,(anonymous_7)
FNDA:1,(anonymous_8)
FNDA:0,(anonymous_9)
FNDA:0,(anonymous_10)
FNDA:1,(anonymous_11)
FNDA:1,(anonymous_12)
FNDA:8,(anonymous_13)
FNDA:3,(anonymous_14)
DA:6,1
DA:7,11
DA:8,11
DA:10,11
DA:11,4
DA:12,4
DA:13,4
DA:16,4
DA:17,4
DA:18,4
DA:21,0
DA:25,4
DA:28,11
DA:29,3
DA:32,11
DA:33,0
DA:36,11
DA:37,1
DA:38,1
DA:42,0
DA:43,0
DA:44,0
DA:46,0
DA:49,1
DA:53,11
DA:54,1
DA:55,1
DA:59,0
DA:60,0
DA:61,0
DA:63,0
DA:66,1
DA:70,11
DA:71,3
DA:98,1
DA:104,1
DA:122,8
DA:132,8
DA:147,3
LF:39
LH:29
BRDA:16,0,0,4
BRDA:16,0,1,0
BRDA:18,1,0,4
BRDA:18,1,1,0
BRDA:42,2,0,0
BRDA:42,2,1,0
BRDA:59,3,0,0
BRDA:59,3,1,0
BRDA:70,4,0,3
BRDA:70,4,1,8
BRDA:130,5,0,4
BRDA:130,5,1,4
BRF:12
BRH:6
end_of_record
TN:
SF:pages\doctor\DoctorAllAppointments.jsx
FN:7,(anonymous_0)
FN:10,(anonymous_1)
FN:11,(anonymous_2)
FN:28,formatDate
FN:53,(anonymous_4)
FNF:5
FNH:3
FNDA:3,(anonymous_0)
FNDA:3,(anonymous_1)
FNDA:3,(anonymous_2)
FNDA:0,formatDate
FNDA:0,(anonymous_4)
DA:7,1
DA:8,3
DA:10,3
DA:11,3
DA:12,3
DA:13,3
DA:17,3
DA:18,0
DA:21,3
DA:25,3
DA:29,0
DA:30,0
DA:31,0
DA:32,0
DA:35,3
DA:54,0
LF:16
LH:10
BRDA:17,0,0,0
BRDA:17,0,1,0
BRDA:52,1,0,0
BRDA:52,1,1,3
BRDA:52,2,0,3
BRDA:52,2,1,3
BRDA:60,3,0,0
BRDA:60,3,1,0
BRDA:62,4,0,0
BRDA:62,4,1,0
BRDA:67,5,0,0
BRDA:67,5,1,0
BRDA:70,6,0,0
BRDA:70,6,1,0
BRF:14
BRH:3
end_of_record
TN:
SF:pages\doctor\DoctorDashBoard.jsx
FN:7,(anonymous_0)
FN:14,(anonymous_1)
FN:19,(anonymous_2)
FN:20,(anonymous_3)
FN:39,formatDate
FN:85,(anonymous_5)
FNF:6
FNH:3
FNDA:0,(anonymous_0)
FNDA:1,(anonymous_1)
FNDA:1,(anonymous_2)
FNDA:1,(anonymous_3)
FNDA:0,formatDate
FNDA:0,(anonymous_5)
DA:7,1
DA:8,0
DA:9,0
DA:10,0
DA:11,0
DA:14,1
DA:15,1
DA:16,1
DA:17,1
DA:19,1
DA:20,1
DA:21,1
DA:22,1
DA:26,1
DA:27,0
DA:28,0
DA:29,0
DA:32,1
DA:36,1
DA:40,0
DA:41,0
DA:42,0
DA:43,0
DA:46,1
DA:86,0
LF:25
LH:13
BRDA:26,0,0,0
BRDA:26,0,1,0
BRF:2
BRH:0
end_of_record
